Start testing: Feb 10 11:13 -03
----------------------------------------------------------
4/64 Testing: ContextTest.LifecycleAndReturnValuePromotion
4/64 Test: ContextTest.LifecycleAndReturnValuePromotion
Command: "/home/gamarino/Documentos/proyectos/protoCore/build/test/proto_tests" "--gtest_filter=ContextTest.LifecycleAndReturnValuePromotion" "--gtest_also_run_disabled_tests"
Directory: /home/gamarino/Documentos/proyectos/protoCore/build/test
"ContextTest.LifecycleAndReturnValuePromotion" start time: Feb 10 11:13 -03
Output:
----------------------------------------------------------
Running main() from /home/gamarino/Documentos/proyectos/protoCore/build/_deps/googletest-src/googletest/src/gtest_main.cc
Note: Google Test filter = ContextTest.LifecycleAndReturnValuePromotion
[==========] Running 1 test from 1 test suite.
[----------] Global test environment set-up.
[----------] 1 test from ContextTest
[ RUN      ] ContextTest.LifecycleAndReturnValuePromotion
[       OK ] ContextTest.LifecycleAndReturnValuePromotion (26 ms)
[----------] 1 test from ContextTest (26 ms total)

[----------] Global test environment tear-down
[==========] 1 test from 1 test suite ran. (26 ms total)
[  PASSED  ] 1 test.
<end of output>
Test time =   0.09 sec
----------------------------------------------------------
Test Passed.
"ContextTest.LifecycleAndReturnValuePromotion" end time: Feb 10 11:13 -03
"ContextTest.LifecycleAndReturnValuePromotion" time elapsed: 00:00:00
----------------------------------------------------------

34/64 Testing: ModuleDiscoveryTest.GetImportModule_CacheHit
34/64 Test: ModuleDiscoveryTest.GetImportModule_CacheHit
Command: "/home/gamarino/Documentos/proyectos/protoCore/build/test/proto_tests" "--gtest_filter=ModuleDiscoveryTest.GetImportModule_CacheHit" "--gtest_also_run_disabled_tests"
Directory: /home/gamarino/Documentos/proyectos/protoCore/build/test
"ModuleDiscoveryTest.GetImportModule_CacheHit" start time: Feb 10 11:13 -03
Output:
----------------------------------------------------------
Running main() from /home/gamarino/Documentos/proyectos/protoCore/build/_deps/googletest-src/googletest/src/gtest_main.cc
Note: Google Test filter = ModuleDiscoveryTest.GetImportModule_CacheHit
[==========] Running 1 test from 1 test suite.
[----------] Global test environment set-up.
[----------] 1 test from ModuleDiscoveryTest
[ RUN      ] ModuleDiscoveryTest.GetImportModule_CacheHit
[       OK ] ModuleDiscoveryTest.GetImportModule_CacheHit (26 ms)
[----------] 1 test from ModuleDiscoveryTest (26 ms total)

[----------] Global test environment tear-down
[==========] 1 test from 1 test suite ran. (26 ms total)
[  PASSED  ] 1 test.
<end of output>
Test time =   0.09 sec
----------------------------------------------------------
Test Passed.
"ModuleDiscoveryTest.GetImportModule_CacheHit" end time: Feb 10 11:13 -03
"ModuleDiscoveryTest.GetImportModule_CacheHit" time elapsed: 00:00:00
----------------------------------------------------------

33/64 Testing: ModuleDiscoveryTest.GetImportModule_ProviderReturnsModule
33/64 Test: ModuleDiscoveryTest.GetImportModule_ProviderReturnsModule
Command: "/home/gamarino/Documentos/proyectos/protoCore/build/test/proto_tests" "--gtest_filter=ModuleDiscoveryTest.GetImportModule_ProviderReturnsModule" "--gtest_also_run_disabled_tests"
Directory: /home/gamarino/Documentos/proyectos/protoCore/build/test
"ModuleDiscoveryTest.GetImportModule_ProviderReturnsModule" start time: Feb 10 11:13 -03
Output:
----------------------------------------------------------
Running main() from /home/gamarino/Documentos/proyectos/protoCore/build/_deps/googletest-src/googletest/src/gtest_main.cc
Note: Google Test filter = ModuleDiscoveryTest.GetImportModule_ProviderReturnsModule
[==========] Running 1 test from 1 test suite.
[----------] Global test environment set-up.
[----------] 1 test from ModuleDiscoveryTest
[ RUN      ] ModuleDiscoveryTest.GetImportModule_ProviderReturnsModule
[       OK ] ModuleDiscoveryTest.GetImportModule_ProviderReturnsModule (36 ms)
[----------] 1 test from ModuleDiscoveryTest (36 ms total)

[----------] Global test environment tear-down
[==========] 1 test from 1 test suite ran. (36 ms total)
[  PASSED  ] 1 test.
<end of output>
Test time =   0.10 sec
----------------------------------------------------------
Test Passed.
"ModuleDiscoveryTest.GetImportModule_ProviderReturnsModule" end time: Feb 10 11:13 -03
"ModuleDiscoveryTest.GetImportModule_ProviderReturnsModule" time elapsed: 00:00:00
----------------------------------------------------------

20/64 Testing: SwarmTest.GetRawPointerIfExternalBuffer
20/64 Test: SwarmTest.GetRawPointerIfExternalBuffer
Command: "/home/gamarino/Documentos/proyectos/protoCore/build/test/proto_tests" "--gtest_filter=SwarmTest.GetRawPointerIfExternalBuffer" "--gtest_also_run_disabled_tests"
Directory: /home/gamarino/Documentos/proyectos/protoCore/build/test
"SwarmTest.GetRawPointerIfExternalBuffer" start time: Feb 10 11:13 -03
Output:
----------------------------------------------------------
Running main() from /home/gamarino/Documentos/proyectos/protoCore/build/_deps/googletest-src/googletest/src/gtest_main.cc
Note: Google Test filter = SwarmTest.GetRawPointerIfExternalBuffer
[==========] Running 1 test from 1 test suite.
[----------] Global test environment set-up.
[----------] 1 test from SwarmTest
[ RUN      ] SwarmTest.GetRawPointerIfExternalBuffer
[       OK ] SwarmTest.GetRawPointerIfExternalBuffer (30 ms)
[----------] 1 test from SwarmTest (30 ms total)

[----------] Global test environment tear-down
[==========] 1 test from 1 test suite ran. (31 ms total)
[  PASSED  ] 1 test.
<end of output>
Test time =   0.10 sec
----------------------------------------------------------
Test Passed.
"SwarmTest.GetRawPointerIfExternalBuffer" end time: Feb 10 11:13 -03
"SwarmTest.GetRawPointerIfExternalBuffer" time elapsed: 00:00:00
----------------------------------------------------------

31/64 Testing: ModuleDiscoveryTest.ResolutionChain_FirstEntryIsDotOnUnix
31/64 Test: ModuleDiscoveryTest.ResolutionChain_FirstEntryIsDotOnUnix
Command: "/home/gamarino/Documentos/proyectos/protoCore/build/test/proto_tests" "--gtest_filter=ModuleDiscoveryTest.ResolutionChain_FirstEntryIsDotOnUnix" "--gtest_also_run_disabled_tests"
Directory: /home/gamarino/Documentos/proyectos/protoCore/build/test
"ModuleDiscoveryTest.ResolutionChain_FirstEntryIsDotOnUnix" start time: Feb 10 11:13 -03
Output:
----------------------------------------------------------
Running main() from /home/gamarino/Documentos/proyectos/protoCore/build/_deps/googletest-src/googletest/src/gtest_main.cc
Note: Google Test filter = ModuleDiscoveryTest.ResolutionChain_FirstEntryIsDotOnUnix
[==========] Running 1 test from 1 test suite.
[----------] Global test environment set-up.
[----------] 1 test from ModuleDiscoveryTest
[ RUN      ] ModuleDiscoveryTest.ResolutionChain_FirstEntryIsDotOnUnix
[       OK ] ModuleDiscoveryTest.ResolutionChain_FirstEntryIsDotOnUnix (32 ms)
[----------] 1 test from ModuleDiscoveryTest (33 ms total)

[----------] Global test environment tear-down
[==========] 1 test from 1 test suite ran. (33 ms total)
[  PASSED  ] 1 test.
<end of output>
Test time =   0.11 sec
----------------------------------------------------------
Test Passed.
"ModuleDiscoveryTest.ResolutionChain_FirstEntryIsDotOnUnix" end time: Feb 10 11:13 -03
"ModuleDiscoveryTest.ResolutionChain_FirstEntryIsDotOnUnix" time elapsed: 00:00:00
----------------------------------------------------------

26/64 Testing: ModuleDiscoveryTest.ProviderRegistry_RegisterAndFindByAlias
26/64 Test: ModuleDiscoveryTest.ProviderRegistry_RegisterAndFindByAlias
Command: "/home/gamarino/Documentos/proyectos/protoCore/build/test/proto_tests" "--gtest_filter=ModuleDiscoveryTest.ProviderRegistry_RegisterAndFindByAlias" "--gtest_also_run_disabled_tests"
Directory: /home/gamarino/Documentos/proyectos/protoCore/build/test
"ModuleDiscoveryTest.ProviderRegistry_RegisterAndFindByAlias" start time: Feb 10 11:13 -03
Output:
----------------------------------------------------------
Running main() from /home/gamarino/Documentos/proyectos/protoCore/build/_deps/googletest-src/googletest/src/gtest_main.cc
Note: Google Test filter = ModuleDiscoveryTest.ProviderRegistry_RegisterAndFindByAlias
[==========] Running 1 test from 1 test suite.
[----------] Global test environment set-up.
[----------] 1 test from ModuleDiscoveryTest
[ RUN      ] ModuleDiscoveryTest.ProviderRegistry_RegisterAndFindByAlias
[       OK ] ModuleDiscoveryTest.ProviderRegistry_RegisterAndFindByAlias (31 ms)
[----------] 1 test from ModuleDiscoveryTest (31 ms total)

[----------] Global test environment tear-down
[==========] 1 test from 1 test suite ran. (32 ms total)
[  PASSED  ] 1 test.
<end of output>
Test time =   0.11 sec
----------------------------------------------------------
Test Passed.
"ModuleDiscoveryTest.ProviderRegistry_RegisterAndFindByAlias" end time: Feb 10 11:13 -03
"ModuleDiscoveryTest.ProviderRegistry_RegisterAndFindByAlias" time elapsed: 00:00:00
----------------------------------------------------------

28/64 Testing: ModuleDiscoveryTest.ProviderRegistry_GetProviderForSpec_Alias
28/64 Test: ModuleDiscoveryTest.ProviderRegistry_GetProviderForSpec_Alias
Command: "/home/gamarino/Documentos/proyectos/protoCore/build/test/proto_tests" "--gtest_filter=ModuleDiscoveryTest.ProviderRegistry_GetProviderForSpec_Alias" "--gtest_also_run_disabled_tests"
Directory: /home/gamarino/Documentos/proyectos/protoCore/build/test
"ModuleDiscoveryTest.ProviderRegistry_GetProviderForSpec_Alias" start time: Feb 10 11:13 -03
Output:
----------------------------------------------------------
Running main() from /home/gamarino/Documentos/proyectos/protoCore/build/_deps/googletest-src/googletest/src/gtest_main.cc
Note: Google Test filter = ModuleDiscoveryTest.ProviderRegistry_GetProviderForSpec_Alias
[==========] Running 1 test from 1 test suite.
[----------] Global test environment set-up.
[----------] 1 test from ModuleDiscoveryTest
[ RUN      ] ModuleDiscoveryTest.ProviderRegistry_GetProviderForSpec_Alias
[       OK ] ModuleDiscoveryTest.ProviderRegistry_GetProviderForSpec_Alias (30 ms)
[----------] 1 test from ModuleDiscoveryTest (30 ms total)

[----------] Global test environment tear-down
[==========] 1 test from 1 test suite ran. (30 ms total)
[  PASSED  ] 1 test.
<end of output>
Test time =   0.10 sec
----------------------------------------------------------
Test Passed.
"ModuleDiscoveryTest.ProviderRegistry_GetProviderForSpec_Alias" end time: Feb 10 11:13 -03
"ModuleDiscoveryTest.ProviderRegistry_GetProviderForSpec_Alias" time elapsed: 00:00:00
----------------------------------------------------------

32/64 Testing: ModuleDiscoveryTest.GetImportModule_NoProviderReturnsNone
32/64 Test: ModuleDiscoveryTest.GetImportModule_NoProviderReturnsNone
Command: "/home/gamarino/Documentos/proyectos/protoCore/build/test/proto_tests" "--gtest_filter=ModuleDiscoveryTest.GetImportModule_NoProviderReturnsNone" "--gtest_also_run_disabled_tests"
Directory: /home/gamarino/Documentos/proyectos/protoCore/build/test
"ModuleDiscoveryTest.GetImportModule_NoProviderReturnsNone" start time: Feb 10 11:13 -03
Output:
----------------------------------------------------------
Running main() from /home/gamarino/Documentos/proyectos/protoCore/build/_deps/googletest-src/googletest/src/gtest_main.cc
Note: Google Test filter = ModuleDiscoveryTest.GetImportModule_NoProviderReturnsNone
[==========] Running 1 test from 1 test suite.
[----------] Global test environment set-up.
[----------] 1 test from ModuleDiscoveryTest
[ RUN      ] ModuleDiscoveryTest.GetImportModule_NoProviderReturnsNone
[       OK ] ModuleDiscoveryTest.GetImportModule_NoProviderReturnsNone (29 ms)
[----------] 1 test from ModuleDiscoveryTest (29 ms total)

[----------] Global test environment tear-down
[==========] 1 test from 1 test suite ran. (29 ms total)
[  PASSED  ] 1 test.
<end of output>
Test time =   0.11 sec
----------------------------------------------------------
Test Passed.
"ModuleDiscoveryTest.GetImportModule_NoProviderReturnsNone" end time: Feb 10 11:13 -03
"ModuleDiscoveryTest.GetImportModule_NoProviderReturnsNone" time elapsed: 00:00:00
----------------------------------------------------------

35/64 Testing: ModuleDiscoveryTest.ProtoString_ToUTF8String
35/64 Test: ModuleDiscoveryTest.ProtoString_ToUTF8String
Command: "/home/gamarino/Documentos/proyectos/protoCore/build/test/proto_tests" "--gtest_filter=ModuleDiscoveryTest.ProtoString_ToUTF8String" "--gtest_also_run_disabled_tests"
Directory: /home/gamarino/Documentos/proyectos/protoCore/build/test
"ModuleDiscoveryTest.ProtoString_ToUTF8String" start time: Feb 10 11:13 -03
Output:
----------------------------------------------------------
Running main() from /home/gamarino/Documentos/proyectos/protoCore/build/_deps/googletest-src/googletest/src/gtest_main.cc
Note: Google Test filter = ModuleDiscoveryTest.ProtoString_ToUTF8String
[==========] Running 1 test from 1 test suite.
[----------] Global test environment set-up.
[----------] 1 test from ModuleDiscoveryTest
[ RUN      ] ModuleDiscoveryTest.ProtoString_ToUTF8String
[       OK ] ModuleDiscoveryTest.ProtoString_ToUTF8String (41 ms)
[----------] 1 test from ModuleDiscoveryTest (41 ms total)

[----------] Global test environment tear-down
[==========] 1 test from 1 test suite ran. (41 ms total)
[  PASSED  ] 1 test.
<end of output>
Test time =   0.11 sec
----------------------------------------------------------
Test Passed.
"ModuleDiscoveryTest.ProtoString_ToUTF8String" end time: Feb 10 11:13 -03
"ModuleDiscoveryTest.ProtoString_ToUTF8String" time elapsed: 00:00:00
----------------------------------------------------------

29/64 Testing: ModuleDiscoveryTest.ProviderRegistry_GetProviderForSpec_GUID
29/64 Test: ModuleDiscoveryTest.ProviderRegistry_GetProviderForSpec_GUID
Command: "/home/gamarino/Documentos/proyectos/protoCore/build/test/proto_tests" "--gtest_filter=ModuleDiscoveryTest.ProviderRegistry_GetProviderForSpec_GUID" "--gtest_also_run_disabled_tests"
Directory: /home/gamarino/Documentos/proyectos/protoCore/build/test
"ModuleDiscoveryTest.ProviderRegistry_GetProviderForSpec_GUID" start time: Feb 10 11:13 -03
Output:
----------------------------------------------------------
Running main() from /home/gamarino/Documentos/proyectos/protoCore/build/_deps/googletest-src/googletest/src/gtest_main.cc
Note: Google Test filter = ModuleDiscoveryTest.ProviderRegistry_GetProviderForSpec_GUID
[==========] Running 1 test from 1 test suite.
[----------] Global test environment set-up.
[----------] 1 test from ModuleDiscoveryTest
[ RUN      ] ModuleDiscoveryTest.ProviderRegistry_GetProviderForSpec_GUID
[       OK ] ModuleDiscoveryTest.ProviderRegistry_GetProviderForSpec_GUID (34 ms)
[----------] 1 test from ModuleDiscoveryTest (34 ms total)

[----------] Global test environment tear-down
[==========] 1 test from 1 test suite ran. (34 ms total)
[  PASSED  ] 1 test.
<end of output>
Test time =   0.12 sec
----------------------------------------------------------
Test Passed.
"ModuleDiscoveryTest.ProviderRegistry_GetProviderForSpec_GUID" end time: Feb 10 11:13 -03
"ModuleDiscoveryTest.ProviderRegistry_GetProviderForSpec_GUID" time elapsed: 00:00:00
----------------------------------------------------------

53/64 Testing: MultisetTest.Remove
53/64 Test: MultisetTest.Remove
Command: "/home/gamarino/Documentos/proyectos/protoCore/build/test/proto_tests" "--gtest_filter=MultisetTest.Remove" "--gtest_also_run_disabled_tests"
Directory: /home/gamarino/Documentos/proyectos/protoCore/build/test
"MultisetTest.Remove" start time: Feb 10 11:13 -03
Output:
----------------------------------------------------------
Running main() from /home/gamarino/Documentos/proyectos/protoCore/build/_deps/googletest-src/googletest/src/gtest_main.cc
Note: Google Test filter = MultisetTest.Remove
[==========] Running 1 test from 1 test suite.
[----------] Global test environment set-up.
[----------] 1 test from MultisetTest
[ RUN      ] MultisetTest.Remove
[       OK ] MultisetTest.Remove (29 ms)
[----------] 1 test from MultisetTest (29 ms total)

[----------] Global test environment tear-down
[==========] 1 test from 1 test suite ran. (29 ms total)
[  PASSED  ] 1 test.
<end of output>
Test time =   0.10 sec
----------------------------------------------------------
Test Passed.
"MultisetTest.Remove" end time: Feb 10 11:13 -03
"MultisetTest.Remove" time elapsed: 00:00:00
----------------------------------------------------------

27/64 Testing: ModuleDiscoveryTest.ProviderRegistry_RegisterAndFindByGUID
27/64 Test: ModuleDiscoveryTest.ProviderRegistry_RegisterAndFindByGUID
Command: "/home/gamarino/Documentos/proyectos/protoCore/build/test/proto_tests" "--gtest_filter=ModuleDiscoveryTest.ProviderRegistry_RegisterAndFindByGUID" "--gtest_also_run_disabled_tests"
Directory: /home/gamarino/Documentos/proyectos/protoCore/build/test
"ModuleDiscoveryTest.ProviderRegistry_RegisterAndFindByGUID" start time: Feb 10 11:13 -03
Output:
----------------------------------------------------------
Running main() from /home/gamarino/Documentos/proyectos/protoCore/build/_deps/googletest-src/googletest/src/gtest_main.cc
Note: Google Test filter = ModuleDiscoveryTest.ProviderRegistry_RegisterAndFindByGUID
[==========] Running 1 test from 1 test suite.
[----------] Global test environment set-up.
[----------] 1 test from ModuleDiscoveryTest
[ RUN      ] ModuleDiscoveryTest.ProviderRegistry_RegisterAndFindByGUID
[       OK ] ModuleDiscoveryTest.ProviderRegistry_RegisterAndFindByGUID (26 ms)
[----------] 1 test from ModuleDiscoveryTest (26 ms total)

[----------] Global test environment tear-down
[==========] 1 test from 1 test suite ran. (26 ms total)
[  PASSED  ] 1 test.
<end of output>
Test time =   0.09 sec
----------------------------------------------------------
Test Passed.
"ModuleDiscoveryTest.ProviderRegistry_RegisterAndFindByGUID" end time: Feb 10 11:13 -03
"ModuleDiscoveryTest.ProviderRegistry_RegisterAndFindByGUID" time elapsed: 00:00:00
----------------------------------------------------------

52/64 Testing: MultisetTest.AddAndCount
52/64 Test: MultisetTest.AddAndCount
Command: "/home/gamarino/Documentos/proyectos/protoCore/build/test/proto_tests" "--gtest_filter=MultisetTest.AddAndCount" "--gtest_also_run_disabled_tests"
Directory: /home/gamarino/Documentos/proyectos/protoCore/build/test
"MultisetTest.AddAndCount" start time: Feb 10 11:13 -03
Output:
----------------------------------------------------------
Running main() from /home/gamarino/Documentos/proyectos/protoCore/build/_deps/googletest-src/googletest/src/gtest_main.cc
Note: Google Test filter = MultisetTest.AddAndCount
[==========] Running 1 test from 1 test suite.
[----------] Global test environment set-up.
[----------] 1 test from MultisetTest
[ RUN      ] MultisetTest.AddAndCount
[       OK ] MultisetTest.AddAndCount (31 ms)
[----------] 1 test from MultisetTest (31 ms total)

[----------] Global test environment tear-down
[==========] 1 test from 1 test suite ran. (31 ms total)
[  PASSED  ] 1 test.
<end of output>
Test time =   0.10 sec
----------------------------------------------------------
Test Passed.
"MultisetTest.AddAndCount" end time: Feb 10 11:13 -03
"MultisetTest.AddAndCount" time elapsed: 00:00:00
----------------------------------------------------------

45/64 Testing: PrimitivesTest.StringHandling
45/64 Test: PrimitivesTest.StringHandling
Command: "/home/gamarino/Documentos/proyectos/protoCore/build/test/proto_tests" "--gtest_filter=PrimitivesTest.StringHandling" "--gtest_also_run_disabled_tests"
Directory: /home/gamarino/Documentos/proyectos/protoCore/build/test
"PrimitivesTest.StringHandling" start time: Feb 10 11:13 -03
Output:
----------------------------------------------------------
Running main() from /home/gamarino/Documentos/proyectos/protoCore/build/_deps/googletest-src/googletest/src/gtest_main.cc
Note: Google Test filter = PrimitivesTest.StringHandling
[==========] Running 1 test from 1 test suite.
[----------] Global test environment set-up.
[----------] 1 test from PrimitivesTest
[ RUN      ] PrimitivesTest.StringHandling
[       OK ] PrimitivesTest.StringHandling (27 ms)
[----------] 1 test from PrimitivesTest (27 ms total)

[----------] Global test environment tear-down
[==========] 1 test from 1 test suite ran. (27 ms total)
[  PASSED  ] 1 test.
<end of output>
Test time =   0.10 sec
----------------------------------------------------------
Test Passed.
"PrimitivesTest.StringHandling" end time: Feb 10 11:13 -03
"PrimitivesTest.StringHandling" time elapsed: 00:00:00
----------------------------------------------------------

64/64 Testing: TupleTest.GetSlice
64/64 Test: TupleTest.GetSlice
Command: "/home/gamarino/Documentos/proyectos/protoCore/build/test/proto_tests" "--gtest_filter=TupleTest.GetSlice" "--gtest_also_run_disabled_tests"
Directory: /home/gamarino/Documentos/proyectos/protoCore/build/test
"TupleTest.GetSlice" start time: Feb 10 11:13 -03
Output:
----------------------------------------------------------
Running main() from /home/gamarino/Documentos/proyectos/protoCore/build/_deps/googletest-src/googletest/src/gtest_main.cc
Note: Google Test filter = TupleTest.GetSlice
[==========] Running 1 test from 1 test suite.
[----------] Global test environment set-up.
[----------] 1 test from TupleTest
[ RUN      ] TupleTest.GetSlice
[       OK ] TupleTest.GetSlice (34 ms)
[----------] 1 test from TupleTest (34 ms total)

[----------] Global test environment tear-down
[==========] 1 test from 1 test suite ran. (34 ms total)
[  PASSED  ] 1 test.
<end of output>
Test time =   0.09 sec
----------------------------------------------------------
Test Passed.
"TupleTest.GetSlice" end time: Feb 10 11:13 -03
"TupleTest.GetSlice" time elapsed: 00:00:00
----------------------------------------------------------

16/64 Testing: NumericTest.DivmodApi
16/64 Test: NumericTest.DivmodApi
Command: "/home/gamarino/Documentos/proyectos/protoCore/build/test/proto_tests" "--gtest_filter=NumericTest.DivmodApi" "--gtest_also_run_disabled_tests"
Directory: /home/gamarino/Documentos/proyectos/protoCore/build/test
"NumericTest.DivmodApi" start time: Feb 10 11:13 -03
Output:
----------------------------------------------------------
Running main() from /home/gamarino/Documentos/proyectos/protoCore/build/_deps/googletest-src/googletest/src/gtest_main.cc
Note: Google Test filter = NumericTest.DivmodApi
[==========] Running 1 test from 1 test suite.
[----------] Global test environment set-up.
[----------] 1 test from NumericTest
[ RUN      ] NumericTest.DivmodApi
[       OK ] NumericTest.DivmodApi (43 ms)
[----------] 1 test from NumericTest (44 ms total)

[----------] Global test environment tear-down
[==========] 1 test from 1 test suite ran. (44 ms total)
[  PASSED  ] 1 test.
<end of output>
Test time =   0.10 sec
----------------------------------------------------------
Test Passed.
"NumericTest.DivmodApi" end time: Feb 10 11:13 -03
"NumericTest.DivmodApi" time elapsed: 00:00:00
----------------------------------------------------------

63/64 Testing: TupleTest.Interning
63/64 Test: TupleTest.Interning
Command: "/home/gamarino/Documentos/proyectos/protoCore/build/test/proto_tests" "--gtest_filter=TupleTest.Interning" "--gtest_also_run_disabled_tests"
Directory: /home/gamarino/Documentos/proyectos/protoCore/build/test
"TupleTest.Interning" start time: Feb 10 11:13 -03
Output:
----------------------------------------------------------
Running main() from /home/gamarino/Documentos/proyectos/protoCore/build/_deps/googletest-src/googletest/src/gtest_main.cc
Note: Google Test filter = TupleTest.Interning
[==========] Running 1 test from 1 test suite.
[----------] Global test environment set-up.
[----------] 1 test from TupleTest
[ RUN      ] TupleTest.Interning
[       OK ] TupleTest.Interning (30 ms)
[----------] 1 test from TupleTest (30 ms total)

[----------] Global test environment tear-down
[==========] 1 test from 1 test suite ran. (30 ms total)
[  PASSED  ] 1 test.
<end of output>
Test time =   0.10 sec
----------------------------------------------------------
Test Passed.
"TupleTest.Interning" end time: Feb 10 11:13 -03
"TupleTest.Interning" time elapsed: 00:00:00
----------------------------------------------------------

51/64 Testing: MultisetTest.CreateEmptyMultiset
51/64 Test: MultisetTest.CreateEmptyMultiset
Command: "/home/gamarino/Documentos/proyectos/protoCore/build/test/proto_tests" "--gtest_filter=MultisetTest.CreateEmptyMultiset" "--gtest_also_run_disabled_tests"
Directory: /home/gamarino/Documentos/proyectos/protoCore/build/test
"MultisetTest.CreateEmptyMultiset" start time: Feb 10 11:13 -03
Output:
----------------------------------------------------------
Running main() from /home/gamarino/Documentos/proyectos/protoCore/build/_deps/googletest-src/googletest/src/gtest_main.cc
Note: Google Test filter = MultisetTest.CreateEmptyMultiset
[==========] Running 1 test from 1 test suite.
[----------] Global test environment set-up.
[----------] 1 test from MultisetTest
[ RUN      ] MultisetTest.CreateEmptyMultiset
[       OK ] MultisetTest.CreateEmptyMultiset (28 ms)
[----------] 1 test from MultisetTest (28 ms total)

[----------] Global test environment tear-down
[==========] 1 test from 1 test suite ran. (28 ms total)
[  PASSED  ] 1 test.
<end of output>
Test time =   0.10 sec
----------------------------------------------------------
Test Passed.
"MultisetTest.CreateEmptyMultiset" end time: Feb 10 11:13 -03
"MultisetTest.CreateEmptyMultiset" time elapsed: 00:00:00
----------------------------------------------------------

15/64 Testing: NumericTest.ToString
15/64 Test: NumericTest.ToString
Command: "/home/gamarino/Documentos/proyectos/protoCore/build/test/proto_tests" "--gtest_filter=NumericTest.ToString" "--gtest_also_run_disabled_tests"
Directory: /home/gamarino/Documentos/proyectos/protoCore/build/test
"NumericTest.ToString" start time: Feb 10 11:13 -03
Output:
----------------------------------------------------------
Running main() from /home/gamarino/Documentos/proyectos/protoCore/build/_deps/googletest-src/googletest/src/gtest_main.cc
Note: Google Test filter = NumericTest.ToString
[==========] Running 1 test from 1 test suite.
[----------] Global test environment set-up.
[----------] 1 test from NumericTest
[ RUN      ] NumericTest.ToString
[       OK ] NumericTest.ToString (30 ms)
[----------] 1 test from NumericTest (30 ms total)

[----------] Global test environment tear-down
[==========] 1 test from 1 test suite ran. (30 ms total)
[  PASSED  ] 1 test.
<end of output>
Test time =   0.10 sec
----------------------------------------------------------
Test Passed.
"NumericTest.ToString" end time: Feb 10 11:13 -03
"NumericTest.ToString" time elapsed: 00:00:00
----------------------------------------------------------

30/64 Testing: ModuleDiscoveryTest.ResolutionChain_GetReturnsNonEmpty
30/64 Test: ModuleDiscoveryTest.ResolutionChain_GetReturnsNonEmpty
Command: "/home/gamarino/Documentos/proyectos/protoCore/build/test/proto_tests" "--gtest_filter=ModuleDiscoveryTest.ResolutionChain_GetReturnsNonEmpty" "--gtest_also_run_disabled_tests"
Directory: /home/gamarino/Documentos/proyectos/protoCore/build/test
"ModuleDiscoveryTest.ResolutionChain_GetReturnsNonEmpty" start time: Feb 10 11:13 -03
Output:
----------------------------------------------------------
Running main() from /home/gamarino/Documentos/proyectos/protoCore/build/_deps/googletest-src/googletest/src/gtest_main.cc
Note: Google Test filter = ModuleDiscoveryTest.ResolutionChain_GetReturnsNonEmpty
[==========] Running 1 test from 1 test suite.
[----------] Global test environment set-up.
[----------] 1 test from ModuleDiscoveryTest
[ RUN      ] ModuleDiscoveryTest.ResolutionChain_GetReturnsNonEmpty
[       OK ] ModuleDiscoveryTest.ResolutionChain_GetReturnsNonEmpty (26 ms)
[----------] 1 test from ModuleDiscoveryTest (26 ms total)

[----------] Global test environment tear-down
[==========] 1 test from 1 test suite ran. (26 ms total)
[  PASSED  ] 1 test.
<end of output>
Test time =   0.10 sec
----------------------------------------------------------
Test Passed.
"ModuleDiscoveryTest.ResolutionChain_GetReturnsNonEmpty" end time: Feb 10 11:13 -03
"ModuleDiscoveryTest.ResolutionChain_GetReturnsNonEmpty" time elapsed: 00:00:00
----------------------------------------------------------

38/64 Testing: ObjectTest.GetMissingAttribute
38/64 Test: ObjectTest.GetMissingAttribute
Command: "/home/gamarino/Documentos/proyectos/protoCore/build/test/proto_tests" "--gtest_filter=ObjectTest.GetMissingAttribute" "--gtest_also_run_disabled_tests"
Directory: /home/gamarino/Documentos/proyectos/protoCore/build/test
"ObjectTest.GetMissingAttribute" start time: Feb 10 11:13 -03
Output:
----------------------------------------------------------
Running main() from /home/gamarino/Documentos/proyectos/protoCore/build/_deps/googletest-src/googletest/src/gtest_main.cc
Note: Google Test filter = ObjectTest.GetMissingAttribute
[==========] Running 1 test from 1 test suite.
[----------] Global test environment set-up.
[----------] 1 test from ObjectTest
[ RUN      ] ObjectTest.GetMissingAttribute
[       OK ] ObjectTest.GetMissingAttribute (24 ms)
[----------] 1 test from ObjectTest (24 ms total)

[----------] Global test environment tear-down
[==========] 1 test from 1 test suite ran. (24 ms total)
[  PASSED  ] 1 test.
<end of output>
Test time =   0.10 sec
----------------------------------------------------------
Test Passed.
"ObjectTest.GetMissingAttribute" end time: Feb 10 11:13 -03
"ObjectTest.GetMissingAttribute" time elapsed: 00:00:00
----------------------------------------------------------

37/64 Testing: ObjectTest.SetAndGetAttribute
37/64 Test: ObjectTest.SetAndGetAttribute
Command: "/home/gamarino/Documentos/proyectos/protoCore/build/test/proto_tests" "--gtest_filter=ObjectTest.SetAndGetAttribute" "--gtest_also_run_disabled_tests"
Directory: /home/gamarino/Documentos/proyectos/protoCore/build/test
"ObjectTest.SetAndGetAttribute" start time: Feb 10 11:13 -03
Output:
----------------------------------------------------------
Running main() from /home/gamarino/Documentos/proyectos/protoCore/build/_deps/googletest-src/googletest/src/gtest_main.cc
Note: Google Test filter = ObjectTest.SetAndGetAttribute
[==========] Running 1 test from 1 test suite.
[----------] Global test environment set-up.
[----------] 1 test from ObjectTest
[ RUN      ] ObjectTest.SetAndGetAttribute
[       OK ] ObjectTest.SetAndGetAttribute (28 ms)
[----------] 1 test from ObjectTest (28 ms total)

[----------] Global test environment tear-down
[==========] 1 test from 1 test suite ran. (28 ms total)
[  PASSED  ] 1 test.
<end of output>
Test time =   0.09 sec
----------------------------------------------------------
Test Passed.
"ObjectTest.SetAndGetAttribute" end time: Feb 10 11:13 -03
"ObjectTest.SetAndGetAttribute" time elapsed: 00:00:00
----------------------------------------------------------

46/64 Testing: SetTest.CreateEmptySet
46/64 Test: SetTest.CreateEmptySet
Command: "/home/gamarino/Documentos/proyectos/protoCore/build/test/proto_tests" "--gtest_filter=SetTest.CreateEmptySet" "--gtest_also_run_disabled_tests"
Directory: /home/gamarino/Documentos/proyectos/protoCore/build/test
"SetTest.CreateEmptySet" start time: Feb 10 11:13 -03
Output:
----------------------------------------------------------
Running main() from /home/gamarino/Documentos/proyectos/protoCore/build/_deps/googletest-src/googletest/src/gtest_main.cc
Note: Google Test filter = SetTest.CreateEmptySet
[==========] Running 1 test from 1 test suite.
[----------] Global test environment set-up.
[----------] 1 test from SetTest
[ RUN      ] SetTest.CreateEmptySet
[       OK ] SetTest.CreateEmptySet (27 ms)
[----------] 1 test from SetTest (27 ms total)

[----------] Global test environment tear-down
[==========] 1 test from 1 test suite ran. (27 ms total)
[  PASSED  ] 1 test.
<end of output>
Test time =   0.10 sec
----------------------------------------------------------
Test Passed.
"SetTest.CreateEmptySet" end time: Feb 10 11:13 -03
"SetTest.CreateEmptySet" time elapsed: 00:00:00
----------------------------------------------------------

39/64 Testing: ObjectTest.SimpleInheritance
39/64 Test: ObjectTest.SimpleInheritance
Command: "/home/gamarino/Documentos/proyectos/protoCore/build/test/proto_tests" "--gtest_filter=ObjectTest.SimpleInheritance" "--gtest_also_run_disabled_tests"
Directory: /home/gamarino/Documentos/proyectos/protoCore/build/test
"ObjectTest.SimpleInheritance" start time: Feb 10 11:13 -03
Output:
----------------------------------------------------------
Running main() from /home/gamarino/Documentos/proyectos/protoCore/build/_deps/googletest-src/googletest/src/gtest_main.cc
Note: Google Test filter = ObjectTest.SimpleInheritance
[==========] Running 1 test from 1 test suite.
[----------] Global test environment set-up.
[----------] 1 test from ObjectTest
[ RUN      ] ObjectTest.SimpleInheritance
[       OK ] ObjectTest.SimpleInheritance (28 ms)
[----------] 1 test from ObjectTest (28 ms total)

[----------] Global test environment tear-down
[==========] 1 test from 1 test suite ran. (28 ms total)
[  PASSED  ] 1 test.
<end of output>
Test time =   0.10 sec
----------------------------------------------------------
Test Passed.
"ObjectTest.SimpleInheritance" end time: Feb 10 11:13 -03
"ObjectTest.SimpleInheritance" time elapsed: 00:00:00
----------------------------------------------------------

41/64 Testing: ObjectTest.HasAttribute
41/64 Test: ObjectTest.HasAttribute
Command: "/home/gamarino/Documentos/proyectos/protoCore/build/test/proto_tests" "--gtest_filter=ObjectTest.HasAttribute" "--gtest_also_run_disabled_tests"
Directory: /home/gamarino/Documentos/proyectos/protoCore/build/test
"ObjectTest.HasAttribute" start time: Feb 10 11:13 -03
Output:
----------------------------------------------------------
Running main() from /home/gamarino/Documentos/proyectos/protoCore/build/_deps/googletest-src/googletest/src/gtest_main.cc
Note: Google Test filter = ObjectTest.HasAttribute
[==========] Running 1 test from 1 test suite.
[----------] Global test environment set-up.
[----------] 1 test from ObjectTest
[ RUN      ] ObjectTest.HasAttribute
[       OK ] ObjectTest.HasAttribute (27 ms)
[----------] 1 test from ObjectTest (27 ms total)

[----------] Global test environment tear-down
[==========] 1 test from 1 test suite ran. (27 ms total)
[  PASSED  ] 1 test.
<end of output>
Test time =   0.09 sec
----------------------------------------------------------
Test Passed.
"ObjectTest.HasAttribute" end time: Feb 10 11:13 -03
"ObjectTest.HasAttribute" time elapsed: 00:00:00
----------------------------------------------------------

40/64 Testing: ObjectTest.AttributeOverriding
40/64 Test: ObjectTest.AttributeOverriding
Command: "/home/gamarino/Documentos/proyectos/protoCore/build/test/proto_tests" "--gtest_filter=ObjectTest.AttributeOverriding" "--gtest_also_run_disabled_tests"
Directory: /home/gamarino/Documentos/proyectos/protoCore/build/test
"ObjectTest.AttributeOverriding" start time: Feb 10 11:13 -03
Output:
----------------------------------------------------------
Running main() from /home/gamarino/Documentos/proyectos/protoCore/build/_deps/googletest-src/googletest/src/gtest_main.cc
Note: Google Test filter = ObjectTest.AttributeOverriding
[==========] Running 1 test from 1 test suite.
[----------] Global test environment set-up.
[----------] 1 test from ObjectTest
[ RUN      ] ObjectTest.AttributeOverriding
[       OK ] ObjectTest.AttributeOverriding (26 ms)
[----------] 1 test from ObjectTest (26 ms total)

[----------] Global test environment tear-down
[==========] 1 test from 1 test suite ran. (26 ms total)
[  PASSED  ] 1 test.
<end of output>
Test time =   0.10 sec
----------------------------------------------------------
Test Passed.
"ObjectTest.AttributeOverriding" end time: Feb 10 11:13 -03
"ObjectTest.AttributeOverriding" time elapsed: 00:00:00
----------------------------------------------------------

24/64 Testing: ListTest.RemoveAt
24/64 Test: ListTest.RemoveAt
Command: "/home/gamarino/Documentos/proyectos/protoCore/build/test/proto_tests" "--gtest_filter=ListTest.RemoveAt" "--gtest_also_run_disabled_tests"
Directory: /home/gamarino/Documentos/proyectos/protoCore/build/test
"ListTest.RemoveAt" start time: Feb 10 11:13 -03
Output:
----------------------------------------------------------
Running main() from /home/gamarino/Documentos/proyectos/protoCore/build/_deps/googletest-src/googletest/src/gtest_main.cc
Note: Google Test filter = ListTest.RemoveAt
[==========] Running 1 test from 1 test suite.
[----------] Global test environment set-up.
[----------] 1 test from ListTest
[ RUN      ] ListTest.RemoveAt
[       OK ] ListTest.RemoveAt (25 ms)
[----------] 1 test from ListTest (25 ms total)

[----------] Global test environment tear-down
[==========] 1 test from 1 test suite ran. (25 ms total)
[  PASSED  ] 1 test.
<end of output>
Test time =   0.10 sec
----------------------------------------------------------
Test Passed.
"ListTest.RemoveAt" end time: Feb 10 11:13 -03
"ListTest.RemoveAt" time elapsed: 00:00:00
----------------------------------------------------------

61/64 Testing: TupleTest.CreationFromList
61/64 Test: TupleTest.CreationFromList
Command: "/home/gamarino/Documentos/proyectos/protoCore/build/test/proto_tests" "--gtest_filter=TupleTest.CreationFromList" "--gtest_also_run_disabled_tests"
Directory: /home/gamarino/Documentos/proyectos/protoCore/build/test
"TupleTest.CreationFromList" start time: Feb 10 11:13 -03
Output:
----------------------------------------------------------
Running main() from /home/gamarino/Documentos/proyectos/protoCore/build/_deps/googletest-src/googletest/src/gtest_main.cc
Note: Google Test filter = TupleTest.CreationFromList
[==========] Running 1 test from 1 test suite.
[----------] Global test environment set-up.
[----------] 1 test from TupleTest
[ RUN      ] TupleTest.CreationFromList
[       OK ] TupleTest.CreationFromList (25 ms)
[----------] 1 test from TupleTest (25 ms total)

[----------] Global test environment tear-down
[==========] 1 test from 1 test suite ran. (25 ms total)
[  PASSED  ] 1 test.
<end of output>
Test time =   0.10 sec
----------------------------------------------------------
Test Passed.
"TupleTest.CreationFromList" end time: Feb 10 11:13 -03
"TupleTest.CreationFromList" time elapsed: 00:00:00
----------------------------------------------------------

54/64 Testing: MultisetTest.RemoveNonExistent
54/64 Test: MultisetTest.RemoveNonExistent
Command: "/home/gamarino/Documentos/proyectos/protoCore/build/test/proto_tests" "--gtest_filter=MultisetTest.RemoveNonExistent" "--gtest_also_run_disabled_tests"
Directory: /home/gamarino/Documentos/proyectos/protoCore/build/test
"MultisetTest.RemoveNonExistent" start time: Feb 10 11:13 -03
Output:
----------------------------------------------------------
Running main() from /home/gamarino/Documentos/proyectos/protoCore/build/_deps/googletest-src/googletest/src/gtest_main.cc
Note: Google Test filter = MultisetTest.RemoveNonExistent
[==========] Running 1 test from 1 test suite.
[----------] Global test environment set-up.
[----------] 1 test from MultisetTest
[ RUN      ] MultisetTest.RemoveNonExistent
[       OK ] MultisetTest.RemoveNonExistent (25 ms)
[----------] 1 test from MultisetTest (25 ms total)

[----------] Global test environment tear-down
[==========] 1 test from 1 test suite ran. (25 ms total)
[  PASSED  ] 1 test.
<end of output>
Test time =   0.10 sec
----------------------------------------------------------
Test Passed.
"MultisetTest.RemoveNonExistent" end time: Feb 10 11:13 -03
"MultisetTest.RemoveNonExistent" time elapsed: 00:00:00
----------------------------------------------------------

22/64 Testing: ListTest.AppendAndGet
22/64 Test: ListTest.AppendAndGet
Command: "/home/gamarino/Documentos/proyectos/protoCore/build/test/proto_tests" "--gtest_filter=ListTest.AppendAndGet" "--gtest_also_run_disabled_tests"
Directory: /home/gamarino/Documentos/proyectos/protoCore/build/test
"ListTest.AppendAndGet" start time: Feb 10 11:13 -03
Output:
----------------------------------------------------------
Running main() from /home/gamarino/Documentos/proyectos/protoCore/build/_deps/googletest-src/googletest/src/gtest_main.cc
Note: Google Test filter = ListTest.AppendAndGet
[==========] Running 1 test from 1 test suite.
[----------] Global test environment set-up.
[----------] 1 test from ListTest
[ RUN      ] ListTest.AppendAndGet
[       OK ] ListTest.AppendAndGet (26 ms)
[----------] 1 test from ListTest (26 ms total)

[----------] Global test environment tear-down
[==========] 1 test from 1 test suite ran. (26 ms total)
[  PASSED  ] 1 test.
<end of output>
Test time =   0.10 sec
----------------------------------------------------------
Test Passed.
"ListTest.AppendAndGet" end time: Feb 10 11:13 -03
"ListTest.AppendAndGet" time elapsed: 00:00:00
----------------------------------------------------------

50/64 Testing: SetTest.RemoveNonExistent
50/64 Test: SetTest.RemoveNonExistent
Command: "/home/gamarino/Documentos/proyectos/protoCore/build/test/proto_tests" "--gtest_filter=SetTest.RemoveNonExistent" "--gtest_also_run_disabled_tests"
Directory: /home/gamarino/Documentos/proyectos/protoCore/build/test
"SetTest.RemoveNonExistent" start time: Feb 10 11:13 -03
Output:
----------------------------------------------------------
Running main() from /home/gamarino/Documentos/proyectos/protoCore/build/_deps/googletest-src/googletest/src/gtest_main.cc
Note: Google Test filter = SetTest.RemoveNonExistent
[==========] Running 1 test from 1 test suite.
[----------] Global test environment set-up.
[----------] 1 test from SetTest
[ RUN      ] SetTest.RemoveNonExistent
[       OK ] SetTest.RemoveNonExistent (28 ms)
[----------] 1 test from SetTest (28 ms total)

[----------] Global test environment tear-down
[==========] 1 test from 1 test suite ran. (28 ms total)
[  PASSED  ] 1 test.
<end of output>
Test time =   0.10 sec
----------------------------------------------------------
Test Passed.
"SetTest.RemoveNonExistent" end time: Feb 10 11:13 -03
"SetTest.RemoveNonExistent" time elapsed: 00:00:00
----------------------------------------------------------

48/64 Testing: SetTest.AddExisting
48/64 Test: SetTest.AddExisting
Command: "/home/gamarino/Documentos/proyectos/protoCore/build/test/proto_tests" "--gtest_filter=SetTest.AddExisting" "--gtest_also_run_disabled_tests"
Directory: /home/gamarino/Documentos/proyectos/protoCore/build/test
"SetTest.AddExisting" start time: Feb 10 11:13 -03
Output:
----------------------------------------------------------
Running main() from /home/gamarino/Documentos/proyectos/protoCore/build/_deps/googletest-src/googletest/src/gtest_main.cc
Note: Google Test filter = SetTest.AddExisting
[==========] Running 1 test from 1 test suite.
[----------] Global test environment set-up.
[----------] 1 test from SetTest
[ RUN      ] SetTest.AddExisting
[       OK ] SetTest.AddExisting (26 ms)
[----------] 1 test from SetTest (26 ms total)

[----------] Global test environment tear-down
[==========] 1 test from 1 test suite ran. (26 ms total)
[  PASSED  ] 1 test.
<end of output>
Test time =   0.10 sec
----------------------------------------------------------
Test Passed.
"SetTest.AddExisting" end time: Feb 10 11:13 -03
"SetTest.AddExisting" time elapsed: 00:00:00
----------------------------------------------------------

47/64 Testing: SetTest.AddAndHas
47/64 Test: SetTest.AddAndHas
Command: "/home/gamarino/Documentos/proyectos/protoCore/build/test/proto_tests" "--gtest_filter=SetTest.AddAndHas" "--gtest_also_run_disabled_tests"
Directory: /home/gamarino/Documentos/proyectos/protoCore/build/test
"SetTest.AddAndHas" start time: Feb 10 11:13 -03
Output:
----------------------------------------------------------
Running main() from /home/gamarino/Documentos/proyectos/protoCore/build/_deps/googletest-src/googletest/src/gtest_main.cc
Note: Google Test filter = SetTest.AddAndHas
[==========] Running 1 test from 1 test suite.
[----------] Global test environment set-up.
[----------] 1 test from SetTest
[ RUN      ] SetTest.AddAndHas
[       OK ] SetTest.AddAndHas (31 ms)
[----------] 1 test from SetTest (31 ms total)

[----------] Global test environment tear-down
[==========] 1 test from 1 test suite ran. (31 ms total)
[  PASSED  ] 1 test.
<end of output>
Test time =   0.10 sec
----------------------------------------------------------
Test Passed.
"SetTest.AddAndHas" end time: Feb 10 11:13 -03
"SetTest.AddAndHas" time elapsed: 00:00:00
----------------------------------------------------------

23/64 Testing: ListTest.ImmutabilityOnAppend
23/64 Test: ListTest.ImmutabilityOnAppend
Command: "/home/gamarino/Documentos/proyectos/protoCore/build/test/proto_tests" "--gtest_filter=ListTest.ImmutabilityOnAppend" "--gtest_also_run_disabled_tests"
Directory: /home/gamarino/Documentos/proyectos/protoCore/build/test
"ListTest.ImmutabilityOnAppend" start time: Feb 10 11:13 -03
Output:
----------------------------------------------------------
Running main() from /home/gamarino/Documentos/proyectos/protoCore/build/_deps/googletest-src/googletest/src/gtest_main.cc
Note: Google Test filter = ListTest.ImmutabilityOnAppend
[==========] Running 1 test from 1 test suite.
[----------] Global test environment set-up.
[----------] 1 test from ListTest
[ RUN      ] ListTest.ImmutabilityOnAppend
[       OK ] ListTest.ImmutabilityOnAppend (28 ms)
[----------] 1 test from ListTest (28 ms total)

[----------] Global test environment tear-down
[==========] 1 test from 1 test suite ran. (28 ms total)
[  PASSED  ] 1 test.
<end of output>
Test time =   0.10 sec
----------------------------------------------------------
Test Passed.
"ListTest.ImmutabilityOnAppend" end time: Feb 10 11:13 -03
"ListTest.ImmutabilityOnAppend" time elapsed: 00:00:00
----------------------------------------------------------

55/64 Testing: SparseListTest.CreationAndSize
55/64 Test: SparseListTest.CreationAndSize
Command: "/home/gamarino/Documentos/proyectos/protoCore/build/test/proto_tests" "--gtest_filter=SparseListTest.CreationAndSize" "--gtest_also_run_disabled_tests"
Directory: /home/gamarino/Documentos/proyectos/protoCore/build/test
"SparseListTest.CreationAndSize" start time: Feb 10 11:13 -03
Output:
----------------------------------------------------------
Running main() from /home/gamarino/Documentos/proyectos/protoCore/build/_deps/googletest-src/googletest/src/gtest_main.cc
Note: Google Test filter = SparseListTest.CreationAndSize
[==========] Running 1 test from 1 test suite.
[----------] Global test environment set-up.
[----------] 1 test from SparseListTest
[ RUN      ] SparseListTest.CreationAndSize
[       OK ] SparseListTest.CreationAndSize (27 ms)
[----------] 1 test from SparseListTest (27 ms total)

[----------] Global test environment tear-down
[==========] 1 test from 1 test suite ran. (27 ms total)
[  PASSED  ] 1 test.
<end of output>
Test time =   0.11 sec
----------------------------------------------------------
Test Passed.
"SparseListTest.CreationAndSize" end time: Feb 10 11:13 -03
"SparseListTest.CreationAndSize" time elapsed: 00:00:00
----------------------------------------------------------

49/64 Testing: SetTest.Remove
49/64 Test: SetTest.Remove
Command: "/home/gamarino/Documentos/proyectos/protoCore/build/test/proto_tests" "--gtest_filter=SetTest.Remove" "--gtest_also_run_disabled_tests"
Directory: /home/gamarino/Documentos/proyectos/protoCore/build/test
"SetTest.Remove" start time: Feb 10 11:13 -03
Output:
----------------------------------------------------------
Running main() from /home/gamarino/Documentos/proyectos/protoCore/build/_deps/googletest-src/googletest/src/gtest_main.cc
Note: Google Test filter = SetTest.Remove
[==========] Running 1 test from 1 test suite.
[----------] Global test environment set-up.
[----------] 1 test from SetTest
[ RUN      ] SetTest.Remove
[       OK ] SetTest.Remove (30 ms)
[----------] 1 test from SetTest (30 ms total)

[----------] Global test environment tear-down
[==========] 1 test from 1 test suite ran. (30 ms total)
[  PASSED  ] 1 test.
<end of output>
Test time =   0.10 sec
----------------------------------------------------------
Test Passed.
"SetTest.Remove" end time: Feb 10 11:13 -03
"SetTest.Remove" time elapsed: 00:00:00
----------------------------------------------------------

25/64 Testing: ListTest.GetSlice
25/64 Test: ListTest.GetSlice
Command: "/home/gamarino/Documentos/proyectos/protoCore/build/test/proto_tests" "--gtest_filter=ListTest.GetSlice" "--gtest_also_run_disabled_tests"
Directory: /home/gamarino/Documentos/proyectos/protoCore/build/test
"ListTest.GetSlice" start time: Feb 10 11:13 -03
Output:
----------------------------------------------------------
Running main() from /home/gamarino/Documentos/proyectos/protoCore/build/_deps/googletest-src/googletest/src/gtest_main.cc
Note: Google Test filter = ListTest.GetSlice
[==========] Running 1 test from 1 test suite.
[----------] Global test environment set-up.
[----------] 1 test from ListTest
[ RUN      ] ListTest.GetSlice
[       OK ] ListTest.GetSlice (31 ms)
[----------] 1 test from ListTest (31 ms total)

[----------] Global test environment tear-down
[==========] 1 test from 1 test suite ran. (31 ms total)
[  PASSED  ] 1 test.
<end of output>
Test time =   0.11 sec
----------------------------------------------------------
Test Passed.
"ListTest.GetSlice" end time: Feb 10 11:13 -03
"ListTest.GetSlice" time elapsed: 00:00:00
----------------------------------------------------------

62/64 Testing: TupleTest.GetAt
62/64 Test: TupleTest.GetAt
Command: "/home/gamarino/Documentos/proyectos/protoCore/build/test/proto_tests" "--gtest_filter=TupleTest.GetAt" "--gtest_also_run_disabled_tests"
Directory: /home/gamarino/Documentos/proyectos/protoCore/build/test
"TupleTest.GetAt" start time: Feb 10 11:13 -03
Output:
----------------------------------------------------------
Running main() from /home/gamarino/Documentos/proyectos/protoCore/build/_deps/googletest-src/googletest/src/gtest_main.cc
Note: Google Test filter = TupleTest.GetAt
[==========] Running 1 test from 1 test suite.
[----------] Global test environment set-up.
[----------] 1 test from TupleTest
[ RUN      ] TupleTest.GetAt
[       OK ] TupleTest.GetAt (26 ms)
[----------] 1 test from TupleTest (26 ms total)

[----------] Global test environment tear-down
[==========] 1 test from 1 test suite ran. (26 ms total)
[  PASSED  ] 1 test.
<end of output>
Test time =   0.10 sec
----------------------------------------------------------
Test Passed.
"TupleTest.GetAt" end time: Feb 10 11:13 -03
"TupleTest.GetAt" time elapsed: 00:00:00
----------------------------------------------------------

58/64 Testing: SparseListTest.ImmutabilityOnSet
58/64 Test: SparseListTest.ImmutabilityOnSet
Command: "/home/gamarino/Documentos/proyectos/protoCore/build/test/proto_tests" "--gtest_filter=SparseListTest.ImmutabilityOnSet" "--gtest_also_run_disabled_tests"
Directory: /home/gamarino/Documentos/proyectos/protoCore/build/test
"SparseListTest.ImmutabilityOnSet" start time: Feb 10 11:13 -03
Output:
----------------------------------------------------------
Running main() from /home/gamarino/Documentos/proyectos/protoCore/build/_deps/googletest-src/googletest/src/gtest_main.cc
Note: Google Test filter = SparseListTest.ImmutabilityOnSet
[==========] Running 1 test from 1 test suite.
[----------] Global test environment set-up.
[----------] 1 test from SparseListTest
[ RUN      ] SparseListTest.ImmutabilityOnSet
[       OK ] SparseListTest.ImmutabilityOnSet (26 ms)
[----------] 1 test from SparseListTest (26 ms total)

[----------] Global test environment tear-down
[==========] 1 test from 1 test suite ran. (26 ms total)
[  PASSED  ] 1 test.
<end of output>
Test time =   0.09 sec
----------------------------------------------------------
Test Passed.
"SparseListTest.ImmutabilityOnSet" end time: Feb 10 11:13 -03
"SparseListTest.ImmutabilityOnSet" time elapsed: 00:00:00
----------------------------------------------------------

56/64 Testing: SparseListTest.SetAndGet
56/64 Test: SparseListTest.SetAndGet
Command: "/home/gamarino/Documentos/proyectos/protoCore/build/test/proto_tests" "--gtest_filter=SparseListTest.SetAndGet" "--gtest_also_run_disabled_tests"
Directory: /home/gamarino/Documentos/proyectos/protoCore/build/test
"SparseListTest.SetAndGet" start time: Feb 10 11:13 -03
Output:
----------------------------------------------------------
Running main() from /home/gamarino/Documentos/proyectos/protoCore/build/_deps/googletest-src/googletest/src/gtest_main.cc
Note: Google Test filter = SparseListTest.SetAndGet
[==========] Running 1 test from 1 test suite.
[----------] Global test environment set-up.
[----------] 1 test from SparseListTest
[ RUN      ] SparseListTest.SetAndGet
[       OK ] SparseListTest.SetAndGet (29 ms)
[----------] 1 test from SparseListTest (29 ms total)

[----------] Global test environment tear-down
[==========] 1 test from 1 test suite ran. (29 ms total)
[  PASSED  ] 1 test.
<end of output>
Test time =   0.10 sec
----------------------------------------------------------
Test Passed.
"SparseListTest.SetAndGet" end time: Feb 10 11:13 -03
"SparseListTest.SetAndGet" time elapsed: 00:00:00
----------------------------------------------------------

57/64 Testing: SparseListTest.UseAsStringKeys
57/64 Test: SparseListTest.UseAsStringKeys
Command: "/home/gamarino/Documentos/proyectos/protoCore/build/test/proto_tests" "--gtest_filter=SparseListTest.UseAsStringKeys" "--gtest_also_run_disabled_tests"
Directory: /home/gamarino/Documentos/proyectos/protoCore/build/test
"SparseListTest.UseAsStringKeys" start time: Feb 10 11:13 -03
Output:
----------------------------------------------------------
Running main() from /home/gamarino/Documentos/proyectos/protoCore/build/_deps/googletest-src/googletest/src/gtest_main.cc
Note: Google Test filter = SparseListTest.UseAsStringKeys
[==========] Running 1 test from 1 test suite.
[----------] Global test environment set-up.
[----------] 1 test from SparseListTest
[ RUN      ] SparseListTest.UseAsStringKeys
[       OK ] SparseListTest.UseAsStringKeys (26 ms)
[----------] 1 test from SparseListTest (26 ms total)

[----------] Global test environment tear-down
[==========] 1 test from 1 test suite ran. (26 ms total)
[  PASSED  ] 1 test.
<end of output>
Test time =   0.10 sec
----------------------------------------------------------
Test Passed.
"SparseListTest.UseAsStringKeys" end time: Feb 10 11:13 -03
"SparseListTest.UseAsStringKeys" time elapsed: 00:00:00
----------------------------------------------------------

21/64 Testing: ListTest.CreationAndSize
21/64 Test: ListTest.CreationAndSize
Command: "/home/gamarino/Documentos/proyectos/protoCore/build/test/proto_tests" "--gtest_filter=ListTest.CreationAndSize" "--gtest_also_run_disabled_tests"
Directory: /home/gamarino/Documentos/proyectos/protoCore/build/test
"ListTest.CreationAndSize" start time: Feb 10 11:13 -03
Output:
----------------------------------------------------------
Running main() from /home/gamarino/Documentos/proyectos/protoCore/build/_deps/googletest-src/googletest/src/gtest_main.cc
Note: Google Test filter = ListTest.CreationAndSize
[==========] Running 1 test from 1 test suite.
[----------] Global test environment set-up.
[----------] 1 test from ListTest
[ RUN      ] ListTest.CreationAndSize
[       OK ] ListTest.CreationAndSize (27 ms)
[----------] 1 test from ListTest (27 ms total)

[----------] Global test environment tear-down
[==========] 1 test from 1 test suite ran. (27 ms total)
[  PASSED  ] 1 test.
<end of output>
Test time =   0.11 sec
----------------------------------------------------------
Test Passed.
"ListTest.CreationAndSize" end time: Feb 10 11:13 -03
"ListTest.CreationAndSize" time elapsed: 00:00:00
----------------------------------------------------------

36/64 Testing: ObjectTest.Creation
36/64 Test: ObjectTest.Creation
Command: "/home/gamarino/Documentos/proyectos/protoCore/build/test/proto_tests" "--gtest_filter=ObjectTest.Creation" "--gtest_also_run_disabled_tests"
Directory: /home/gamarino/Documentos/proyectos/protoCore/build/test
"ObjectTest.Creation" start time: Feb 10 11:13 -03
Output:
----------------------------------------------------------
Running main() from /home/gamarino/Documentos/proyectos/protoCore/build/_deps/googletest-src/googletest/src/gtest_main.cc
Note: Google Test filter = ObjectTest.Creation
[==========] Running 1 test from 1 test suite.
[----------] Global test environment set-up.
[----------] 1 test from ObjectTest
[ RUN      ] ObjectTest.Creation
[       OK ] ObjectTest.Creation (32 ms)
[----------] 1 test from ObjectTest (32 ms total)

[----------] Global test environment tear-down
[==========] 1 test from 1 test suite ran. (33 ms total)
[  PASSED  ] 1 test.
<end of output>
Test time =   0.10 sec
----------------------------------------------------------
Test Passed.
"ObjectTest.Creation" end time: Feb 10 11:13 -03
"ObjectTest.Creation" time elapsed: 00:00:00
----------------------------------------------------------

1/64 Testing: ContextTest.PositionalArgumentBinding
1/64 Test: ContextTest.PositionalArgumentBinding
Command: "/home/gamarino/Documentos/proyectos/protoCore/build/test/proto_tests" "--gtest_filter=ContextTest.PositionalArgumentBinding" "--gtest_also_run_disabled_tests"
Directory: /home/gamarino/Documentos/proyectos/protoCore/build/test
"ContextTest.PositionalArgumentBinding" start time: Feb 10 11:13 -03
Output:
----------------------------------------------------------
Running main() from /home/gamarino/Documentos/proyectos/protoCore/build/_deps/googletest-src/googletest/src/gtest_main.cc
Note: Google Test filter = ContextTest.PositionalArgumentBinding
[==========] Running 1 test from 1 test suite.
[----------] Global test environment set-up.
[----------] 1 test from ContextTest
[ RUN      ] ContextTest.PositionalArgumentBinding
[       OK ] ContextTest.PositionalArgumentBinding (26 ms)
[----------] 1 test from ContextTest (26 ms total)

[----------] Global test environment tear-down
[==========] 1 test from 1 test suite ran. (26 ms total)
[  PASSED  ] 1 test.
<end of output>
Test time =   0.11 sec
----------------------------------------------------------
Test Passed.
"ContextTest.PositionalArgumentBinding" end time: Feb 10 11:13 -03
"ContextTest.PositionalArgumentBinding" time elapsed: 00:00:00
----------------------------------------------------------

60/64 Testing: TupleTest.CreationAndSize
60/64 Test: TupleTest.CreationAndSize
Command: "/home/gamarino/Documentos/proyectos/protoCore/build/test/proto_tests" "--gtest_filter=TupleTest.CreationAndSize" "--gtest_also_run_disabled_tests"
Directory: /home/gamarino/Documentos/proyectos/protoCore/build/test
"TupleTest.CreationAndSize" start time: Feb 10 11:13 -03
Output:
----------------------------------------------------------
Running main() from /home/gamarino/Documentos/proyectos/protoCore/build/_deps/googletest-src/googletest/src/gtest_main.cc
Note: Google Test filter = TupleTest.CreationAndSize
[==========] Running 1 test from 1 test suite.
[----------] Global test environment set-up.
[----------] 1 test from TupleTest
[ RUN      ] TupleTest.CreationAndSize
[       OK ] TupleTest.CreationAndSize (27 ms)
[----------] 1 test from TupleTest (27 ms total)

[----------] Global test environment tear-down
[==========] 1 test from 1 test suite ran. (27 ms total)
[  PASSED  ] 1 test.
<end of output>
Test time =   0.10 sec
----------------------------------------------------------
Test Passed.
"TupleTest.CreationAndSize" end time: Feb 10 11:13 -03
"TupleTest.CreationAndSize" time elapsed: 00:00:00
----------------------------------------------------------

14/64 Testing: NumericTest.ShiftOperations
14/64 Test: NumericTest.ShiftOperations
Command: "/home/gamarino/Documentos/proyectos/protoCore/build/test/proto_tests" "--gtest_filter=NumericTest.ShiftOperations" "--gtest_also_run_disabled_tests"
Directory: /home/gamarino/Documentos/proyectos/protoCore/build/test
"NumericTest.ShiftOperations" start time: Feb 10 11:13 -03
Output:
----------------------------------------------------------
Running main() from /home/gamarino/Documentos/proyectos/protoCore/build/_deps/googletest-src/googletest/src/gtest_main.cc
Note: Google Test filter = NumericTest.ShiftOperations
[==========] Running 1 test from 1 test suite.
[----------] Global test environment set-up.
[----------] 1 test from NumericTest
[ RUN      ] NumericTest.ShiftOperations
[       OK ] NumericTest.ShiftOperations (29 ms)
[----------] 1 test from NumericTest (30 ms total)

[----------] Global test environment tear-down
[==========] 1 test from 1 test suite ran. (30 ms total)
[  PASSED  ] 1 test.
<end of output>
Test time =   0.10 sec
----------------------------------------------------------
Test Passed.
"NumericTest.ShiftOperations" end time: Feb 10 11:13 -03
"NumericTest.ShiftOperations" time elapsed: 00:00:00
----------------------------------------------------------

7/64 Testing: NumericTest.DoubleCreationAndConversion
7/64 Test: NumericTest.DoubleCreationAndConversion
Command: "/home/gamarino/Documentos/proyectos/protoCore/build/test/proto_tests" "--gtest_filter=NumericTest.DoubleCreationAndConversion" "--gtest_also_run_disabled_tests"
Directory: /home/gamarino/Documentos/proyectos/protoCore/build/test
"NumericTest.DoubleCreationAndConversion" start time: Feb 10 11:13 -03
Output:
----------------------------------------------------------
Running main() from /home/gamarino/Documentos/proyectos/protoCore/build/_deps/googletest-src/googletest/src/gtest_main.cc
Note: Google Test filter = NumericTest.DoubleCreationAndConversion
[==========] Running 1 test from 1 test suite.
[----------] Global test environment set-up.
[----------] 1 test from NumericTest
[ RUN      ] NumericTest.DoubleCreationAndConversion
[       OK ] NumericTest.DoubleCreationAndConversion (28 ms)
[----------] 1 test from NumericTest (28 ms total)

[----------] Global test environment tear-down
[==========] 1 test from 1 test suite ran. (28 ms total)
[  PASSED  ] 1 test.
<end of output>
Test time =   0.10 sec
----------------------------------------------------------
Test Passed.
"NumericTest.DoubleCreationAndConversion" end time: Feb 10 11:13 -03
"NumericTest.DoubleCreationAndConversion" time elapsed: 00:00:00
----------------------------------------------------------

13/64 Testing: NumericTest.BitwiseOperations
13/64 Test: NumericTest.BitwiseOperations
Command: "/home/gamarino/Documentos/proyectos/protoCore/build/test/proto_tests" "--gtest_filter=NumericTest.BitwiseOperations" "--gtest_also_run_disabled_tests"
Directory: /home/gamarino/Documentos/proyectos/protoCore/build/test
"NumericTest.BitwiseOperations" start time: Feb 10 11:13 -03
Output:
----------------------------------------------------------
Running main() from /home/gamarino/Documentos/proyectos/protoCore/build/_deps/googletest-src/googletest/src/gtest_main.cc
Note: Google Test filter = NumericTest.BitwiseOperations
[==========] Running 1 test from 1 test suite.
[----------] Global test environment set-up.
[----------] 1 test from NumericTest
[ RUN      ] NumericTest.BitwiseOperations
[       OK ] NumericTest.BitwiseOperations (37 ms)
[----------] 1 test from NumericTest (37 ms total)

[----------] Global test environment tear-down
[==========] 1 test from 1 test suite ran. (37 ms total)
[  PASSED  ] 1 test.
<end of output>
Test time =   0.10 sec
----------------------------------------------------------
Test Passed.
"NumericTest.BitwiseOperations" end time: Feb 10 11:13 -03
"NumericTest.BitwiseOperations" time elapsed: 00:00:00
----------------------------------------------------------

12/64 Testing: NumericTest.BitwiseNot
12/64 Test: NumericTest.BitwiseNot
Command: "/home/gamarino/Documentos/proyectos/protoCore/build/test/proto_tests" "--gtest_filter=NumericTest.BitwiseNot" "--gtest_also_run_disabled_tests"
Directory: /home/gamarino/Documentos/proyectos/protoCore/build/test
"NumericTest.BitwiseNot" start time: Feb 10 11:13 -03
Output:
----------------------------------------------------------
Running main() from /home/gamarino/Documentos/proyectos/protoCore/build/_deps/googletest-src/googletest/src/gtest_main.cc
Note: Google Test filter = NumericTest.BitwiseNot
[==========] Running 1 test from 1 test suite.
[----------] Global test environment set-up.
[----------] 1 test from NumericTest
[ RUN      ] NumericTest.BitwiseNot
[       OK ] NumericTest.BitwiseNot (29 ms)
[----------] 1 test from NumericTest (29 ms total)

[----------] Global test environment tear-down
[==========] 1 test from 1 test suite ran. (29 ms total)
[  PASSED  ] 1 test.
<end of output>
Test time =   0.12 sec
----------------------------------------------------------
Test Passed.
"NumericTest.BitwiseNot" end time: Feb 10 11:13 -03
"NumericTest.BitwiseNot" time elapsed: 00:00:00
----------------------------------------------------------

44/64 Testing: PrimitivesTest.NoneHandling
44/64 Test: PrimitivesTest.NoneHandling
Command: "/home/gamarino/Documentos/proyectos/protoCore/build/test/proto_tests" "--gtest_filter=PrimitivesTest.NoneHandling" "--gtest_also_run_disabled_tests"
Directory: /home/gamarino/Documentos/proyectos/protoCore/build/test
"PrimitivesTest.NoneHandling" start time: Feb 10 11:13 -03
Output:
----------------------------------------------------------
Running main() from /home/gamarino/Documentos/proyectos/protoCore/build/_deps/googletest-src/googletest/src/gtest_main.cc
Note: Google Test filter = PrimitivesTest.NoneHandling
[==========] Running 1 test from 1 test suite.
[----------] Global test environment set-up.
[----------] 1 test from PrimitivesTest
[ RUN      ] PrimitivesTest.NoneHandling
[       OK ] PrimitivesTest.NoneHandling (32 ms)
[----------] 1 test from PrimitivesTest (32 ms total)

[----------] Global test environment tear-down
[==========] 1 test from 1 test suite ran. (32 ms total)
[  PASSED  ] 1 test.
<end of output>
Test time =   0.11 sec
----------------------------------------------------------
Test Passed.
"PrimitivesTest.NoneHandling" end time: Feb 10 11:13 -03
"PrimitivesTest.NoneHandling" time elapsed: 00:00:00
----------------------------------------------------------

6/64 Testing: NumericTest.CreationAndConversion
6/64 Test: NumericTest.CreationAndConversion
Command: "/home/gamarino/Documentos/proyectos/protoCore/build/test/proto_tests" "--gtest_filter=NumericTest.CreationAndConversion" "--gtest_also_run_disabled_tests"
Directory: /home/gamarino/Documentos/proyectos/protoCore/build/test
"NumericTest.CreationAndConversion" start time: Feb 10 11:13 -03
Output:
----------------------------------------------------------
Running main() from /home/gamarino/Documentos/proyectos/protoCore/build/_deps/googletest-src/googletest/src/gtest_main.cc
Note: Google Test filter = NumericTest.CreationAndConversion
[==========] Running 1 test from 1 test suite.
[----------] Global test environment set-up.
[----------] 1 test from NumericTest
[ RUN      ] NumericTest.CreationAndConversion
[       OK ] NumericTest.CreationAndConversion (28 ms)
[----------] 1 test from NumericTest (28 ms total)

[----------] Global test environment tear-down
[==========] 1 test from 1 test suite ran. (28 ms total)
[  PASSED  ] 1 test.
<end of output>
Test time =   0.12 sec
----------------------------------------------------------
Test Passed.
"NumericTest.CreationAndConversion" end time: Feb 10 11:13 -03
"NumericTest.CreationAndConversion" time elapsed: 00:00:00
----------------------------------------------------------

17/64 Testing: SwarmTest.OneMillionConcats
17/64 Test: SwarmTest.OneMillionConcats
Command: ""
Directory: /home/gamarino/Documentos/proyectos/protoCore/build/test
"SwarmTest.OneMillionConcats" start time: 
Output:
----------------------------------------------------------
<end of output>
Test time =   0.00 sec
----------------------------------------------------------
Test Passed.
"SwarmTest.OneMillionConcats" end time: Feb 10 11:13 -03
"SwarmTest.OneMillionConcats" time elapsed: 00:00:00
----------------------------------------------------------

18/64 Testing: SwarmTest.LargeRopeIndexAccess
18/64 Test: SwarmTest.LargeRopeIndexAccess
Command: ""
Directory: /home/gamarino/Documentos/proyectos/protoCore/build/test
"SwarmTest.LargeRopeIndexAccess" start time: 
Output:
----------------------------------------------------------
<end of output>
Test time =   0.00 sec
----------------------------------------------------------
Test Passed.
"SwarmTest.LargeRopeIndexAccess" end time: Feb 10 11:13 -03
"SwarmTest.LargeRopeIndexAccess" time elapsed: 00:00:00
----------------------------------------------------------

8/64 Testing: NumericTest.FastPathArithmetic
8/64 Test: NumericTest.FastPathArithmetic
Command: "/home/gamarino/Documentos/proyectos/protoCore/build/test/proto_tests" "--gtest_filter=NumericTest.FastPathArithmetic" "--gtest_also_run_disabled_tests"
Directory: /home/gamarino/Documentos/proyectos/protoCore/build/test
"NumericTest.FastPathArithmetic" start time: Feb 10 11:13 -03
Output:
----------------------------------------------------------
Running main() from /home/gamarino/Documentos/proyectos/protoCore/build/_deps/googletest-src/googletest/src/gtest_main.cc
Note: Google Test filter = NumericTest.FastPathArithmetic
[==========] Running 1 test from 1 test suite.
[----------] Global test environment set-up.
[----------] 1 test from NumericTest
[ RUN      ] NumericTest.FastPathArithmetic
[       OK ] NumericTest.FastPathArithmetic (52 ms)
[----------] 1 test from NumericTest (52 ms total)

[----------] Global test environment tear-down
[==========] 1 test from 1 test suite ran. (52 ms total)
[  PASSED  ] 1 test.
<end of output>
Test time =   0.11 sec
----------------------------------------------------------
Test Passed.
"NumericTest.FastPathArithmetic" end time: Feb 10 11:13 -03
"NumericTest.FastPathArithmetic" time elapsed: 00:00:00
----------------------------------------------------------

43/64 Testing: PrimitivesTest.BooleanHandling
43/64 Test: PrimitivesTest.BooleanHandling
Command: "/home/gamarino/Documentos/proyectos/protoCore/build/test/proto_tests" "--gtest_filter=PrimitivesTest.BooleanHandling" "--gtest_also_run_disabled_tests"
Directory: /home/gamarino/Documentos/proyectos/protoCore/build/test
"PrimitivesTest.BooleanHandling" start time: Feb 10 11:13 -03
Output:
----------------------------------------------------------
Running main() from /home/gamarino/Documentos/proyectos/protoCore/build/_deps/googletest-src/googletest/src/gtest_main.cc
Note: Google Test filter = PrimitivesTest.BooleanHandling
[==========] Running 1 test from 1 test suite.
[----------] Global test environment set-up.
[----------] 1 test from PrimitivesTest
[ RUN      ] PrimitivesTest.BooleanHandling
[       OK ] PrimitivesTest.BooleanHandling (28 ms)
[----------] 1 test from PrimitivesTest (28 ms total)

[----------] Global test environment tear-down
[==========] 1 test from 1 test suite ran. (28 ms total)
[  PASSED  ] 1 test.
<end of output>
Test time =   0.10 sec
----------------------------------------------------------
Test Passed.
"PrimitivesTest.BooleanHandling" end time: Feb 10 11:13 -03
"PrimitivesTest.BooleanHandling" time elapsed: 00:00:00
----------------------------------------------------------

11/64 Testing: NumericTest.DivisionAndErrorHandling
11/64 Test: NumericTest.DivisionAndErrorHandling
Command: "/home/gamarino/Documentos/proyectos/protoCore/build/test/proto_tests" "--gtest_filter=NumericTest.DivisionAndErrorHandling" "--gtest_also_run_disabled_tests"
Directory: /home/gamarino/Documentos/proyectos/protoCore/build/test
"NumericTest.DivisionAndErrorHandling" start time: Feb 10 11:13 -03
Output:
----------------------------------------------------------
Running main() from /home/gamarino/Documentos/proyectos/protoCore/build/_deps/googletest-src/googletest/src/gtest_main.cc
Note: Google Test filter = NumericTest.DivisionAndErrorHandling
[==========] Running 1 test from 1 test suite.
[----------] Global test environment set-up.
[----------] 1 test from NumericTest
[ RUN      ] NumericTest.DivisionAndErrorHandling
[       OK ] NumericTest.DivisionAndErrorHandling (43 ms)
[----------] 1 test from NumericTest (43 ms total)

[----------] Global test environment tear-down
[==========] 1 test from 1 test suite ran. (43 ms total)
[  PASSED  ] 1 test.
<end of output>
Test time =   0.08 sec
----------------------------------------------------------
Test Passed.
"NumericTest.DivisionAndErrorHandling" end time: Feb 10 11:13 -03
"NumericTest.DivisionAndErrorHandling" time elapsed: 00:00:00
----------------------------------------------------------

59/64 Testing: SparseListTest.RemoveAt
59/64 Test: SparseListTest.RemoveAt
Command: "/home/gamarino/Documentos/proyectos/protoCore/build/test/proto_tests" "--gtest_filter=SparseListTest.RemoveAt" "--gtest_also_run_disabled_tests"
Directory: /home/gamarino/Documentos/proyectos/protoCore/build/test
"SparseListTest.RemoveAt" start time: Feb 10 11:13 -03
Output:
----------------------------------------------------------
Running main() from /home/gamarino/Documentos/proyectos/protoCore/build/_deps/googletest-src/googletest/src/gtest_main.cc
Note: Google Test filter = SparseListTest.RemoveAt
[==========] Running 1 test from 1 test suite.
[----------] Global test environment set-up.
[----------] 1 test from SparseListTest
[ RUN      ] SparseListTest.RemoveAt
[       OK ] SparseListTest.RemoveAt (39 ms)
[----------] 1 test from SparseListTest (39 ms total)

[----------] Global test environment tear-down
[==========] 1 test from 1 test suite ran. (39 ms total)
[  PASSED  ] 1 test.
<end of output>
Test time =   0.08 sec
----------------------------------------------------------
Test Passed.
"SparseListTest.RemoveAt" end time: Feb 10 11:13 -03
"SparseListTest.RemoveAt" time elapsed: 00:00:00
----------------------------------------------------------

3/64 Testing: ContextTest.ArgumentCountError
3/64 Test: ContextTest.ArgumentCountError
Command: "/home/gamarino/Documentos/proyectos/protoCore/build/test/proto_tests" "--gtest_filter=ContextTest.ArgumentCountError" "--gtest_also_run_disabled_tests"
Directory: /home/gamarino/Documentos/proyectos/protoCore/build/test
"ContextTest.ArgumentCountError" start time: Feb 10 11:13 -03
Output:
----------------------------------------------------------
Running main() from /home/gamarino/Documentos/proyectos/protoCore/build/_deps/googletest-src/googletest/src/gtest_main.cc
Note: Google Test filter = ContextTest.ArgumentCountError
[==========] Running 1 test from 1 test suite.
[----------] Global test environment set-up.
[----------] 1 test from ContextTest
[ RUN      ] ContextTest.ArgumentCountError
[       OK ] ContextTest.ArgumentCountError (42 ms)
[----------] 1 test from ContextTest (42 ms total)

[----------] Global test environment tear-down
[==========] 1 test from 1 test suite ran. (42 ms total)
[  PASSED  ] 1 test.
<end of output>
Test time =   0.07 sec
----------------------------------------------------------
Test Passed.
"ContextTest.ArgumentCountError" end time: Feb 10 11:13 -03
"ContextTest.ArgumentCountError" time elapsed: 00:00:00
----------------------------------------------------------

9/64 Testing: NumericTest.LargeIntegerArithmetic
9/64 Test: NumericTest.LargeIntegerArithmetic
Command: "/home/gamarino/Documentos/proyectos/protoCore/build/test/proto_tests" "--gtest_filter=NumericTest.LargeIntegerArithmetic" "--gtest_also_run_disabled_tests"
Directory: /home/gamarino/Documentos/proyectos/protoCore/build/test
"NumericTest.LargeIntegerArithmetic" start time: Feb 10 11:13 -03
Output:
----------------------------------------------------------
Running main() from /home/gamarino/Documentos/proyectos/protoCore/build/_deps/googletest-src/googletest/src/gtest_main.cc
Note: Google Test filter = NumericTest.LargeIntegerArithmetic
[==========] Running 1 test from 1 test suite.
[----------] Global test environment set-up.
[----------] 1 test from NumericTest
[ RUN      ] NumericTest.LargeIntegerArithmetic
[       OK ] NumericTest.LargeIntegerArithmetic (29 ms)
[----------] 1 test from NumericTest (29 ms total)

[----------] Global test environment tear-down
[==========] 1 test from 1 test suite ran. (29 ms total)
[  PASSED  ] 1 test.
<end of output>
Test time =   0.06 sec
----------------------------------------------------------
Test Passed.
"NumericTest.LargeIntegerArithmetic" end time: Feb 10 11:13 -03
"NumericTest.LargeIntegerArithmetic" time elapsed: 00:00:00
----------------------------------------------------------

10/64 Testing: NumericTest.MixedTypeArithmetic
10/64 Test: NumericTest.MixedTypeArithmetic
Command: "/home/gamarino/Documentos/proyectos/protoCore/build/test/proto_tests" "--gtest_filter=NumericTest.MixedTypeArithmetic" "--gtest_also_run_disabled_tests"
Directory: /home/gamarino/Documentos/proyectos/protoCore/build/test
"NumericTest.MixedTypeArithmetic" start time: Feb 10 11:13 -03
Output:
----------------------------------------------------------
Running main() from /home/gamarino/Documentos/proyectos/protoCore/build/_deps/googletest-src/googletest/src/gtest_main.cc
Note: Google Test filter = NumericTest.MixedTypeArithmetic
[==========] Running 1 test from 1 test suite.
[----------] Global test environment set-up.
[----------] 1 test from NumericTest
[ RUN      ] NumericTest.MixedTypeArithmetic
[       OK ] NumericTest.MixedTypeArithmetic (30 ms)
[----------] 1 test from NumericTest (30 ms total)

[----------] Global test environment tear-down
[==========] 1 test from 1 test suite ran. (30 ms total)
[  PASSED  ] 1 test.
<end of output>
Test time =   0.06 sec
----------------------------------------------------------
Test Passed.
"NumericTest.MixedTypeArithmetic" end time: Feb 10 11:13 -03
"NumericTest.MixedTypeArithmetic" time elapsed: 00:00:00
----------------------------------------------------------

2/64 Testing: ContextTest.LocalVariableAllocation
2/64 Test: ContextTest.LocalVariableAllocation
Command: "/home/gamarino/Documentos/proyectos/protoCore/build/test/proto_tests" "--gtest_filter=ContextTest.LocalVariableAllocation" "--gtest_also_run_disabled_tests"
Directory: /home/gamarino/Documentos/proyectos/protoCore/build/test
"ContextTest.LocalVariableAllocation" start time: Feb 10 11:13 -03
Output:
----------------------------------------------------------
Running main() from /home/gamarino/Documentos/proyectos/protoCore/build/_deps/googletest-src/googletest/src/gtest_main.cc
Note: Google Test filter = ContextTest.LocalVariableAllocation
[==========] Running 1 test from 1 test suite.
[----------] Global test environment set-up.
[----------] 1 test from ContextTest
[ RUN      ] ContextTest.LocalVariableAllocation
[       OK ] ContextTest.LocalVariableAllocation (32 ms)
[----------] 1 test from ContextTest (32 ms total)

[----------] Global test environment tear-down
[==========] 1 test from 1 test suite ran. (32 ms total)
[  PASSED  ] 1 test.
<end of output>
Test time =   0.05 sec
----------------------------------------------------------
Test Passed.
"ContextTest.LocalVariableAllocation" end time: Feb 10 11:13 -03
"ContextTest.LocalVariableAllocation" time elapsed: 00:00:00
----------------------------------------------------------

42/64 Testing: PrimitivesTest.IntegerHandling
42/64 Test: PrimitivesTest.IntegerHandling
Command: "/home/gamarino/Documentos/proyectos/protoCore/build/test/proto_tests" "--gtest_filter=PrimitivesTest.IntegerHandling" "--gtest_also_run_disabled_tests"
Directory: /home/gamarino/Documentos/proyectos/protoCore/build/test
"PrimitivesTest.IntegerHandling" start time: Feb 10 11:13 -03
Output:
----------------------------------------------------------
Running main() from /home/gamarino/Documentos/proyectos/protoCore/build/_deps/googletest-src/googletest/src/gtest_main.cc
Note: Google Test filter = PrimitivesTest.IntegerHandling
[==========] Running 1 test from 1 test suite.
[----------] Global test environment set-up.
[----------] 1 test from PrimitivesTest
[ RUN      ] PrimitivesTest.IntegerHandling
[       OK ] PrimitivesTest.IntegerHandling (32 ms)
[----------] 1 test from PrimitivesTest (32 ms total)

[----------] Global test environment tear-down
[==========] 1 test from 1 test suite ran. (32 ms total)
[  PASSED  ] 1 test.
<end of output>
Test time =   0.06 sec
----------------------------------------------------------
Test Passed.
"PrimitivesTest.IntegerHandling" end time: Feb 10 11:13 -03
"PrimitivesTest.IntegerHandling" time elapsed: 00:00:00
----------------------------------------------------------

19/64 Testing: SwarmTest.ExternalBufferGC
19/64 Test: SwarmTest.ExternalBufferGC
Command: "/home/gamarino/Documentos/proyectos/protoCore/build/test/proto_tests" "--gtest_filter=SwarmTest.ExternalBufferGC" "--gtest_also_run_disabled_tests"
Directory: /home/gamarino/Documentos/proyectos/protoCore/build/test
"SwarmTest.ExternalBufferGC" start time: Feb 10 11:13 -03
Output:
----------------------------------------------------------
Running main() from /home/gamarino/Documentos/proyectos/protoCore/build/_deps/googletest-src/googletest/src/gtest_main.cc
Note: Google Test filter = SwarmTest.ExternalBufferGC
[==========] Running 1 test from 1 test suite.
[----------] Global test environment set-up.
[----------] 1 test from SwarmTest
[ RUN      ] SwarmTest.ExternalBufferGC
[       OK ] SwarmTest.ExternalBufferGC (1115 ms)
[----------] 1 test from SwarmTest (1115 ms total)

[----------] Global test environment tear-down
[==========] 1 test from 1 test suite ran. (1115 ms total)
[  PASSED  ] 1 test.
<end of output>
Test time =   1.14 sec
----------------------------------------------------------
Test Passed.
"SwarmTest.ExternalBufferGC" end time: Feb 10 11:13 -03
"SwarmTest.ExternalBufferGC" time elapsed: 00:00:01
----------------------------------------------------------

5/64 Testing: GCStressTest.LargeAllocationReclamation
5/64 Test: GCStressTest.LargeAllocationReclamation
Command: "/home/gamarino/Documentos/proyectos/protoCore/build/test/proto_tests" "--gtest_filter=GCStressTest.LargeAllocationReclamation" "--gtest_also_run_disabled_tests"
Directory: /home/gamarino/Documentos/proyectos/protoCore/build/test
"GCStressTest.LargeAllocationReclamation" start time: Feb 10 11:13 -03
Output:
----------------------------------------------------------
Running main() from /home/gamarino/Documentos/proyectos/protoCore/build/_deps/googletest-src/googletest/src/gtest_main.cc
Note: Google Test filter = GCStressTest.LargeAllocationReclamation
[==========] Running 1 test from 1 test suite.
[----------] Global test environment set-up.
[----------] 1 test from GCStressTest
[ RUN      ] GCStressTest.LargeAllocationReclamation
Initial Heap Size: 262144 blocks
Final Heap Size: 262144 blocks
Final Free Cells: 0 blocks
[       OK ] GCStressTest.LargeAllocationReclamation (3188 ms)
[----------] 1 test from GCStressTest (3188 ms total)

[----------] Global test environment tear-down
[==========] 1 test from 1 test suite ran. (3189 ms total)
[  PASSED  ] 1 test.
<end of output>
Test time =   3.20 sec
----------------------------------------------------------
Test Passed.
"GCStressTest.LargeAllocationReclamation" end time: Feb 10 11:13 -03
"GCStressTest.LargeAllocationReclamation" time elapsed: 00:00:03
----------------------------------------------------------

End testing: Feb 10 11:13 -03
