Start testing: Jan 24 10:40 -03
----------------------------------------------------------
1/49 Testing: ContextTest.PositionalArgumentBinding
1/49 Test: ContextTest.PositionalArgumentBinding
Command: "/home/gamarino/Documentos/proyectos/protoCore/test/proto_tests" "--gtest_filter=ContextTest.PositionalArgumentBinding" "--gtest_also_run_disabled_tests"
Directory: /home/gamarino/Documentos/proyectos/protoCore/test
"ContextTest.PositionalArgumentBinding" start time: Jan 24 10:40 -03
Output:
----------------------------------------------------------
Running main() from /home/gamarino/Documentos/proyectos/protoCore/_deps/googletest-src/googletest/src/gtest_main.cc
Note: Google Test filter = ContextTest.PositionalArgumentBinding
[==========] Running 1 test from 1 test suite.
[----------] Global test environment set-up.
[----------] 1 test from ContextTest
[ RUN      ] ContextTest.PositionalArgumentBinding
[       OK ] ContextTest.PositionalArgumentBinding (0 ms)
[----------] 1 test from ContextTest (0 ms total)

[----------] Global test environment tear-down
[==========] 1 test from 1 test suite ran. (0 ms total)
[  PASSED  ] 1 test.
<end of output>
Test time =   0.01 sec
----------------------------------------------------------
Test Passed.
"ContextTest.PositionalArgumentBinding" end time: Jan 24 10:40 -03
"ContextTest.PositionalArgumentBinding" time elapsed: 00:00:00
----------------------------------------------------------

2/49 Testing: ContextTest.LocalVariableAllocation
2/49 Test: ContextTest.LocalVariableAllocation
Command: "/home/gamarino/Documentos/proyectos/protoCore/test/proto_tests" "--gtest_filter=ContextTest.LocalVariableAllocation" "--gtest_also_run_disabled_tests"
Directory: /home/gamarino/Documentos/proyectos/protoCore/test
"ContextTest.LocalVariableAllocation" start time: Jan 24 10:40 -03
Output:
----------------------------------------------------------
Running main() from /home/gamarino/Documentos/proyectos/protoCore/_deps/googletest-src/googletest/src/gtest_main.cc
Note: Google Test filter = ContextTest.LocalVariableAllocation
[==========] Running 1 test from 1 test suite.
[----------] Global test environment set-up.
[----------] 1 test from ContextTest
[ RUN      ] ContextTest.LocalVariableAllocation
[       OK ] ContextTest.LocalVariableAllocation (0 ms)
[----------] 1 test from ContextTest (0 ms total)

[----------] Global test environment tear-down
[==========] 1 test from 1 test suite ran. (0 ms total)
[  PASSED  ] 1 test.
<end of output>
Test time =   0.00 sec
----------------------------------------------------------
Test Passed.
"ContextTest.LocalVariableAllocation" end time: Jan 24 10:40 -03
"ContextTest.LocalVariableAllocation" time elapsed: 00:00:00
----------------------------------------------------------

3/49 Testing: ContextTest.ArgumentCountError
3/49 Test: ContextTest.ArgumentCountError
Command: "/home/gamarino/Documentos/proyectos/protoCore/test/proto_tests" "--gtest_filter=ContextTest.ArgumentCountError" "--gtest_also_run_disabled_tests"
Directory: /home/gamarino/Documentos/proyectos/protoCore/test
"ContextTest.ArgumentCountError" start time: Jan 24 10:40 -03
Output:
----------------------------------------------------------
Running main() from /home/gamarino/Documentos/proyectos/protoCore/_deps/googletest-src/googletest/src/gtest_main.cc
Note: Google Test filter = ContextTest.ArgumentCountError
[==========] Running 1 test from 1 test suite.
[----------] Global test environment set-up.
[----------] 1 test from ContextTest
[ RUN      ] ContextTest.ArgumentCountError
[       OK ] ContextTest.ArgumentCountError (0 ms)
[----------] 1 test from ContextTest (0 ms total)

[----------] Global test environment tear-down
[==========] 1 test from 1 test suite ran. (0 ms total)
[  PASSED  ] 1 test.
<end of output>
Test time =   0.00 sec
----------------------------------------------------------
Test Passed.
"ContextTest.ArgumentCountError" end time: Jan 24 10:40 -03
"ContextTest.ArgumentCountError" time elapsed: 00:00:00
----------------------------------------------------------

4/49 Testing: ContextTest.LifecycleAndReturnValuePromotion
4/49 Test: ContextTest.LifecycleAndReturnValuePromotion
Command: "/home/gamarino/Documentos/proyectos/protoCore/test/proto_tests" "--gtest_filter=ContextTest.LifecycleAndReturnValuePromotion" "--gtest_also_run_disabled_tests"
Directory: /home/gamarino/Documentos/proyectos/protoCore/test
"ContextTest.LifecycleAndReturnValuePromotion" start time: Jan 24 10:40 -03
Output:
----------------------------------------------------------
Running main() from /home/gamarino/Documentos/proyectos/protoCore/_deps/googletest-src/googletest/src/gtest_main.cc
Note: Google Test filter = ContextTest.LifecycleAndReturnValuePromotion
[==========] Running 1 test from 1 test suite.
[----------] Global test environment set-up.
[----------] 1 test from ContextTest
[ RUN      ] ContextTest.LifecycleAndReturnValuePromotion
/home/gamarino/Documentos/proyectos/protoCore/test/ContextTests.cpp:100: Failure
Expected equality of these values:
  g_context->lastAllocatedCell
    Which is: 0x6382bc4aed00
  nullptr
    Which is: (nullptr)

[  FAILED  ] ContextTest.LifecycleAndReturnValuePromotion (0 ms)
[----------] 1 test from ContextTest (0 ms total)

[----------] Global test environment tear-down
[==========] 1 test from 1 test suite ran. (0 ms total)
[  PASSED  ] 0 tests.
[  FAILED  ] 1 test, listed below:
[  FAILED  ] ContextTest.LifecycleAndReturnValuePromotion

 1 FAILED TEST
<end of output>
Test time =   0.00 sec
----------------------------------------------------------
Test Failed.
"ContextTest.LifecycleAndReturnValuePromotion" end time: Jan 24 10:40 -03
"ContextTest.LifecycleAndReturnValuePromotion" time elapsed: 00:00:00
----------------------------------------------------------

5/49 Testing: NumericTest.CreationAndConversion
5/49 Test: NumericTest.CreationAndConversion
Command: "/home/gamarino/Documentos/proyectos/protoCore/test/proto_tests" "--gtest_filter=NumericTest.CreationAndConversion" "--gtest_also_run_disabled_tests"
Directory: /home/gamarino/Documentos/proyectos/protoCore/test
"NumericTest.CreationAndConversion" start time: Jan 24 10:40 -03
Output:
----------------------------------------------------------
Running main() from /home/gamarino/Documentos/proyectos/protoCore/_deps/googletest-src/googletest/src/gtest_main.cc
Note: Google Test filter = NumericTest.CreationAndConversion
[==========] Running 1 test from 1 test suite.
[----------] Global test environment set-up.
[----------] 1 test from NumericTest
[ RUN      ] NumericTest.CreationAndConversion
[       OK ] NumericTest.CreationAndConversion (0 ms)
[----------] 1 test from NumericTest (0 ms total)

[----------] Global test environment tear-down
[==========] 1 test from 1 test suite ran. (0 ms total)
[  PASSED  ] 1 test.
<end of output>
Test time =   0.00 sec
----------------------------------------------------------
Test Passed.
"NumericTest.CreationAndConversion" end time: Jan 24 10:40 -03
"NumericTest.CreationAndConversion" time elapsed: 00:00:00
----------------------------------------------------------

6/49 Testing: NumericTest.DoubleCreationAndConversion
6/49 Test: NumericTest.DoubleCreationAndConversion
Command: "/home/gamarino/Documentos/proyectos/protoCore/test/proto_tests" "--gtest_filter=NumericTest.DoubleCreationAndConversion" "--gtest_also_run_disabled_tests"
Directory: /home/gamarino/Documentos/proyectos/protoCore/test
"NumericTest.DoubleCreationAndConversion" start time: Jan 24 10:40 -03
Output:
----------------------------------------------------------
Running main() from /home/gamarino/Documentos/proyectos/protoCore/_deps/googletest-src/googletest/src/gtest_main.cc
Note: Google Test filter = NumericTest.DoubleCreationAndConversion
[==========] Running 1 test from 1 test suite.
[----------] Global test environment set-up.
[----------] 1 test from NumericTest
[ RUN      ] NumericTest.DoubleCreationAndConversion
[       OK ] NumericTest.DoubleCreationAndConversion (0 ms)
[----------] 1 test from NumericTest (0 ms total)

[----------] Global test environment tear-down
[==========] 1 test from 1 test suite ran. (0 ms total)
[  PASSED  ] 1 test.
<end of output>
Test time =   0.00 sec
----------------------------------------------------------
Test Passed.
"NumericTest.DoubleCreationAndConversion" end time: Jan 24 10:40 -03
"NumericTest.DoubleCreationAndConversion" time elapsed: 00:00:00
----------------------------------------------------------

7/49 Testing: NumericTest.FastPathArithmetic
7/49 Test: NumericTest.FastPathArithmetic
Command: "/home/gamarino/Documentos/proyectos/protoCore/test/proto_tests" "--gtest_filter=NumericTest.FastPathArithmetic" "--gtest_also_run_disabled_tests"
Directory: /home/gamarino/Documentos/proyectos/protoCore/test
"NumericTest.FastPathArithmetic" start time: Jan 24 10:40 -03
Output:
----------------------------------------------------------
Running main() from /home/gamarino/Documentos/proyectos/protoCore/_deps/googletest-src/googletest/src/gtest_main.cc
Note: Google Test filter = NumericTest.FastPathArithmetic
[==========] Running 1 test from 1 test suite.
[----------] Global test environment set-up.
[----------] 1 test from NumericTest
[ RUN      ] NumericTest.FastPathArithmetic
[       OK ] NumericTest.FastPathArithmetic (0 ms)
[----------] 1 test from NumericTest (0 ms total)

[----------] Global test environment tear-down
[==========] 1 test from 1 test suite ran. (0 ms total)
[  PASSED  ] 1 test.
<end of output>
Test time =   0.00 sec
----------------------------------------------------------
Test Passed.
"NumericTest.FastPathArithmetic" end time: Jan 24 10:40 -03
"NumericTest.FastPathArithmetic" time elapsed: 00:00:00
----------------------------------------------------------

8/49 Testing: NumericTest.LargeIntegerArithmetic
8/49 Test: NumericTest.LargeIntegerArithmetic
Command: "/home/gamarino/Documentos/proyectos/protoCore/test/proto_tests" "--gtest_filter=NumericTest.LargeIntegerArithmetic" "--gtest_also_run_disabled_tests"
Directory: /home/gamarino/Documentos/proyectos/protoCore/test
"NumericTest.LargeIntegerArithmetic" start time: Jan 24 10:40 -03
Output:
----------------------------------------------------------
Running main() from /home/gamarino/Documentos/proyectos/protoCore/_deps/googletest-src/googletest/src/gtest_main.cc
Note: Google Test filter = NumericTest.LargeIntegerArithmetic
[==========] Running 1 test from 1 test suite.
[----------] Global test environment set-up.
[----------] 1 test from NumericTest
[ RUN      ] NumericTest.LargeIntegerArithmetic
[       OK ] NumericTest.LargeIntegerArithmetic (0 ms)
[----------] 1 test from NumericTest (0 ms total)

[----------] Global test environment tear-down
[==========] 1 test from 1 test suite ran. (0 ms total)
[  PASSED  ] 1 test.
<end of output>
Test time =   0.00 sec
----------------------------------------------------------
Test Passed.
"NumericTest.LargeIntegerArithmetic" end time: Jan 24 10:40 -03
"NumericTest.LargeIntegerArithmetic" time elapsed: 00:00:00
----------------------------------------------------------

9/49 Testing: NumericTest.MixedTypeArithmetic
9/49 Test: NumericTest.MixedTypeArithmetic
Command: "/home/gamarino/Documentos/proyectos/protoCore/test/proto_tests" "--gtest_filter=NumericTest.MixedTypeArithmetic" "--gtest_also_run_disabled_tests"
Directory: /home/gamarino/Documentos/proyectos/protoCore/test
"NumericTest.MixedTypeArithmetic" start time: Jan 24 10:40 -03
Output:
----------------------------------------------------------
Running main() from /home/gamarino/Documentos/proyectos/protoCore/_deps/googletest-src/googletest/src/gtest_main.cc
Note: Google Test filter = NumericTest.MixedTypeArithmetic
[==========] Running 1 test from 1 test suite.
[----------] Global test environment set-up.
[----------] 1 test from NumericTest
[ RUN      ] NumericTest.MixedTypeArithmetic
[       OK ] NumericTest.MixedTypeArithmetic (0 ms)
[----------] 1 test from NumericTest (0 ms total)

[----------] Global test environment tear-down
[==========] 1 test from 1 test suite ran. (0 ms total)
[  PASSED  ] 1 test.
<end of output>
Test time =   0.00 sec
----------------------------------------------------------
Test Passed.
"NumericTest.MixedTypeArithmetic" end time: Jan 24 10:40 -03
"NumericTest.MixedTypeArithmetic" time elapsed: 00:00:00
----------------------------------------------------------

10/49 Testing: NumericTest.DivisionAndErrorHandling
10/49 Test: NumericTest.DivisionAndErrorHandling
Command: "/home/gamarino/Documentos/proyectos/protoCore/test/proto_tests" "--gtest_filter=NumericTest.DivisionAndErrorHandling" "--gtest_also_run_disabled_tests"
Directory: /home/gamarino/Documentos/proyectos/protoCore/test
"NumericTest.DivisionAndErrorHandling" start time: Jan 24 10:40 -03
Output:
----------------------------------------------------------
Running main() from /home/gamarino/Documentos/proyectos/protoCore/_deps/googletest-src/googletest/src/gtest_main.cc
Note: Google Test filter = NumericTest.DivisionAndErrorHandling
[==========] Running 1 test from 1 test suite.
[----------] Global test environment set-up.
[----------] 1 test from NumericTest
[ RUN      ] NumericTest.DivisionAndErrorHandling
[       OK ] NumericTest.DivisionAndErrorHandling (0 ms)
[----------] 1 test from NumericTest (0 ms total)

[----------] Global test environment tear-down
[==========] 1 test from 1 test suite ran. (0 ms total)
[  PASSED  ] 1 test.
<end of output>
Test time =   0.00 sec
----------------------------------------------------------
Test Passed.
"NumericTest.DivisionAndErrorHandling" end time: Jan 24 10:40 -03
"NumericTest.DivisionAndErrorHandling" time elapsed: 00:00:00
----------------------------------------------------------

11/49 Testing: NumericTest.BitwiseNot
11/49 Test: NumericTest.BitwiseNot
Command: "/home/gamarino/Documentos/proyectos/protoCore/test/proto_tests" "--gtest_filter=NumericTest.BitwiseNot" "--gtest_also_run_disabled_tests"
Directory: /home/gamarino/Documentos/proyectos/protoCore/test
"NumericTest.BitwiseNot" start time: Jan 24 10:40 -03
Output:
----------------------------------------------------------
Running main() from /home/gamarino/Documentos/proyectos/protoCore/_deps/googletest-src/googletest/src/gtest_main.cc
Note: Google Test filter = NumericTest.BitwiseNot
[==========] Running 1 test from 1 test suite.
[----------] Global test environment set-up.
[----------] 1 test from NumericTest
[ RUN      ] NumericTest.BitwiseNot
[       OK ] NumericTest.BitwiseNot (0 ms)
[----------] 1 test from NumericTest (0 ms total)

[----------] Global test environment tear-down
[==========] 1 test from 1 test suite ran. (0 ms total)
[  PASSED  ] 1 test.
<end of output>
Test time =   0.00 sec
----------------------------------------------------------
Test Passed.
"NumericTest.BitwiseNot" end time: Jan 24 10:40 -03
"NumericTest.BitwiseNot" time elapsed: 00:00:00
----------------------------------------------------------

12/49 Testing: NumericTest.BitwiseOperations
12/49 Test: NumericTest.BitwiseOperations
Command: "/home/gamarino/Documentos/proyectos/protoCore/test/proto_tests" "--gtest_filter=NumericTest.BitwiseOperations" "--gtest_also_run_disabled_tests"
Directory: /home/gamarino/Documentos/proyectos/protoCore/test
"NumericTest.BitwiseOperations" start time: Jan 24 10:40 -03
Output:
----------------------------------------------------------
Running main() from /home/gamarino/Documentos/proyectos/protoCore/_deps/googletest-src/googletest/src/gtest_main.cc
Note: Google Test filter = NumericTest.BitwiseOperations
[==========] Running 1 test from 1 test suite.
[----------] Global test environment set-up.
[----------] 1 test from NumericTest
[ RUN      ] NumericTest.BitwiseOperations
[       OK ] NumericTest.BitwiseOperations (0 ms)
[----------] 1 test from NumericTest (0 ms total)

[----------] Global test environment tear-down
[==========] 1 test from 1 test suite ran. (0 ms total)
[  PASSED  ] 1 test.
<end of output>
Test time =   0.00 sec
----------------------------------------------------------
Test Passed.
"NumericTest.BitwiseOperations" end time: Jan 24 10:40 -03
"NumericTest.BitwiseOperations" time elapsed: 00:00:00
----------------------------------------------------------

13/49 Testing: NumericTest.ShiftOperations
13/49 Test: NumericTest.ShiftOperations
Command: "/home/gamarino/Documentos/proyectos/protoCore/test/proto_tests" "--gtest_filter=NumericTest.ShiftOperations" "--gtest_also_run_disabled_tests"
Directory: /home/gamarino/Documentos/proyectos/protoCore/test
"NumericTest.ShiftOperations" start time: Jan 24 10:40 -03
Output:
----------------------------------------------------------
Running main() from /home/gamarino/Documentos/proyectos/protoCore/_deps/googletest-src/googletest/src/gtest_main.cc
Note: Google Test filter = NumericTest.ShiftOperations
[==========] Running 1 test from 1 test suite.
[----------] Global test environment set-up.
[----------] 1 test from NumericTest
[ RUN      ] NumericTest.ShiftOperations
[       OK ] NumericTest.ShiftOperations (0 ms)
[----------] 1 test from NumericTest (0 ms total)

[----------] Global test environment tear-down
[==========] 1 test from 1 test suite ran. (0 ms total)
[  PASSED  ] 1 test.
<end of output>
Test time =   0.00 sec
----------------------------------------------------------
Test Passed.
"NumericTest.ShiftOperations" end time: Jan 24 10:40 -03
"NumericTest.ShiftOperations" time elapsed: 00:00:00
----------------------------------------------------------

14/49 Testing: NumericTest.ToString
14/49 Test: NumericTest.ToString
Command: "/home/gamarino/Documentos/proyectos/protoCore/test/proto_tests" "--gtest_filter=NumericTest.ToString" "--gtest_also_run_disabled_tests"
Directory: /home/gamarino/Documentos/proyectos/protoCore/test
"NumericTest.ToString" start time: Jan 24 10:40 -03
Output:
----------------------------------------------------------
Running main() from /home/gamarino/Documentos/proyectos/protoCore/_deps/googletest-src/googletest/src/gtest_main.cc
Note: Google Test filter = NumericTest.ToString
[==========] Running 1 test from 1 test suite.
[----------] Global test environment set-up.
[----------] 1 test from NumericTest
[ RUN      ] NumericTest.ToString
unknown file: Failure
C++ exception with description "Object is not an integer type." thrown in the test body.

[  FAILED  ] NumericTest.ToString (0 ms)
[----------] 1 test from NumericTest (0 ms total)

[----------] Global test environment tear-down
[==========] 1 test from 1 test suite ran. (0 ms total)
[  PASSED  ] 0 tests.
[  FAILED  ] 1 test, listed below:
[  FAILED  ] NumericTest.ToString

 1 FAILED TEST
<end of output>
Test time =   0.00 sec
----------------------------------------------------------
Test Failed.
"NumericTest.ToString" end time: Jan 24 10:40 -03
"NumericTest.ToString" time elapsed: 00:00:00
----------------------------------------------------------

15/49 Testing: NumericTest.DivmodApi
15/49 Test: NumericTest.DivmodApi
Command: "/home/gamarino/Documentos/proyectos/protoCore/test/proto_tests" "--gtest_filter=NumericTest.DivmodApi" "--gtest_also_run_disabled_tests"
Directory: /home/gamarino/Documentos/proyectos/protoCore/test
"NumericTest.DivmodApi" start time: Jan 24 10:40 -03
Output:
----------------------------------------------------------
Running main() from /home/gamarino/Documentos/proyectos/protoCore/_deps/googletest-src/googletest/src/gtest_main.cc
Note: Google Test filter = NumericTest.DivmodApi
[==========] Running 1 test from 1 test suite.
[----------] Global test environment set-up.
[----------] 1 test from NumericTest
[ RUN      ] NumericTest.DivmodApi
/home/gamarino/Documentos/proyectos/protoCore/test/NumericTests.cpp:242: Failure
Value of: result->isTuple(context)
  Actual: false
Expected: true

[  FAILED  ] NumericTest.DivmodApi (0 ms)
[----------] 1 test from NumericTest (0 ms total)

[----------] Global test environment tear-down
[==========] 1 test from 1 test suite ran. (0 ms total)
[  PASSED  ] 0 tests.
[  FAILED  ] 1 test, listed below:
[  FAILED  ] NumericTest.DivmodApi

 1 FAILED TEST
<end of output>
Test time =   0.00 sec
----------------------------------------------------------
Test Failed.
"NumericTest.DivmodApi" end time: Jan 24 10:40 -03
"NumericTest.DivmodApi" time elapsed: 00:00:00
----------------------------------------------------------

16/49 Testing: ListTest.CreationAndSize
16/49 Test: ListTest.CreationAndSize
Command: "/home/gamarino/Documentos/proyectos/protoCore/test/proto_tests" "--gtest_filter=ListTest.CreationAndSize" "--gtest_also_run_disabled_tests"
Directory: /home/gamarino/Documentos/proyectos/protoCore/test
"ListTest.CreationAndSize" start time: Jan 24 10:40 -03
Output:
----------------------------------------------------------
Running main() from /home/gamarino/Documentos/proyectos/protoCore/_deps/googletest-src/googletest/src/gtest_main.cc
Note: Google Test filter = ListTest.CreationAndSize
[==========] Running 1 test from 1 test suite.
[----------] Global test environment set-up.
[----------] 1 test from ListTest
[ RUN      ] ListTest.CreationAndSize
[       OK ] ListTest.CreationAndSize (0 ms)
[----------] 1 test from ListTest (0 ms total)

[----------] Global test environment tear-down
[==========] 1 test from 1 test suite ran. (0 ms total)
[  PASSED  ] 1 test.
<end of output>
Test time =   0.00 sec
----------------------------------------------------------
Test Passed.
"ListTest.CreationAndSize" end time: Jan 24 10:40 -03
"ListTest.CreationAndSize" time elapsed: 00:00:00
----------------------------------------------------------

17/49 Testing: ListTest.AppendAndGet
17/49 Test: ListTest.AppendAndGet
Command: "/home/gamarino/Documentos/proyectos/protoCore/test/proto_tests" "--gtest_filter=ListTest.AppendAndGet" "--gtest_also_run_disabled_tests"
Directory: /home/gamarino/Documentos/proyectos/protoCore/test
"ListTest.AppendAndGet" start time: Jan 24 10:40 -03
Output:
----------------------------------------------------------
Running main() from /home/gamarino/Documentos/proyectos/protoCore/_deps/googletest-src/googletest/src/gtest_main.cc
Note: Google Test filter = ListTest.AppendAndGet
[==========] Running 1 test from 1 test suite.
[----------] Global test environment set-up.
[----------] 1 test from ListTest
[ RUN      ] ListTest.AppendAndGet
[       OK ] ListTest.AppendAndGet (0 ms)
[----------] 1 test from ListTest (0 ms total)

[----------] Global test environment tear-down
[==========] 1 test from 1 test suite ran. (0 ms total)
[  PASSED  ] 1 test.
<end of output>
Test time =   0.00 sec
----------------------------------------------------------
Test Passed.
"ListTest.AppendAndGet" end time: Jan 24 10:40 -03
"ListTest.AppendAndGet" time elapsed: 00:00:00
----------------------------------------------------------

18/49 Testing: ListTest.ImmutabilityOnAppend
18/49 Test: ListTest.ImmutabilityOnAppend
Command: "/home/gamarino/Documentos/proyectos/protoCore/test/proto_tests" "--gtest_filter=ListTest.ImmutabilityOnAppend" "--gtest_also_run_disabled_tests"
Directory: /home/gamarino/Documentos/proyectos/protoCore/test
"ListTest.ImmutabilityOnAppend" start time: Jan 24 10:40 -03
Output:
----------------------------------------------------------
Running main() from /home/gamarino/Documentos/proyectos/protoCore/_deps/googletest-src/googletest/src/gtest_main.cc
Note: Google Test filter = ListTest.ImmutabilityOnAppend
[==========] Running 1 test from 1 test suite.
[----------] Global test environment set-up.
[----------] 1 test from ListTest
[ RUN      ] ListTest.ImmutabilityOnAppend
[       OK ] ListTest.ImmutabilityOnAppend (0 ms)
[----------] 1 test from ListTest (0 ms total)

[----------] Global test environment tear-down
[==========] 1 test from 1 test suite ran. (0 ms total)
[  PASSED  ] 1 test.
<end of output>
Test time =   0.00 sec
----------------------------------------------------------
Test Passed.
"ListTest.ImmutabilityOnAppend" end time: Jan 24 10:40 -03
"ListTest.ImmutabilityOnAppend" time elapsed: 00:00:00
----------------------------------------------------------

19/49 Testing: ListTest.RemoveAt
19/49 Test: ListTest.RemoveAt
Command: "/home/gamarino/Documentos/proyectos/protoCore/test/proto_tests" "--gtest_filter=ListTest.RemoveAt" "--gtest_also_run_disabled_tests"
Directory: /home/gamarino/Documentos/proyectos/protoCore/test
"ListTest.RemoveAt" start time: Jan 24 10:40 -03
Output:
----------------------------------------------------------
Running main() from /home/gamarino/Documentos/proyectos/protoCore/_deps/googletest-src/googletest/src/gtest_main.cc
Note: Google Test filter = ListTest.RemoveAt
[==========] Running 1 test from 1 test suite.
[----------] Global test environment set-up.
[----------] 1 test from ListTest
[ RUN      ] ListTest.RemoveAt
/home/gamarino/Documentos/proyectos/protoCore/test/test_list.cpp:64: Failure
Expected equality of these values:
  modified_list->getSize(context)
    Which is: 3
  2

[  FAILED  ] ListTest.RemoveAt (0 ms)
[----------] 1 test from ListTest (0 ms total)

[----------] Global test environment tear-down
[==========] 1 test from 1 test suite ran. (0 ms total)
[  PASSED  ] 0 tests.
[  FAILED  ] 1 test, listed below:
[  FAILED  ] ListTest.RemoveAt

 1 FAILED TEST
<end of output>
Test time =   0.00 sec
----------------------------------------------------------
Test Failed.
"ListTest.RemoveAt" end time: Jan 24 10:40 -03
"ListTest.RemoveAt" time elapsed: 00:00:00
----------------------------------------------------------

20/49 Testing: ListTest.GetSlice
20/49 Test: ListTest.GetSlice
Command: "/home/gamarino/Documentos/proyectos/protoCore/test/proto_tests" "--gtest_filter=ListTest.GetSlice" "--gtest_also_run_disabled_tests"
Directory: /home/gamarino/Documentos/proyectos/protoCore/test
"ListTest.GetSlice" start time: Jan 24 10:40 -03
Output:
----------------------------------------------------------
Running main() from /home/gamarino/Documentos/proyectos/protoCore/_deps/googletest-src/googletest/src/gtest_main.cc
Note: Google Test filter = ListTest.GetSlice
[==========] Running 1 test from 1 test suite.
[----------] Global test environment set-up.
[----------] 1 test from ListTest
[ RUN      ] ListTest.GetSlice
[       OK ] ListTest.GetSlice (0 ms)
[----------] 1 test from ListTest (0 ms total)

[----------] Global test environment tear-down
[==========] 1 test from 1 test suite ran. (0 ms total)
[  PASSED  ] 1 test.
<end of output>
Test time =   0.00 sec
----------------------------------------------------------
Test Passed.
"ListTest.GetSlice" end time: Jan 24 10:40 -03
"ListTest.GetSlice" time elapsed: 00:00:00
----------------------------------------------------------

21/49 Testing: ObjectTest.Creation
21/49 Test: ObjectTest.Creation
Command: "/home/gamarino/Documentos/proyectos/protoCore/test/proto_tests" "--gtest_filter=ObjectTest.Creation" "--gtest_also_run_disabled_tests"
Directory: /home/gamarino/Documentos/proyectos/protoCore/test
"ObjectTest.Creation" start time: Jan 24 10:40 -03
Output:
----------------------------------------------------------
Running main() from /home/gamarino/Documentos/proyectos/protoCore/_deps/googletest-src/googletest/src/gtest_main.cc
Note: Google Test filter = ObjectTest.Creation
[==========] Running 1 test from 1 test suite.
[----------] Global test environment set-up.
[----------] 1 test from ObjectTest
[ RUN      ] ObjectTest.Creation
[       OK ] ObjectTest.Creation (0 ms)
[----------] 1 test from ObjectTest (0 ms total)

[----------] Global test environment tear-down
[==========] 1 test from 1 test suite ran. (0 ms total)
[  PASSED  ] 1 test.
<end of output>
Test time =   0.00 sec
----------------------------------------------------------
Test Passed.
"ObjectTest.Creation" end time: Jan 24 10:40 -03
"ObjectTest.Creation" time elapsed: 00:00:00
----------------------------------------------------------

22/49 Testing: ObjectTest.SetAndGetAttribute
22/49 Test: ObjectTest.SetAndGetAttribute
Command: "/home/gamarino/Documentos/proyectos/protoCore/test/proto_tests" "--gtest_filter=ObjectTest.SetAndGetAttribute" "--gtest_also_run_disabled_tests"
Directory: /home/gamarino/Documentos/proyectos/protoCore/test
"ObjectTest.SetAndGetAttribute" start time: Jan 24 10:40 -03
Output:
----------------------------------------------------------
Running main() from /home/gamarino/Documentos/proyectos/protoCore/_deps/googletest-src/googletest/src/gtest_main.cc
Note: Google Test filter = ObjectTest.SetAndGetAttribute
[==========] Running 1 test from 1 test suite.
[----------] Global test environment set-up.
[----------] 1 test from ObjectTest
[ RUN      ] ObjectTest.SetAndGetAttribute
<end of output>
Test time =   1.16 sec
----------------------------------------------------------
Test Failed.
"ObjectTest.SetAndGetAttribute" end time: Jan 24 10:40 -03
"ObjectTest.SetAndGetAttribute" time elapsed: 00:00:01
----------------------------------------------------------

23/49 Testing: ObjectTest.GetMissingAttribute
23/49 Test: ObjectTest.GetMissingAttribute
Command: "/home/gamarino/Documentos/proyectos/protoCore/test/proto_tests" "--gtest_filter=ObjectTest.GetMissingAttribute" "--gtest_also_run_disabled_tests"
Directory: /home/gamarino/Documentos/proyectos/protoCore/test
"ObjectTest.GetMissingAttribute" start time: Jan 24 10:40 -03
Output:
----------------------------------------------------------
Running main() from /home/gamarino/Documentos/proyectos/protoCore/_deps/googletest-src/googletest/src/gtest_main.cc
Note: Google Test filter = ObjectTest.GetMissingAttribute
[==========] Running 1 test from 1 test suite.
[----------] Global test environment set-up.
[----------] 1 test from ObjectTest
[ RUN      ] ObjectTest.GetMissingAttribute
<end of output>
Test time =   1.17 sec
----------------------------------------------------------
Test Failed.
"ObjectTest.GetMissingAttribute" end time: Jan 24 10:40 -03
"ObjectTest.GetMissingAttribute" time elapsed: 00:00:01
----------------------------------------------------------

24/49 Testing: ObjectTest.SimpleInheritance
24/49 Test: ObjectTest.SimpleInheritance
Command: "/home/gamarino/Documentos/proyectos/protoCore/test/proto_tests" "--gtest_filter=ObjectTest.SimpleInheritance" "--gtest_also_run_disabled_tests"
Directory: /home/gamarino/Documentos/proyectos/protoCore/test
"ObjectTest.SimpleInheritance" start time: Jan 24 10:40 -03
Output:
----------------------------------------------------------
Running main() from /home/gamarino/Documentos/proyectos/protoCore/_deps/googletest-src/googletest/src/gtest_main.cc
Note: Google Test filter = ObjectTest.SimpleInheritance
[==========] Running 1 test from 1 test suite.
[----------] Global test environment set-up.
[----------] 1 test from ObjectTest
[ RUN      ] ObjectTest.SimpleInheritance
<end of output>
Test time =   1.14 sec
----------------------------------------------------------
Test Failed.
"ObjectTest.SimpleInheritance" end time: Jan 24 10:40 -03
"ObjectTest.SimpleInheritance" time elapsed: 00:00:01
----------------------------------------------------------

25/49 Testing: ObjectTest.AttributeOverriding
25/49 Test: ObjectTest.AttributeOverriding
Command: "/home/gamarino/Documentos/proyectos/protoCore/test/proto_tests" "--gtest_filter=ObjectTest.AttributeOverriding" "--gtest_also_run_disabled_tests"
Directory: /home/gamarino/Documentos/proyectos/protoCore/test
"ObjectTest.AttributeOverriding" start time: Jan 24 10:40 -03
Output:
----------------------------------------------------------
Running main() from /home/gamarino/Documentos/proyectos/protoCore/_deps/googletest-src/googletest/src/gtest_main.cc
Note: Google Test filter = ObjectTest.AttributeOverriding
[==========] Running 1 test from 1 test suite.
[----------] Global test environment set-up.
[----------] 1 test from ObjectTest
[ RUN      ] ObjectTest.AttributeOverriding
<end of output>
Test time =   1.15 sec
----------------------------------------------------------
Test Failed.
"ObjectTest.AttributeOverriding" end time: Jan 24 10:40 -03
"ObjectTest.AttributeOverriding" time elapsed: 00:00:01
----------------------------------------------------------

26/49 Testing: ObjectTest.HasAttribute
26/49 Test: ObjectTest.HasAttribute
Command: "/home/gamarino/Documentos/proyectos/protoCore/test/proto_tests" "--gtest_filter=ObjectTest.HasAttribute" "--gtest_also_run_disabled_tests"
Directory: /home/gamarino/Documentos/proyectos/protoCore/test
"ObjectTest.HasAttribute" start time: Jan 24 10:40 -03
Output:
----------------------------------------------------------
Running main() from /home/gamarino/Documentos/proyectos/protoCore/_deps/googletest-src/googletest/src/gtest_main.cc
Note: Google Test filter = ObjectTest.HasAttribute
[==========] Running 1 test from 1 test suite.
[----------] Global test environment set-up.
[----------] 1 test from ObjectTest
[ RUN      ] ObjectTest.HasAttribute
<end of output>
Test time =   1.14 sec
----------------------------------------------------------
Test Failed.
"ObjectTest.HasAttribute" end time: Jan 24 10:40 -03
"ObjectTest.HasAttribute" time elapsed: 00:00:01
----------------------------------------------------------

27/49 Testing: PrimitivesTest.IntegerHandling
27/49 Test: PrimitivesTest.IntegerHandling
Command: "/home/gamarino/Documentos/proyectos/protoCore/test/proto_tests" "--gtest_filter=PrimitivesTest.IntegerHandling" "--gtest_also_run_disabled_tests"
Directory: /home/gamarino/Documentos/proyectos/protoCore/test
"PrimitivesTest.IntegerHandling" start time: Jan 24 10:40 -03
Output:
----------------------------------------------------------
Running main() from /home/gamarino/Documentos/proyectos/protoCore/_deps/googletest-src/googletest/src/gtest_main.cc
Note: Google Test filter = PrimitivesTest.IntegerHandling
[==========] Running 1 test from 1 test suite.
[----------] Global test environment set-up.
[----------] 1 test from PrimitivesTest
[ RUN      ] PrimitivesTest.IntegerHandling
[       OK ] PrimitivesTest.IntegerHandling (0 ms)
[----------] 1 test from PrimitivesTest (0 ms total)

[----------] Global test environment tear-down
[==========] 1 test from 1 test suite ran. (0 ms total)
[  PASSED  ] 1 test.
<end of output>
Test time =   0.00 sec
----------------------------------------------------------
Test Passed.
"PrimitivesTest.IntegerHandling" end time: Jan 24 10:40 -03
"PrimitivesTest.IntegerHandling" time elapsed: 00:00:00
----------------------------------------------------------

28/49 Testing: PrimitivesTest.BooleanHandling
28/49 Test: PrimitivesTest.BooleanHandling
Command: "/home/gamarino/Documentos/proyectos/protoCore/test/proto_tests" "--gtest_filter=PrimitivesTest.BooleanHandling" "--gtest_also_run_disabled_tests"
Directory: /home/gamarino/Documentos/proyectos/protoCore/test
"PrimitivesTest.BooleanHandling" start time: Jan 24 10:40 -03
Output:
----------------------------------------------------------
Running main() from /home/gamarino/Documentos/proyectos/protoCore/_deps/googletest-src/googletest/src/gtest_main.cc
Note: Google Test filter = PrimitivesTest.BooleanHandling
[==========] Running 1 test from 1 test suite.
[----------] Global test environment set-up.
[----------] 1 test from PrimitivesTest
[ RUN      ] PrimitivesTest.BooleanHandling
[       OK ] PrimitivesTest.BooleanHandling (0 ms)
[----------] 1 test from PrimitivesTest (0 ms total)

[----------] Global test environment tear-down
[==========] 1 test from 1 test suite ran. (0 ms total)
[  PASSED  ] 1 test.
<end of output>
Test time =   0.00 sec
----------------------------------------------------------
Test Passed.
"PrimitivesTest.BooleanHandling" end time: Jan 24 10:40 -03
"PrimitivesTest.BooleanHandling" time elapsed: 00:00:00
----------------------------------------------------------

29/49 Testing: PrimitivesTest.NoneHandling
29/49 Test: PrimitivesTest.NoneHandling
Command: "/home/gamarino/Documentos/proyectos/protoCore/test/proto_tests" "--gtest_filter=PrimitivesTest.NoneHandling" "--gtest_also_run_disabled_tests"
Directory: /home/gamarino/Documentos/proyectos/protoCore/test
"PrimitivesTest.NoneHandling" start time: Jan 24 10:40 -03
Output:
----------------------------------------------------------
Running main() from /home/gamarino/Documentos/proyectos/protoCore/_deps/googletest-src/googletest/src/gtest_main.cc
Note: Google Test filter = PrimitivesTest.NoneHandling
[==========] Running 1 test from 1 test suite.
[----------] Global test environment set-up.
[----------] 1 test from PrimitivesTest
[ RUN      ] PrimitivesTest.NoneHandling
[       OK ] PrimitivesTest.NoneHandling (0 ms)
[----------] 1 test from PrimitivesTest (0 ms total)

[----------] Global test environment tear-down
[==========] 1 test from 1 test suite ran. (0 ms total)
[  PASSED  ] 1 test.
<end of output>
Test time =   0.00 sec
----------------------------------------------------------
Test Passed.
"PrimitivesTest.NoneHandling" end time: Jan 24 10:40 -03
"PrimitivesTest.NoneHandling" time elapsed: 00:00:00
----------------------------------------------------------

30/49 Testing: PrimitivesTest.StringHandling
30/49 Test: PrimitivesTest.StringHandling
Command: "/home/gamarino/Documentos/proyectos/protoCore/test/proto_tests" "--gtest_filter=PrimitivesTest.StringHandling" "--gtest_also_run_disabled_tests"
Directory: /home/gamarino/Documentos/proyectos/protoCore/test
"PrimitivesTest.StringHandling" start time: Jan 24 10:40 -03
Output:
----------------------------------------------------------
Running main() from /home/gamarino/Documentos/proyectos/protoCore/_deps/googletest-src/googletest/src/gtest_main.cc
Note: Google Test filter = PrimitivesTest.StringHandling
[==========] Running 1 test from 1 test suite.
[----------] Global test environment set-up.
[----------] 1 test from PrimitivesTest
[ RUN      ] PrimitivesTest.StringHandling
/home/gamarino/Documentos/proyectos/protoCore/test/test_primitives.cpp:60: Failure
Expected equality of these values:
  s
    Which is: 0x645f804c5346
  s2
    Which is: 0x645f804c5d46

[  FAILED  ] PrimitivesTest.StringHandling (0 ms)
[----------] 1 test from PrimitivesTest (0 ms total)

[----------] Global test environment tear-down
[==========] 1 test from 1 test suite ran. (0 ms total)
[  PASSED  ] 0 tests.
[  FAILED  ] 1 test, listed below:
[  FAILED  ] PrimitivesTest.StringHandling

 1 FAILED TEST
<end of output>
Test time =   0.00 sec
----------------------------------------------------------
Test Failed.
"PrimitivesTest.StringHandling" end time: Jan 24 10:40 -03
"PrimitivesTest.StringHandling" time elapsed: 00:00:00
----------------------------------------------------------

31/49 Testing: SetTest.CreateEmptySet
31/49 Test: SetTest.CreateEmptySet
Command: "/home/gamarino/Documentos/proyectos/protoCore/test/proto_tests" "--gtest_filter=SetTest.CreateEmptySet" "--gtest_also_run_disabled_tests"
Directory: /home/gamarino/Documentos/proyectos/protoCore/test
"SetTest.CreateEmptySet" start time: Jan 24 10:40 -03
Output:
----------------------------------------------------------
Running main() from /home/gamarino/Documentos/proyectos/protoCore/_deps/googletest-src/googletest/src/gtest_main.cc
Note: Google Test filter = SetTest.CreateEmptySet
[==========] Running 1 test from 1 test suite.
[----------] Global test environment set-up.
[----------] 1 test from SetTest
[ RUN      ] SetTest.CreateEmptySet
[       OK ] SetTest.CreateEmptySet (0 ms)
[----------] 1 test from SetTest (0 ms total)

[----------] Global test environment tear-down
[==========] 1 test from 1 test suite ran. (0 ms total)
[  PASSED  ] 1 test.
<end of output>
Test time =   0.00 sec
----------------------------------------------------------
Test Passed.
"SetTest.CreateEmptySet" end time: Jan 24 10:40 -03
"SetTest.CreateEmptySet" time elapsed: 00:00:00
----------------------------------------------------------

32/49 Testing: SetTest.AddAndHas
32/49 Test: SetTest.AddAndHas
Command: "/home/gamarino/Documentos/proyectos/protoCore/test/proto_tests" "--gtest_filter=SetTest.AddAndHas" "--gtest_also_run_disabled_tests"
Directory: /home/gamarino/Documentos/proyectos/protoCore/test
"SetTest.AddAndHas" start time: Jan 24 10:40 -03
Output:
----------------------------------------------------------
Running main() from /home/gamarino/Documentos/proyectos/protoCore/_deps/googletest-src/googletest/src/gtest_main.cc
Note: Google Test filter = SetTest.AddAndHas
[==========] Running 1 test from 1 test suite.
[----------] Global test environment set-up.
[----------] 1 test from SetTest
[ RUN      ] SetTest.AddAndHas
[       OK ] SetTest.AddAndHas (0 ms)
[----------] 1 test from SetTest (0 ms total)

[----------] Global test environment tear-down
[==========] 1 test from 1 test suite ran. (0 ms total)
[  PASSED  ] 1 test.
<end of output>
Test time =   0.00 sec
----------------------------------------------------------
Test Passed.
"SetTest.AddAndHas" end time: Jan 24 10:40 -03
"SetTest.AddAndHas" time elapsed: 00:00:00
----------------------------------------------------------

33/49 Testing: SetTest.AddExisting
33/49 Test: SetTest.AddExisting
Command: "/home/gamarino/Documentos/proyectos/protoCore/test/proto_tests" "--gtest_filter=SetTest.AddExisting" "--gtest_also_run_disabled_tests"
Directory: /home/gamarino/Documentos/proyectos/protoCore/test
"SetTest.AddExisting" start time: Jan 24 10:40 -03
Output:
----------------------------------------------------------
Running main() from /home/gamarino/Documentos/proyectos/protoCore/_deps/googletest-src/googletest/src/gtest_main.cc
Note: Google Test filter = SetTest.AddExisting
[==========] Running 1 test from 1 test suite.
[----------] Global test environment set-up.
[----------] 1 test from SetTest
[ RUN      ] SetTest.AddExisting
[       OK ] SetTest.AddExisting (0 ms)
[----------] 1 test from SetTest (0 ms total)

[----------] Global test environment tear-down
[==========] 1 test from 1 test suite ran. (0 ms total)
[  PASSED  ] 1 test.
<end of output>
Test time =   0.00 sec
----------------------------------------------------------
Test Passed.
"SetTest.AddExisting" end time: Jan 24 10:40 -03
"SetTest.AddExisting" time elapsed: 00:00:00
----------------------------------------------------------

34/49 Testing: SetTest.Remove
34/49 Test: SetTest.Remove
Command: "/home/gamarino/Documentos/proyectos/protoCore/test/proto_tests" "--gtest_filter=SetTest.Remove" "--gtest_also_run_disabled_tests"
Directory: /home/gamarino/Documentos/proyectos/protoCore/test
"SetTest.Remove" start time: Jan 24 10:40 -03
Output:
----------------------------------------------------------
Running main() from /home/gamarino/Documentos/proyectos/protoCore/_deps/googletest-src/googletest/src/gtest_main.cc
Note: Google Test filter = SetTest.Remove
[==========] Running 1 test from 1 test suite.
[----------] Global test environment set-up.
[----------] 1 test from SetTest
[ RUN      ] SetTest.Remove
[       OK ] SetTest.Remove (0 ms)
[----------] 1 test from SetTest (0 ms total)

[----------] Global test environment tear-down
[==========] 1 test from 1 test suite ran. (0 ms total)
[  PASSED  ] 1 test.
<end of output>
Test time =   0.00 sec
----------------------------------------------------------
Test Passed.
"SetTest.Remove" end time: Jan 24 10:40 -03
"SetTest.Remove" time elapsed: 00:00:00
----------------------------------------------------------

35/49 Testing: SetTest.RemoveNonExistent
35/49 Test: SetTest.RemoveNonExistent
Command: "/home/gamarino/Documentos/proyectos/protoCore/test/proto_tests" "--gtest_filter=SetTest.RemoveNonExistent" "--gtest_also_run_disabled_tests"
Directory: /home/gamarino/Documentos/proyectos/protoCore/test
"SetTest.RemoveNonExistent" start time: Jan 24 10:40 -03
Output:
----------------------------------------------------------
Running main() from /home/gamarino/Documentos/proyectos/protoCore/_deps/googletest-src/googletest/src/gtest_main.cc
Note: Google Test filter = SetTest.RemoveNonExistent
[==========] Running 1 test from 1 test suite.
[----------] Global test environment set-up.
[----------] 1 test from SetTest
[ RUN      ] SetTest.RemoveNonExistent
[       OK ] SetTest.RemoveNonExistent (0 ms)
[----------] 1 test from SetTest (0 ms total)

[----------] Global test environment tear-down
[==========] 1 test from 1 test suite ran. (0 ms total)
[  PASSED  ] 1 test.
<end of output>
Test time =   0.00 sec
----------------------------------------------------------
Test Passed.
"SetTest.RemoveNonExistent" end time: Jan 24 10:40 -03
"SetTest.RemoveNonExistent" time elapsed: 00:00:00
----------------------------------------------------------

36/49 Testing: MultisetTest.CreateEmptyMultiset
36/49 Test: MultisetTest.CreateEmptyMultiset
Command: "/home/gamarino/Documentos/proyectos/protoCore/test/proto_tests" "--gtest_filter=MultisetTest.CreateEmptyMultiset" "--gtest_also_run_disabled_tests"
Directory: /home/gamarino/Documentos/proyectos/protoCore/test
"MultisetTest.CreateEmptyMultiset" start time: Jan 24 10:40 -03
Output:
----------------------------------------------------------
Running main() from /home/gamarino/Documentos/proyectos/protoCore/_deps/googletest-src/googletest/src/gtest_main.cc
Note: Google Test filter = MultisetTest.CreateEmptyMultiset
[==========] Running 1 test from 1 test suite.
[----------] Global test environment set-up.
[----------] 1 test from MultisetTest
[ RUN      ] MultisetTest.CreateEmptyMultiset
[       OK ] MultisetTest.CreateEmptyMultiset (0 ms)
[----------] 1 test from MultisetTest (0 ms total)

[----------] Global test environment tear-down
[==========] 1 test from 1 test suite ran. (0 ms total)
[  PASSED  ] 1 test.
<end of output>
Test time =   0.00 sec
----------------------------------------------------------
Test Passed.
"MultisetTest.CreateEmptyMultiset" end time: Jan 24 10:40 -03
"MultisetTest.CreateEmptyMultiset" time elapsed: 00:00:00
----------------------------------------------------------

37/49 Testing: MultisetTest.AddAndCount
37/49 Test: MultisetTest.AddAndCount
Command: "/home/gamarino/Documentos/proyectos/protoCore/test/proto_tests" "--gtest_filter=MultisetTest.AddAndCount" "--gtest_also_run_disabled_tests"
Directory: /home/gamarino/Documentos/proyectos/protoCore/test
"MultisetTest.AddAndCount" start time: Jan 24 10:40 -03
Output:
----------------------------------------------------------
Running main() from /home/gamarino/Documentos/proyectos/protoCore/_deps/googletest-src/googletest/src/gtest_main.cc
Note: Google Test filter = MultisetTest.AddAndCount
[==========] Running 1 test from 1 test suite.
[----------] Global test environment set-up.
[----------] 1 test from MultisetTest
[ RUN      ] MultisetTest.AddAndCount
/home/gamarino/Documentos/proyectos/protoCore/test/test_sets.cpp:114: Failure
Expected equality of these values:
  multiset->getSize(context)
    Which is: 1
  2

[  FAILED  ] MultisetTest.AddAndCount (0 ms)
[----------] 1 test from MultisetTest (0 ms total)

[----------] Global test environment tear-down
[==========] 1 test from 1 test suite ran. (0 ms total)
[  PASSED  ] 0 tests.
[  FAILED  ] 1 test, listed below:
[  FAILED  ] MultisetTest.AddAndCount

 1 FAILED TEST
<end of output>
Test time =   0.00 sec
----------------------------------------------------------
Test Failed.
"MultisetTest.AddAndCount" end time: Jan 24 10:40 -03
"MultisetTest.AddAndCount" time elapsed: 00:00:00
----------------------------------------------------------

38/49 Testing: MultisetTest.Remove
38/49 Test: MultisetTest.Remove
Command: "/home/gamarino/Documentos/proyectos/protoCore/test/proto_tests" "--gtest_filter=MultisetTest.Remove" "--gtest_also_run_disabled_tests"
Directory: /home/gamarino/Documentos/proyectos/protoCore/test
"MultisetTest.Remove" start time: Jan 24 10:40 -03
Output:
----------------------------------------------------------
Running main() from /home/gamarino/Documentos/proyectos/protoCore/_deps/googletest-src/googletest/src/gtest_main.cc
Note: Google Test filter = MultisetTest.Remove
[==========] Running 1 test from 1 test suite.
[----------] Global test environment set-up.
[----------] 1 test from MultisetTest
[ RUN      ] MultisetTest.Remove
/home/gamarino/Documentos/proyectos/protoCore/test/test_sets.cpp:123: Failure
Expected equality of these values:
  multiset->getSize(context)
    Which is: 1
  2

[  FAILED  ] MultisetTest.Remove (0 ms)
[----------] 1 test from MultisetTest (0 ms total)

[----------] Global test environment tear-down
[==========] 1 test from 1 test suite ran. (0 ms total)
[  PASSED  ] 0 tests.
[  FAILED  ] 1 test, listed below:
[  FAILED  ] MultisetTest.Remove

 1 FAILED TEST
<end of output>
Test time =   0.00 sec
----------------------------------------------------------
Test Failed.
"MultisetTest.Remove" end time: Jan 24 10:40 -03
"MultisetTest.Remove" time elapsed: 00:00:00
----------------------------------------------------------

39/49 Testing: MultisetTest.RemoveNonExistent
39/49 Test: MultisetTest.RemoveNonExistent
Command: "/home/gamarino/Documentos/proyectos/protoCore/test/proto_tests" "--gtest_filter=MultisetTest.RemoveNonExistent" "--gtest_also_run_disabled_tests"
Directory: /home/gamarino/Documentos/proyectos/protoCore/test
"MultisetTest.RemoveNonExistent" start time: Jan 24 10:40 -03
Output:
----------------------------------------------------------
Running main() from /home/gamarino/Documentos/proyectos/protoCore/_deps/googletest-src/googletest/src/gtest_main.cc
Note: Google Test filter = MultisetTest.RemoveNonExistent
[==========] Running 1 test from 1 test suite.
[----------] Global test environment set-up.
[----------] 1 test from MultisetTest
[ RUN      ] MultisetTest.RemoveNonExistent
[       OK ] MultisetTest.RemoveNonExistent (0 ms)
[----------] 1 test from MultisetTest (0 ms total)

[----------] Global test environment tear-down
[==========] 1 test from 1 test suite ran. (0 ms total)
[  PASSED  ] 1 test.
<end of output>
Test time =   0.00 sec
----------------------------------------------------------
Test Passed.
"MultisetTest.RemoveNonExistent" end time: Jan 24 10:40 -03
"MultisetTest.RemoveNonExistent" time elapsed: 00:00:00
----------------------------------------------------------

40/49 Testing: SparseListTest.CreationAndSize
40/49 Test: SparseListTest.CreationAndSize
Command: "/home/gamarino/Documentos/proyectos/protoCore/test/proto_tests" "--gtest_filter=SparseListTest.CreationAndSize" "--gtest_also_run_disabled_tests"
Directory: /home/gamarino/Documentos/proyectos/protoCore/test
"SparseListTest.CreationAndSize" start time: Jan 24 10:40 -03
Output:
----------------------------------------------------------
Running main() from /home/gamarino/Documentos/proyectos/protoCore/_deps/googletest-src/googletest/src/gtest_main.cc
Note: Google Test filter = SparseListTest.CreationAndSize
[==========] Running 1 test from 1 test suite.
[----------] Global test environment set-up.
[----------] 1 test from SparseListTest
[ RUN      ] SparseListTest.CreationAndSize
[       OK ] SparseListTest.CreationAndSize (0 ms)
[----------] 1 test from SparseListTest (0 ms total)

[----------] Global test environment tear-down
[==========] 1 test from 1 test suite ran. (0 ms total)
[  PASSED  ] 1 test.
<end of output>
Test time =   0.00 sec
----------------------------------------------------------
Test Passed.
"SparseListTest.CreationAndSize" end time: Jan 24 10:40 -03
"SparseListTest.CreationAndSize" time elapsed: 00:00:00
----------------------------------------------------------

41/49 Testing: SparseListTest.SetAndGet
41/49 Test: SparseListTest.SetAndGet
Command: "/home/gamarino/Documentos/proyectos/protoCore/test/proto_tests" "--gtest_filter=SparseListTest.SetAndGet" "--gtest_also_run_disabled_tests"
Directory: /home/gamarino/Documentos/proyectos/protoCore/test
"SparseListTest.SetAndGet" start time: Jan 24 10:40 -03
Output:
----------------------------------------------------------
Running main() from /home/gamarino/Documentos/proyectos/protoCore/_deps/googletest-src/googletest/src/gtest_main.cc
Note: Google Test filter = SparseListTest.SetAndGet
[==========] Running 1 test from 1 test suite.
[----------] Global test environment set-up.
[----------] 1 test from SparseListTest
[ RUN      ] SparseListTest.SetAndGet
[       OK ] SparseListTest.SetAndGet (0 ms)
[----------] 1 test from SparseListTest (0 ms total)

[----------] Global test environment tear-down
[==========] 1 test from 1 test suite ran. (0 ms total)
[  PASSED  ] 1 test.
<end of output>
Test time =   0.00 sec
----------------------------------------------------------
Test Passed.
"SparseListTest.SetAndGet" end time: Jan 24 10:40 -03
"SparseListTest.SetAndGet" time elapsed: 00:00:00
----------------------------------------------------------

42/49 Testing: SparseListTest.UseAsStringKeys
42/49 Test: SparseListTest.UseAsStringKeys
Command: "/home/gamarino/Documentos/proyectos/protoCore/test/proto_tests" "--gtest_filter=SparseListTest.UseAsStringKeys" "--gtest_also_run_disabled_tests"
Directory: /home/gamarino/Documentos/proyectos/protoCore/test
"SparseListTest.UseAsStringKeys" start time: Jan 24 10:40 -03
Output:
----------------------------------------------------------
Running main() from /home/gamarino/Documentos/proyectos/protoCore/_deps/googletest-src/googletest/src/gtest_main.cc
Note: Google Test filter = SparseListTest.UseAsStringKeys
[==========] Running 1 test from 1 test suite.
[----------] Global test environment set-up.
[----------] 1 test from SparseListTest
[ RUN      ] SparseListTest.UseAsStringKeys
[       OK ] SparseListTest.UseAsStringKeys (0 ms)
[----------] 1 test from SparseListTest (0 ms total)

[----------] Global test environment tear-down
[==========] 1 test from 1 test suite ran. (0 ms total)
[  PASSED  ] 1 test.
<end of output>
Test time =   0.00 sec
----------------------------------------------------------
Test Passed.
"SparseListTest.UseAsStringKeys" end time: Jan 24 10:40 -03
"SparseListTest.UseAsStringKeys" time elapsed: 00:00:00
----------------------------------------------------------

43/49 Testing: SparseListTest.ImmutabilityOnSet
43/49 Test: SparseListTest.ImmutabilityOnSet
Command: "/home/gamarino/Documentos/proyectos/protoCore/test/proto_tests" "--gtest_filter=SparseListTest.ImmutabilityOnSet" "--gtest_also_run_disabled_tests"
Directory: /home/gamarino/Documentos/proyectos/protoCore/test
"SparseListTest.ImmutabilityOnSet" start time: Jan 24 10:40 -03
Output:
----------------------------------------------------------
Running main() from /home/gamarino/Documentos/proyectos/protoCore/_deps/googletest-src/googletest/src/gtest_main.cc
Note: Google Test filter = SparseListTest.ImmutabilityOnSet
[==========] Running 1 test from 1 test suite.
[----------] Global test environment set-up.
[----------] 1 test from SparseListTest
[ RUN      ] SparseListTest.ImmutabilityOnSet
[       OK ] SparseListTest.ImmutabilityOnSet (0 ms)
[----------] 1 test from SparseListTest (0 ms total)

[----------] Global test environment tear-down
[==========] 1 test from 1 test suite ran. (0 ms total)
[  PASSED  ] 1 test.
<end of output>
Test time =   0.00 sec
----------------------------------------------------------
Test Passed.
"SparseListTest.ImmutabilityOnSet" end time: Jan 24 10:40 -03
"SparseListTest.ImmutabilityOnSet" time elapsed: 00:00:00
----------------------------------------------------------

44/49 Testing: SparseListTest.RemoveAt
44/49 Test: SparseListTest.RemoveAt
Command: "/home/gamarino/Documentos/proyectos/protoCore/test/proto_tests" "--gtest_filter=SparseListTest.RemoveAt" "--gtest_also_run_disabled_tests"
Directory: /home/gamarino/Documentos/proyectos/protoCore/test
"SparseListTest.RemoveAt" start time: Jan 24 10:40 -03
Output:
----------------------------------------------------------
Running main() from /home/gamarino/Documentos/proyectos/protoCore/_deps/googletest-src/googletest/src/gtest_main.cc
Note: Google Test filter = SparseListTest.RemoveAt
[==========] Running 1 test from 1 test suite.
[----------] Global test environment set-up.
[----------] 1 test from SparseListTest
[ RUN      ] SparseListTest.RemoveAt
[       OK ] SparseListTest.RemoveAt (0 ms)
[----------] 1 test from SparseListTest (0 ms total)

[----------] Global test environment tear-down
[==========] 1 test from 1 test suite ran. (0 ms total)
[  PASSED  ] 1 test.
<end of output>
Test time =   0.00 sec
----------------------------------------------------------
Test Passed.
"SparseListTest.RemoveAt" end time: Jan 24 10:40 -03
"SparseListTest.RemoveAt" time elapsed: 00:00:00
----------------------------------------------------------

45/49 Testing: TupleTest.CreationAndSize
45/49 Test: TupleTest.CreationAndSize
Command: "/home/gamarino/Documentos/proyectos/protoCore/test/proto_tests" "--gtest_filter=TupleTest.CreationAndSize" "--gtest_also_run_disabled_tests"
Directory: /home/gamarino/Documentos/proyectos/protoCore/test
"TupleTest.CreationAndSize" start time: Jan 24 10:40 -03
Output:
----------------------------------------------------------
Running main() from /home/gamarino/Documentos/proyectos/protoCore/_deps/googletest-src/googletest/src/gtest_main.cc
Note: Google Test filter = TupleTest.CreationAndSize
[==========] Running 1 test from 1 test suite.
[----------] Global test environment set-up.
[----------] 1 test from TupleTest
[ RUN      ] TupleTest.CreationAndSize
[       OK ] TupleTest.CreationAndSize (0 ms)
[----------] 1 test from TupleTest (0 ms total)

[----------] Global test environment tear-down
[==========] 1 test from 1 test suite ran. (0 ms total)
[  PASSED  ] 1 test.
<end of output>
Test time =   0.00 sec
----------------------------------------------------------
Test Passed.
"TupleTest.CreationAndSize" end time: Jan 24 10:40 -03
"TupleTest.CreationAndSize" time elapsed: 00:00:00
----------------------------------------------------------

46/49 Testing: TupleTest.CreationFromList
46/49 Test: TupleTest.CreationFromList
Command: "/home/gamarino/Documentos/proyectos/protoCore/test/proto_tests" "--gtest_filter=TupleTest.CreationFromList" "--gtest_also_run_disabled_tests"
Directory: /home/gamarino/Documentos/proyectos/protoCore/test
"TupleTest.CreationFromList" start time: Jan 24 10:40 -03
Output:
----------------------------------------------------------
Running main() from /home/gamarino/Documentos/proyectos/protoCore/_deps/googletest-src/googletest/src/gtest_main.cc
Note: Google Test filter = TupleTest.CreationFromList
[==========] Running 1 test from 1 test suite.
[----------] Global test environment set-up.
[----------] 1 test from TupleTest
[ RUN      ] TupleTest.CreationFromList
[       OK ] TupleTest.CreationFromList (0 ms)
[----------] 1 test from TupleTest (0 ms total)

[----------] Global test environment tear-down
[==========] 1 test from 1 test suite ran. (0 ms total)
[  PASSED  ] 1 test.
<end of output>
Test time =   0.00 sec
----------------------------------------------------------
Test Passed.
"TupleTest.CreationFromList" end time: Jan 24 10:40 -03
"TupleTest.CreationFromList" time elapsed: 00:00:00
----------------------------------------------------------

47/49 Testing: TupleTest.GetAt
47/49 Test: TupleTest.GetAt
Command: "/home/gamarino/Documentos/proyectos/protoCore/test/proto_tests" "--gtest_filter=TupleTest.GetAt" "--gtest_also_run_disabled_tests"
Directory: /home/gamarino/Documentos/proyectos/protoCore/test
"TupleTest.GetAt" start time: Jan 24 10:40 -03
Output:
----------------------------------------------------------
Running main() from /home/gamarino/Documentos/proyectos/protoCore/_deps/googletest-src/googletest/src/gtest_main.cc
Note: Google Test filter = TupleTest.GetAt
[==========] Running 1 test from 1 test suite.
[----------] Global test environment set-up.
[----------] 1 test from TupleTest
[ RUN      ] TupleTest.GetAt
[       OK ] TupleTest.GetAt (0 ms)
[----------] 1 test from TupleTest (0 ms total)

[----------] Global test environment tear-down
[==========] 1 test from 1 test suite ran. (0 ms total)
[  PASSED  ] 1 test.
<end of output>
Test time =   0.00 sec
----------------------------------------------------------
Test Passed.
"TupleTest.GetAt" end time: Jan 24 10:40 -03
"TupleTest.GetAt" time elapsed: 00:00:00
----------------------------------------------------------

48/49 Testing: TupleTest.Interning
48/49 Test: TupleTest.Interning
Command: "/home/gamarino/Documentos/proyectos/protoCore/test/proto_tests" "--gtest_filter=TupleTest.Interning" "--gtest_also_run_disabled_tests"
Directory: /home/gamarino/Documentos/proyectos/protoCore/test
"TupleTest.Interning" start time: Jan 24 10:40 -03
Output:
----------------------------------------------------------
Running main() from /home/gamarino/Documentos/proyectos/protoCore/_deps/googletest-src/googletest/src/gtest_main.cc
Note: Google Test filter = TupleTest.Interning
[==========] Running 1 test from 1 test suite.
[----------] Global test environment set-up.
[----------] 1 test from TupleTest
[ RUN      ] TupleTest.Interning
/home/gamarino/Documentos/proyectos/protoCore/test/test_tuple.cpp:56: Failure
Expected equality of these values:
  tuple1
    Which is: 0x5e6c22f5bf44
  tuple2
    Which is: 0x5e6c22f5bfc4

[  FAILED  ] TupleTest.Interning (0 ms)
[----------] 1 test from TupleTest (0 ms total)

[----------] Global test environment tear-down
[==========] 1 test from 1 test suite ran. (0 ms total)
[  PASSED  ] 0 tests.
[  FAILED  ] 1 test, listed below:
[  FAILED  ] TupleTest.Interning

 1 FAILED TEST
<end of output>
Test time =   0.00 sec
----------------------------------------------------------
Test Failed.
"TupleTest.Interning" end time: Jan 24 10:40 -03
"TupleTest.Interning" time elapsed: 00:00:00
----------------------------------------------------------

49/49 Testing: TupleTest.GetSlice
49/49 Test: TupleTest.GetSlice
Command: "/home/gamarino/Documentos/proyectos/protoCore/test/proto_tests" "--gtest_filter=TupleTest.GetSlice" "--gtest_also_run_disabled_tests"
Directory: /home/gamarino/Documentos/proyectos/protoCore/test
"TupleTest.GetSlice" start time: Jan 24 10:40 -03
Output:
----------------------------------------------------------
Running main() from /home/gamarino/Documentos/proyectos/protoCore/_deps/googletest-src/googletest/src/gtest_main.cc
Note: Google Test filter = TupleTest.GetSlice
[==========] Running 1 test from 1 test suite.
[----------] Global test environment set-up.
[----------] 1 test from TupleTest
[ RUN      ] TupleTest.GetSlice
/home/gamarino/Documentos/proyectos/protoCore/test/test_tuple.cpp:79: Failure
Expected equality of these values:
  slice
    Which is: 0x58b07137a8c4
  slice2
    Which is: 0x58b07137c8c4

[  FAILED  ] TupleTest.GetSlice (0 ms)
[----------] 1 test from TupleTest (0 ms total)

[----------] Global test environment tear-down
[==========] 1 test from 1 test suite ran. (0 ms total)
[  PASSED  ] 0 tests.
[  FAILED  ] 1 test, listed below:
[  FAILED  ] TupleTest.GetSlice

 1 FAILED TEST
<end of output>
Test time =   0.00 sec
----------------------------------------------------------
Test Failed.
"TupleTest.GetSlice" end time: Jan 24 10:40 -03
"TupleTest.GetSlice" time elapsed: 00:00:00
----------------------------------------------------------

End testing: Jan 24 10:40 -03
