<?xml version='1.0' encoding='UTF-8' standalone='no'?>
<doxygen xmlns:xsi="http://www.w3.org/2001/XMLSchema-instance" xsi:noNamespaceSchemaLocation="compound.xsd" version="1.9.8" xml:lang="en-US">
  <compounddef id="cmake-build-debug_2__deps_2googletest-src_2googletest_2include_2gtest_2gtest__pred__impl_8h" kind="file" language="C++">
    <compoundname>gtest_pred_impl.h</compoundname>
    <includes local="yes">gtest/gtest-assertion-result.h</includes>
    <includes local="yes">gtest/internal/gtest-internal.h</includes>
    <includes local="yes">gtest/internal/gtest-port.h</includes>
    <incdepgraph>
      <node id="1">
        <label>cmake-build-debug/_deps/googletest-src/googletest/include/gtest/gtest_pred_impl.h</label>
        <link refid="cmake-build-debug_2__deps_2googletest-src_2googletest_2include_2gtest_2gtest__pred__impl_8h"/>
        <childnode refid="2" relation="include">
        </childnode>
        <childnode refid="3" relation="include">
        </childnode>
        <childnode refid="4" relation="include">
        </childnode>
      </node>
      <node id="2">
        <label>gtest/gtest-assertion-result.h</label>
      </node>
      <node id="3">
        <label>gtest/internal/gtest-internal.h</label>
      </node>
      <node id="4">
        <label>gtest/internal/gtest-port.h</label>
      </node>
    </incdepgraph>
    <innernamespace refid="namespacetesting">testing</innernamespace>
    <sectiondef kind="define">
      <memberdef kind="define" id="cmake-build-debug_2__deps_2googletest-src_2googletest_2include_2gtest_2gtest__pred__impl_8h_1a8c09939dd67f1bb5b68c9f6a44ea75db" prot="public" static="no">
        <name>GTEST_ASSERT_</name>
        <param><defname>expression</defname></param>
        <param><defname>on_failure</defname></param>
        <initializer>  <ref refid="build_2__deps_2googletest-src_2googletest_2include_2gtest_2internal_2gtest-port_8h_1a00b3684a621ce1422b55a0e7e8a6aecb" kindref="member">GTEST_AMBIGUOUS_ELSE_BLOCKER_</ref>                                 \
  if (const ::testing::AssertionResult gtest_ar = (expression)) \
    ;                                                           \
  else                                                          \
    on_failure(gtest_ar.failure_message())</initializer>
        <briefdescription>
        </briefdescription>
        <detaileddescription>
        </detaileddescription>
        <inbodydescription>
        </inbodydescription>
        <location file="cmake-build-debug/_deps/googletest-src/googletest/include/gtest/gtest_pred_impl.h" line="77" column="9" bodyfile="cmake-build-debug/_deps/googletest-src/googletest/include/gtest/gtest_pred_impl.h" bodystart="77" bodyend="82"/>
      </memberdef>
      <memberdef kind="define" id="cmake-build-debug_2__deps_2googletest-src_2googletest_2include_2gtest_2gtest__pred__impl_8h_1aa3e3bfe04bb0e54d7f0e57e2f991d1eb" prot="public" static="no">
        <name>GTEST_PRED_FORMAT1_</name>
        <param><defname>pred_format</defname></param>
        <param><defname>v1</defname></param>
        <param><defname>on_failure</defname></param>
        <initializer>  <ref refid="build_2__deps_2googletest-src_2googletest_2include_2gtest_2gtest__pred__impl_8h_1a8c09939dd67f1bb5b68c9f6a44ea75db" kindref="member">GTEST_ASSERT_</ref>(pred_format(#v1, v1), on_failure)</initializer>
        <briefdescription>
        </briefdescription>
        <detaileddescription>
        </detaileddescription>
        <inbodydescription>
        </inbodydescription>
        <location file="cmake-build-debug/_deps/googletest-src/googletest/include/gtest/gtest_pred_impl.h" line="99" column="9" bodyfile="cmake-build-debug/_deps/googletest-src/googletest/include/gtest/gtest_pred_impl.h" bodystart="99" bodyend="100"/>
      </memberdef>
      <memberdef kind="define" id="cmake-build-debug_2__deps_2googletest-src_2googletest_2include_2gtest_2gtest__pred__impl_8h_1ad44cf322952076d85305bbdf39769ac1" prot="public" static="no">
        <name>GTEST_PRED1_</name>
        <param><defname>pred</defname></param>
        <param><defname>v1</defname></param>
        <param><defname>on_failure</defname></param>
        <initializer>  <ref refid="build_2__deps_2googletest-src_2googletest_2include_2gtest_2gtest__pred__impl_8h_1a8c09939dd67f1bb5b68c9f6a44ea75db" kindref="member">GTEST_ASSERT_</ref>(<ref refid="namespacetesting_1a7f73180474723be6e92185d6fa9e7c9f" kindref="member">::testing::AssertPred1Helper</ref>(#pred, #v1, pred, v1), on_failure)</initializer>
        <briefdescription>
        </briefdescription>
        <detaileddescription>
        </detaileddescription>
        <inbodydescription>
        </inbodydescription>
        <location file="cmake-build-debug/_deps/googletest-src/googletest/include/gtest/gtest_pred_impl.h" line="104" column="9" bodyfile="cmake-build-debug/_deps/googletest-src/googletest/include/gtest/gtest_pred_impl.h" bodystart="104" bodyend="105"/>
      </memberdef>
      <memberdef kind="define" id="cmake-build-debug_2__deps_2googletest-src_2googletest_2include_2gtest_2gtest__pred__impl_8h_1a07132aa62cf4902e50e68d0265f573b6" prot="public" static="no">
        <name>EXPECT_PRED_FORMAT1</name>
        <param><defname>pred_format</defname></param>
        <param><defname>v1</defname></param>
        <initializer>  <ref refid="build_2__deps_2googletest-src_2googletest_2include_2gtest_2gtest__pred__impl_8h_1aa3e3bfe04bb0e54d7f0e57e2f991d1eb" kindref="member">GTEST_PRED_FORMAT1_</ref>(pred_format, v1, <ref refid="build_2__deps_2googletest-src_2googletest_2include_2gtest_2internal_2gtest-internal_8h_1a6cb7482cfa03661a91c698eb5895f642" kindref="member">GTEST_NONFATAL_FAILURE_</ref>)</initializer>
        <briefdescription>
        </briefdescription>
        <detaileddescription>
        </detaileddescription>
        <inbodydescription>
        </inbodydescription>
        <location file="cmake-build-debug/_deps/googletest-src/googletest/include/gtest/gtest_pred_impl.h" line="108" column="9" bodyfile="cmake-build-debug/_deps/googletest-src/googletest/include/gtest/gtest_pred_impl.h" bodystart="108" bodyend="109"/>
      </memberdef>
      <memberdef kind="define" id="cmake-build-debug_2__deps_2googletest-src_2googletest_2include_2gtest_2gtest__pred__impl_8h_1a6d09aa83f8d297481380c7c073c9f070" prot="public" static="no">
        <name>EXPECT_PRED1</name>
        <param><defname>pred</defname></param>
        <param><defname>v1</defname></param>
        <initializer><ref refid="build_2__deps_2googletest-src_2googletest_2include_2gtest_2gtest__pred__impl_8h_1ad44cf322952076d85305bbdf39769ac1" kindref="member">GTEST_PRED1_</ref>(pred, v1, <ref refid="build_2__deps_2googletest-src_2googletest_2include_2gtest_2internal_2gtest-internal_8h_1a6cb7482cfa03661a91c698eb5895f642" kindref="member">GTEST_NONFATAL_FAILURE_</ref>)</initializer>
        <briefdescription>
        </briefdescription>
        <detaileddescription>
        </detaileddescription>
        <inbodydescription>
        </inbodydescription>
        <location file="cmake-build-debug/_deps/googletest-src/googletest/include/gtest/gtest_pred_impl.h" line="110" column="9" bodyfile="cmake-build-debug/_deps/googletest-src/googletest/include/gtest/gtest_pred_impl.h" bodystart="110" bodyend="-1"/>
      </memberdef>
      <memberdef kind="define" id="cmake-build-debug_2__deps_2googletest-src_2googletest_2include_2gtest_2gtest__pred__impl_8h_1a3771ca0d1a72013aebc3d66e046491ed" prot="public" static="no">
        <name>ASSERT_PRED_FORMAT1</name>
        <param><defname>pred_format</defname></param>
        <param><defname>v1</defname></param>
        <initializer>  <ref refid="build_2__deps_2googletest-src_2googletest_2include_2gtest_2gtest__pred__impl_8h_1aa3e3bfe04bb0e54d7f0e57e2f991d1eb" kindref="member">GTEST_PRED_FORMAT1_</ref>(pred_format, v1, <ref refid="build_2__deps_2googletest-src_2googletest_2include_2gtest_2internal_2gtest-internal_8h_1a0f9a4c3ea82cc7bf4478eaffdc168358" kindref="member">GTEST_FATAL_FAILURE_</ref>)</initializer>
        <briefdescription>
        </briefdescription>
        <detaileddescription>
        </detaileddescription>
        <inbodydescription>
        </inbodydescription>
        <location file="cmake-build-debug/_deps/googletest-src/googletest/include/gtest/gtest_pred_impl.h" line="111" column="9" bodyfile="cmake-build-debug/_deps/googletest-src/googletest/include/gtest/gtest_pred_impl.h" bodystart="111" bodyend="112"/>
      </memberdef>
      <memberdef kind="define" id="cmake-build-debug_2__deps_2googletest-src_2googletest_2include_2gtest_2gtest__pred__impl_8h_1a7d72f779b7d39b8f73a563ebc6d0604b" prot="public" static="no">
        <name>ASSERT_PRED1</name>
        <param><defname>pred</defname></param>
        <param><defname>v1</defname></param>
        <initializer><ref refid="build_2__deps_2googletest-src_2googletest_2include_2gtest_2gtest__pred__impl_8h_1ad44cf322952076d85305bbdf39769ac1" kindref="member">GTEST_PRED1_</ref>(pred, v1, <ref refid="build_2__deps_2googletest-src_2googletest_2include_2gtest_2internal_2gtest-internal_8h_1a0f9a4c3ea82cc7bf4478eaffdc168358" kindref="member">GTEST_FATAL_FAILURE_</ref>)</initializer>
        <briefdescription>
        </briefdescription>
        <detaileddescription>
        </detaileddescription>
        <inbodydescription>
        </inbodydescription>
        <location file="cmake-build-debug/_deps/googletest-src/googletest/include/gtest/gtest_pred_impl.h" line="113" column="9" bodyfile="cmake-build-debug/_deps/googletest-src/googletest/include/gtest/gtest_pred_impl.h" bodystart="113" bodyend="-1"/>
      </memberdef>
      <memberdef kind="define" id="cmake-build-debug_2__deps_2googletest-src_2googletest_2include_2gtest_2gtest__pred__impl_8h_1a115c18d1f752b7f091d577fb69cac372" prot="public" static="no">
        <name>GTEST_PRED_FORMAT2_</name>
        <param><defname>pred_format</defname></param>
        <param><defname>v1</defname></param>
        <param><defname>v2</defname></param>
        <param><defname>on_failure</defname></param>
        <initializer>  <ref refid="build_2__deps_2googletest-src_2googletest_2include_2gtest_2gtest__pred__impl_8h_1a8c09939dd67f1bb5b68c9f6a44ea75db" kindref="member">GTEST_ASSERT_</ref>(pred_format(#v1, #v2, v1, v2), on_failure)</initializer>
        <briefdescription>
        </briefdescription>
        <detaileddescription>
        </detaileddescription>
        <inbodydescription>
        </inbodydescription>
        <location file="cmake-build-debug/_deps/googletest-src/googletest/include/gtest/gtest_pred_impl.h" line="133" column="9" bodyfile="cmake-build-debug/_deps/googletest-src/googletest/include/gtest/gtest_pred_impl.h" bodystart="133" bodyend="134"/>
      </memberdef>
      <memberdef kind="define" id="cmake-build-debug_2__deps_2googletest-src_2googletest_2include_2gtest_2gtest__pred__impl_8h_1ac560264104bd030b64034505d294a7b6" prot="public" static="no">
        <name>GTEST_PRED2_</name>
        <param><defname>pred</defname></param>
        <param><defname>v1</defname></param>
        <param><defname>v2</defname></param>
        <param><defname>on_failure</defname></param>
        <initializer>  <ref refid="build_2__deps_2googletest-src_2googletest_2include_2gtest_2gtest__pred__impl_8h_1a8c09939dd67f1bb5b68c9f6a44ea75db" kindref="member">GTEST_ASSERT_</ref>(<ref refid="namespacetesting_1aa6587938029dd8733ecb885068f08247" kindref="member">::testing::AssertPred2Helper</ref>(#pred, #v1, #v2, pred, v1, v2), \
                on_failure)</initializer>
        <briefdescription>
        </briefdescription>
        <detaileddescription>
        </detaileddescription>
        <inbodydescription>
        </inbodydescription>
        <location file="cmake-build-debug/_deps/googletest-src/googletest/include/gtest/gtest_pred_impl.h" line="138" column="9" bodyfile="cmake-build-debug/_deps/googletest-src/googletest/include/gtest/gtest_pred_impl.h" bodystart="138" bodyend="140"/>
      </memberdef>
      <memberdef kind="define" id="cmake-build-debug_2__deps_2googletest-src_2googletest_2include_2gtest_2gtest__pred__impl_8h_1af0141918615a5e2d5247e9cda8324dae" prot="public" static="no">
        <name>EXPECT_PRED_FORMAT2</name>
        <param><defname>pred_format</defname></param>
        <param><defname>v1</defname></param>
        <param><defname>v2</defname></param>
        <initializer>  <ref refid="build_2__deps_2googletest-src_2googletest_2include_2gtest_2gtest__pred__impl_8h_1a115c18d1f752b7f091d577fb69cac372" kindref="member">GTEST_PRED_FORMAT2_</ref>(pred_format, v1, v2, <ref refid="build_2__deps_2googletest-src_2googletest_2include_2gtest_2internal_2gtest-internal_8h_1a6cb7482cfa03661a91c698eb5895f642" kindref="member">GTEST_NONFATAL_FAILURE_</ref>)</initializer>
        <briefdescription>
        </briefdescription>
        <detaileddescription>
        </detaileddescription>
        <inbodydescription>
        </inbodydescription>
        <location file="cmake-build-debug/_deps/googletest-src/googletest/include/gtest/gtest_pred_impl.h" line="143" column="9" bodyfile="cmake-build-debug/_deps/googletest-src/googletest/include/gtest/gtest_pred_impl.h" bodystart="143" bodyend="144"/>
      </memberdef>
      <memberdef kind="define" id="cmake-build-debug_2__deps_2googletest-src_2googletest_2include_2gtest_2gtest__pred__impl_8h_1a14e74e655e502914d3d07e083145ac91" prot="public" static="no">
        <name>EXPECT_PRED2</name>
        <param><defname>pred</defname></param>
        <param><defname>v1</defname></param>
        <param><defname>v2</defname></param>
        <initializer>  <ref refid="build_2__deps_2googletest-src_2googletest_2include_2gtest_2gtest__pred__impl_8h_1ac560264104bd030b64034505d294a7b6" kindref="member">GTEST_PRED2_</ref>(pred, v1, v2, <ref refid="build_2__deps_2googletest-src_2googletest_2include_2gtest_2internal_2gtest-internal_8h_1a6cb7482cfa03661a91c698eb5895f642" kindref="member">GTEST_NONFATAL_FAILURE_</ref>)</initializer>
        <briefdescription>
        </briefdescription>
        <detaileddescription>
        </detaileddescription>
        <inbodydescription>
        </inbodydescription>
        <location file="cmake-build-debug/_deps/googletest-src/googletest/include/gtest/gtest_pred_impl.h" line="145" column="9" bodyfile="cmake-build-debug/_deps/googletest-src/googletest/include/gtest/gtest_pred_impl.h" bodystart="145" bodyend="146"/>
      </memberdef>
      <memberdef kind="define" id="cmake-build-debug_2__deps_2googletest-src_2googletest_2include_2gtest_2gtest__pred__impl_8h_1ac452685a1a98ea3d96eb956a062ee210" prot="public" static="no">
        <name>ASSERT_PRED_FORMAT2</name>
        <param><defname>pred_format</defname></param>
        <param><defname>v1</defname></param>
        <param><defname>v2</defname></param>
        <initializer>  <ref refid="build_2__deps_2googletest-src_2googletest_2include_2gtest_2gtest__pred__impl_8h_1a115c18d1f752b7f091d577fb69cac372" kindref="member">GTEST_PRED_FORMAT2_</ref>(pred_format, v1, v2, <ref refid="build_2__deps_2googletest-src_2googletest_2include_2gtest_2internal_2gtest-internal_8h_1a0f9a4c3ea82cc7bf4478eaffdc168358" kindref="member">GTEST_FATAL_FAILURE_</ref>)</initializer>
        <briefdescription>
        </briefdescription>
        <detaileddescription>
        </detaileddescription>
        <inbodydescription>
        </inbodydescription>
        <location file="cmake-build-debug/_deps/googletest-src/googletest/include/gtest/gtest_pred_impl.h" line="147" column="9" bodyfile="cmake-build-debug/_deps/googletest-src/googletest/include/gtest/gtest_pred_impl.h" bodystart="147" bodyend="148"/>
      </memberdef>
      <memberdef kind="define" id="cmake-build-debug_2__deps_2googletest-src_2googletest_2include_2gtest_2gtest__pred__impl_8h_1a4e9b777cce4e5423f4c2e491be7aa818" prot="public" static="no">
        <name>ASSERT_PRED2</name>
        <param><defname>pred</defname></param>
        <param><defname>v1</defname></param>
        <param><defname>v2</defname></param>
        <initializer>  <ref refid="build_2__deps_2googletest-src_2googletest_2include_2gtest_2gtest__pred__impl_8h_1ac560264104bd030b64034505d294a7b6" kindref="member">GTEST_PRED2_</ref>(pred, v1, v2, <ref refid="build_2__deps_2googletest-src_2googletest_2include_2gtest_2internal_2gtest-internal_8h_1a0f9a4c3ea82cc7bf4478eaffdc168358" kindref="member">GTEST_FATAL_FAILURE_</ref>)</initializer>
        <briefdescription>
        </briefdescription>
        <detaileddescription>
        </detaileddescription>
        <inbodydescription>
        </inbodydescription>
        <location file="cmake-build-debug/_deps/googletest-src/googletest/include/gtest/gtest_pred_impl.h" line="149" column="9" bodyfile="cmake-build-debug/_deps/googletest-src/googletest/include/gtest/gtest_pred_impl.h" bodystart="149" bodyend="150"/>
      </memberdef>
      <memberdef kind="define" id="cmake-build-debug_2__deps_2googletest-src_2googletest_2include_2gtest_2gtest__pred__impl_8h_1a49cdf8707268ee932bb772d879a226cc" prot="public" static="no">
        <name>GTEST_PRED_FORMAT3_</name>
        <param><defname>pred_format</defname></param>
        <param><defname>v1</defname></param>
        <param><defname>v2</defname></param>
        <param><defname>v3</defname></param>
        <param><defname>on_failure</defname></param>
        <initializer>  <ref refid="build_2__deps_2googletest-src_2googletest_2include_2gtest_2gtest__pred__impl_8h_1a8c09939dd67f1bb5b68c9f6a44ea75db" kindref="member">GTEST_ASSERT_</ref>(pred_format(#v1, #v2, #v3, v1, v2, v3), on_failure)</initializer>
        <briefdescription>
        </briefdescription>
        <detaileddescription>
        </detaileddescription>
        <inbodydescription>
        </inbodydescription>
        <location file="cmake-build-debug/_deps/googletest-src/googletest/include/gtest/gtest_pred_impl.h" line="171" column="9" bodyfile="cmake-build-debug/_deps/googletest-src/googletest/include/gtest/gtest_pred_impl.h" bodystart="171" bodyend="172"/>
      </memberdef>
      <memberdef kind="define" id="cmake-build-debug_2__deps_2googletest-src_2googletest_2include_2gtest_2gtest__pred__impl_8h_1af30518f03233bc4486b55284b0827eb8" prot="public" static="no">
        <name>GTEST_PRED3_</name>
        <param><defname>pred</defname></param>
        <param><defname>v1</defname></param>
        <param><defname>v2</defname></param>
        <param><defname>v3</defname></param>
        <param><defname>on_failure</defname></param>
        <initializer>  <ref refid="build_2__deps_2googletest-src_2googletest_2include_2gtest_2gtest__pred__impl_8h_1a8c09939dd67f1bb5b68c9f6a44ea75db" kindref="member">GTEST_ASSERT_</ref>(                                                            \
      <ref refid="namespacetesting_1ac92dcbd00a0ffb2913e65d286e321a22" kindref="member">::testing::AssertPred3Helper</ref>(#pred, #v1, #v2, #v3, pred, v1, v2, v3), \
      on_failure)</initializer>
        <briefdescription>
        </briefdescription>
        <detaileddescription>
        </detaileddescription>
        <inbodydescription>
        </inbodydescription>
        <location file="cmake-build-debug/_deps/googletest-src/googletest/include/gtest/gtest_pred_impl.h" line="176" column="9" bodyfile="cmake-build-debug/_deps/googletest-src/googletest/include/gtest/gtest_pred_impl.h" bodystart="176" bodyend="179"/>
      </memberdef>
      <memberdef kind="define" id="cmake-build-debug_2__deps_2googletest-src_2googletest_2include_2gtest_2gtest__pred__impl_8h_1a7285708fa5d37d6d8ed5b5e59da08bae" prot="public" static="no">
        <name>EXPECT_PRED_FORMAT3</name>
        <param><defname>pred_format</defname></param>
        <param><defname>v1</defname></param>
        <param><defname>v2</defname></param>
        <param><defname>v3</defname></param>
        <initializer>  <ref refid="build_2__deps_2googletest-src_2googletest_2include_2gtest_2gtest__pred__impl_8h_1a49cdf8707268ee932bb772d879a226cc" kindref="member">GTEST_PRED_FORMAT3_</ref>(pred_format, v1, v2, v3, <ref refid="build_2__deps_2googletest-src_2googletest_2include_2gtest_2internal_2gtest-internal_8h_1a6cb7482cfa03661a91c698eb5895f642" kindref="member">GTEST_NONFATAL_FAILURE_</ref>)</initializer>
        <briefdescription>
        </briefdescription>
        <detaileddescription>
        </detaileddescription>
        <inbodydescription>
        </inbodydescription>
        <location file="cmake-build-debug/_deps/googletest-src/googletest/include/gtest/gtest_pred_impl.h" line="182" column="9" bodyfile="cmake-build-debug/_deps/googletest-src/googletest/include/gtest/gtest_pred_impl.h" bodystart="182" bodyend="183"/>
      </memberdef>
      <memberdef kind="define" id="cmake-build-debug_2__deps_2googletest-src_2googletest_2include_2gtest_2gtest__pred__impl_8h_1a0a0aff2564ea84c7eb3517ac8eda04da" prot="public" static="no">
        <name>EXPECT_PRED3</name>
        <param><defname>pred</defname></param>
        <param><defname>v1</defname></param>
        <param><defname>v2</defname></param>
        <param><defname>v3</defname></param>
        <initializer>  <ref refid="build_2__deps_2googletest-src_2googletest_2include_2gtest_2gtest__pred__impl_8h_1af30518f03233bc4486b55284b0827eb8" kindref="member">GTEST_PRED3_</ref>(pred, v1, v2, v3, <ref refid="build_2__deps_2googletest-src_2googletest_2include_2gtest_2internal_2gtest-internal_8h_1a6cb7482cfa03661a91c698eb5895f642" kindref="member">GTEST_NONFATAL_FAILURE_</ref>)</initializer>
        <briefdescription>
        </briefdescription>
        <detaileddescription>
        </detaileddescription>
        <inbodydescription>
        </inbodydescription>
        <location file="cmake-build-debug/_deps/googletest-src/googletest/include/gtest/gtest_pred_impl.h" line="184" column="9" bodyfile="cmake-build-debug/_deps/googletest-src/googletest/include/gtest/gtest_pred_impl.h" bodystart="184" bodyend="185"/>
      </memberdef>
      <memberdef kind="define" id="cmake-build-debug_2__deps_2googletest-src_2googletest_2include_2gtest_2gtest__pred__impl_8h_1a494e3b8dc22f4765f7e041f16c930e3d" prot="public" static="no">
        <name>ASSERT_PRED_FORMAT3</name>
        <param><defname>pred_format</defname></param>
        <param><defname>v1</defname></param>
        <param><defname>v2</defname></param>
        <param><defname>v3</defname></param>
        <initializer>  <ref refid="build_2__deps_2googletest-src_2googletest_2include_2gtest_2gtest__pred__impl_8h_1a49cdf8707268ee932bb772d879a226cc" kindref="member">GTEST_PRED_FORMAT3_</ref>(pred_format, v1, v2, v3, <ref refid="build_2__deps_2googletest-src_2googletest_2include_2gtest_2internal_2gtest-internal_8h_1a0f9a4c3ea82cc7bf4478eaffdc168358" kindref="member">GTEST_FATAL_FAILURE_</ref>)</initializer>
        <briefdescription>
        </briefdescription>
        <detaileddescription>
        </detaileddescription>
        <inbodydescription>
        </inbodydescription>
        <location file="cmake-build-debug/_deps/googletest-src/googletest/include/gtest/gtest_pred_impl.h" line="186" column="9" bodyfile="cmake-build-debug/_deps/googletest-src/googletest/include/gtest/gtest_pred_impl.h" bodystart="186" bodyend="187"/>
      </memberdef>
      <memberdef kind="define" id="cmake-build-debug_2__deps_2googletest-src_2googletest_2include_2gtest_2gtest__pred__impl_8h_1aa7688f3ab9f09a2c1dbf13bd1f29d8fd" prot="public" static="no">
        <name>ASSERT_PRED3</name>
        <param><defname>pred</defname></param>
        <param><defname>v1</defname></param>
        <param><defname>v2</defname></param>
        <param><defname>v3</defname></param>
        <initializer>  <ref refid="build_2__deps_2googletest-src_2googletest_2include_2gtest_2gtest__pred__impl_8h_1af30518f03233bc4486b55284b0827eb8" kindref="member">GTEST_PRED3_</ref>(pred, v1, v2, v3, <ref refid="build_2__deps_2googletest-src_2googletest_2include_2gtest_2internal_2gtest-internal_8h_1a0f9a4c3ea82cc7bf4478eaffdc168358" kindref="member">GTEST_FATAL_FAILURE_</ref>)</initializer>
        <briefdescription>
        </briefdescription>
        <detaileddescription>
        </detaileddescription>
        <inbodydescription>
        </inbodydescription>
        <location file="cmake-build-debug/_deps/googletest-src/googletest/include/gtest/gtest_pred_impl.h" line="188" column="9" bodyfile="cmake-build-debug/_deps/googletest-src/googletest/include/gtest/gtest_pred_impl.h" bodystart="188" bodyend="189"/>
      </memberdef>
      <memberdef kind="define" id="cmake-build-debug_2__deps_2googletest-src_2googletest_2include_2gtest_2gtest__pred__impl_8h_1abd207ed869491ba4bba29f8df37b7355" prot="public" static="no">
        <name>GTEST_PRED_FORMAT4_</name>
        <param><defname>pred_format</defname></param>
        <param><defname>v1</defname></param>
        <param><defname>v2</defname></param>
        <param><defname>v3</defname></param>
        <param><defname>v4</defname></param>
        <param><defname>on_failure</defname></param>
        <initializer>  <ref refid="build_2__deps_2googletest-src_2googletest_2include_2gtest_2gtest__pred__impl_8h_1a8c09939dd67f1bb5b68c9f6a44ea75db" kindref="member">GTEST_ASSERT_</ref>(pred_format(#v1, #v2, #v3, #v4, v1, v2, v3, v4), on_failure)</initializer>
        <briefdescription>
        </briefdescription>
        <detaileddescription>
        </detaileddescription>
        <inbodydescription>
        </inbodydescription>
        <location file="cmake-build-debug/_deps/googletest-src/googletest/include/gtest/gtest_pred_impl.h" line="212" column="9" bodyfile="cmake-build-debug/_deps/googletest-src/googletest/include/gtest/gtest_pred_impl.h" bodystart="212" bodyend="213"/>
      </memberdef>
      <memberdef kind="define" id="cmake-build-debug_2__deps_2googletest-src_2googletest_2include_2gtest_2gtest__pred__impl_8h_1a14e8c70455104fac032efec097ef668b" prot="public" static="no">
        <name>GTEST_PRED4_</name>
        <param><defname>pred</defname></param>
        <param><defname>v1</defname></param>
        <param><defname>v2</defname></param>
        <param><defname>v3</defname></param>
        <param><defname>v4</defname></param>
        <param><defname>on_failure</defname></param>
        <initializer>  <ref refid="build_2__deps_2googletest-src_2googletest_2include_2gtest_2gtest__pred__impl_8h_1a8c09939dd67f1bb5b68c9f6a44ea75db" kindref="member">GTEST_ASSERT_</ref>(<ref refid="namespacetesting_1ae90c778d69db4682e8fd8baaa0a9f9cd" kindref="member">::testing::AssertPred4Helper</ref>(#pred, #v1, #v2, #v3, #v4, pred, \
                                             v1, v2, v3, v4),                 \
                on_failure)</initializer>
        <briefdescription>
        </briefdescription>
        <detaileddescription>
        </detaileddescription>
        <inbodydescription>
        </inbodydescription>
        <location file="cmake-build-debug/_deps/googletest-src/googletest/include/gtest/gtest_pred_impl.h" line="217" column="9" bodyfile="cmake-build-debug/_deps/googletest-src/googletest/include/gtest/gtest_pred_impl.h" bodystart="217" bodyend="220"/>
      </memberdef>
      <memberdef kind="define" id="cmake-build-debug_2__deps_2googletest-src_2googletest_2include_2gtest_2gtest__pred__impl_8h_1a3354347de0f2445400b509cf39dce1dc" prot="public" static="no">
        <name>EXPECT_PRED_FORMAT4</name>
        <param><defname>pred_format</defname></param>
        <param><defname>v1</defname></param>
        <param><defname>v2</defname></param>
        <param><defname>v3</defname></param>
        <param><defname>v4</defname></param>
        <initializer>  <ref refid="build_2__deps_2googletest-src_2googletest_2include_2gtest_2gtest__pred__impl_8h_1abd207ed869491ba4bba29f8df37b7355" kindref="member">GTEST_PRED_FORMAT4_</ref>(pred_format, v1, v2, v3, v4, <ref refid="build_2__deps_2googletest-src_2googletest_2include_2gtest_2internal_2gtest-internal_8h_1a6cb7482cfa03661a91c698eb5895f642" kindref="member">GTEST_NONFATAL_FAILURE_</ref>)</initializer>
        <briefdescription>
        </briefdescription>
        <detaileddescription>
        </detaileddescription>
        <inbodydescription>
        </inbodydescription>
        <location file="cmake-build-debug/_deps/googletest-src/googletest/include/gtest/gtest_pred_impl.h" line="223" column="9" bodyfile="cmake-build-debug/_deps/googletest-src/googletest/include/gtest/gtest_pred_impl.h" bodystart="223" bodyend="224"/>
      </memberdef>
      <memberdef kind="define" id="cmake-build-debug_2__deps_2googletest-src_2googletest_2include_2gtest_2gtest__pred__impl_8h_1a4fd2b1bad63eb752bc2ff2b6bb3f4569" prot="public" static="no">
        <name>EXPECT_PRED4</name>
        <param><defname>pred</defname></param>
        <param><defname>v1</defname></param>
        <param><defname>v2</defname></param>
        <param><defname>v3</defname></param>
        <param><defname>v4</defname></param>
        <initializer>  <ref refid="build_2__deps_2googletest-src_2googletest_2include_2gtest_2gtest__pred__impl_8h_1a14e8c70455104fac032efec097ef668b" kindref="member">GTEST_PRED4_</ref>(pred, v1, v2, v3, v4, <ref refid="build_2__deps_2googletest-src_2googletest_2include_2gtest_2internal_2gtest-internal_8h_1a6cb7482cfa03661a91c698eb5895f642" kindref="member">GTEST_NONFATAL_FAILURE_</ref>)</initializer>
        <briefdescription>
        </briefdescription>
        <detaileddescription>
        </detaileddescription>
        <inbodydescription>
        </inbodydescription>
        <location file="cmake-build-debug/_deps/googletest-src/googletest/include/gtest/gtest_pred_impl.h" line="225" column="9" bodyfile="cmake-build-debug/_deps/googletest-src/googletest/include/gtest/gtest_pred_impl.h" bodystart="225" bodyend="226"/>
      </memberdef>
      <memberdef kind="define" id="cmake-build-debug_2__deps_2googletest-src_2googletest_2include_2gtest_2gtest__pred__impl_8h_1a1842593c1dfb13c9a4b33b01540a8b40" prot="public" static="no">
        <name>ASSERT_PRED_FORMAT4</name>
        <param><defname>pred_format</defname></param>
        <param><defname>v1</defname></param>
        <param><defname>v2</defname></param>
        <param><defname>v3</defname></param>
        <param><defname>v4</defname></param>
        <initializer>  <ref refid="build_2__deps_2googletest-src_2googletest_2include_2gtest_2gtest__pred__impl_8h_1abd207ed869491ba4bba29f8df37b7355" kindref="member">GTEST_PRED_FORMAT4_</ref>(pred_format, v1, v2, v3, v4, <ref refid="build_2__deps_2googletest-src_2googletest_2include_2gtest_2internal_2gtest-internal_8h_1a0f9a4c3ea82cc7bf4478eaffdc168358" kindref="member">GTEST_FATAL_FAILURE_</ref>)</initializer>
        <briefdescription>
        </briefdescription>
        <detaileddescription>
        </detaileddescription>
        <inbodydescription>
        </inbodydescription>
        <location file="cmake-build-debug/_deps/googletest-src/googletest/include/gtest/gtest_pred_impl.h" line="227" column="9" bodyfile="cmake-build-debug/_deps/googletest-src/googletest/include/gtest/gtest_pred_impl.h" bodystart="227" bodyend="228"/>
      </memberdef>
      <memberdef kind="define" id="cmake-build-debug_2__deps_2googletest-src_2googletest_2include_2gtest_2gtest__pred__impl_8h_1addc030c521775610e4619a01541a2167" prot="public" static="no">
        <name>ASSERT_PRED4</name>
        <param><defname>pred</defname></param>
        <param><defname>v1</defname></param>
        <param><defname>v2</defname></param>
        <param><defname>v3</defname></param>
        <param><defname>v4</defname></param>
        <initializer>  <ref refid="build_2__deps_2googletest-src_2googletest_2include_2gtest_2gtest__pred__impl_8h_1a14e8c70455104fac032efec097ef668b" kindref="member">GTEST_PRED4_</ref>(pred, v1, v2, v3, v4, <ref refid="build_2__deps_2googletest-src_2googletest_2include_2gtest_2internal_2gtest-internal_8h_1a0f9a4c3ea82cc7bf4478eaffdc168358" kindref="member">GTEST_FATAL_FAILURE_</ref>)</initializer>
        <briefdescription>
        </briefdescription>
        <detaileddescription>
        </detaileddescription>
        <inbodydescription>
        </inbodydescription>
        <location file="cmake-build-debug/_deps/googletest-src/googletest/include/gtest/gtest_pred_impl.h" line="229" column="9" bodyfile="cmake-build-debug/_deps/googletest-src/googletest/include/gtest/gtest_pred_impl.h" bodystart="229" bodyend="230"/>
      </memberdef>
      <memberdef kind="define" id="cmake-build-debug_2__deps_2googletest-src_2googletest_2include_2gtest_2gtest__pred__impl_8h_1a107623ee191560f703a3fdc983803c8e" prot="public" static="no">
        <name>GTEST_PRED_FORMAT5_</name>
        <param><defname>pred_format</defname></param>
        <param><defname>v1</defname></param>
        <param><defname>v2</defname></param>
        <param><defname>v3</defname></param>
        <param><defname>v4</defname></param>
        <param><defname>v5</defname></param>
        <param><defname>on_failure</defname></param>
        <initializer>  <ref refid="build_2__deps_2googletest-src_2googletest_2include_2gtest_2gtest__pred__impl_8h_1a8c09939dd67f1bb5b68c9f6a44ea75db" kindref="member">GTEST_ASSERT_</ref>(pred_format(#v1, #v2, #v3, #v4, #v5, v1, v2, v3, v4, v5), \
                on_failure)</initializer>
        <briefdescription>
        </briefdescription>
        <detaileddescription>
        </detaileddescription>
        <inbodydescription>
        </inbodydescription>
        <location file="cmake-build-debug/_deps/googletest-src/googletest/include/gtest/gtest_pred_impl.h" line="256" column="9" bodyfile="cmake-build-debug/_deps/googletest-src/googletest/include/gtest/gtest_pred_impl.h" bodystart="256" bodyend="258"/>
      </memberdef>
      <memberdef kind="define" id="cmake-build-debug_2__deps_2googletest-src_2googletest_2include_2gtest_2gtest__pred__impl_8h_1a2c42692f7d910dc2fe57869883190e6c" prot="public" static="no">
        <name>GTEST_PRED5_</name>
        <param><defname>pred</defname></param>
        <param><defname>v1</defname></param>
        <param><defname>v2</defname></param>
        <param><defname>v3</defname></param>
        <param><defname>v4</defname></param>
        <param><defname>v5</defname></param>
        <param><defname>on_failure</defname></param>
        <initializer>  <ref refid="build_2__deps_2googletest-src_2googletest_2include_2gtest_2gtest__pred__impl_8h_1a8c09939dd67f1bb5b68c9f6a44ea75db" kindref="member">GTEST_ASSERT_</ref>(<ref refid="namespacetesting_1addcf52b273ce17269cbf4956cfe600a6" kindref="member">::testing::AssertPred5Helper</ref>(#pred, #v1, #v2, #v3, #v4, #v5, \
                                             pred, v1, v2, v3, v4, v5),      \
                on_failure)</initializer>
        <briefdescription>
        </briefdescription>
        <detaileddescription>
        </detaileddescription>
        <inbodydescription>
        </inbodydescription>
        <location file="cmake-build-debug/_deps/googletest-src/googletest/include/gtest/gtest_pred_impl.h" line="262" column="9" bodyfile="cmake-build-debug/_deps/googletest-src/googletest/include/gtest/gtest_pred_impl.h" bodystart="262" bodyend="265"/>
      </memberdef>
      <memberdef kind="define" id="cmake-build-debug_2__deps_2googletest-src_2googletest_2include_2gtest_2gtest__pred__impl_8h_1a74beddf9661e4460f9969fe211b9e80e" prot="public" static="no">
        <name>EXPECT_PRED_FORMAT5</name>
        <param><defname>pred_format</defname></param>
        <param><defname>v1</defname></param>
        <param><defname>v2</defname></param>
        <param><defname>v3</defname></param>
        <param><defname>v4</defname></param>
        <param><defname>v5</defname></param>
        <initializer>  <ref refid="build_2__deps_2googletest-src_2googletest_2include_2gtest_2gtest__pred__impl_8h_1a107623ee191560f703a3fdc983803c8e" kindref="member">GTEST_PRED_FORMAT5_</ref>(pred_format, v1, v2, v3, v4, v5, <ref refid="build_2__deps_2googletest-src_2googletest_2include_2gtest_2internal_2gtest-internal_8h_1a6cb7482cfa03661a91c698eb5895f642" kindref="member">GTEST_NONFATAL_FAILURE_</ref>)</initializer>
        <briefdescription>
        </briefdescription>
        <detaileddescription>
        </detaileddescription>
        <inbodydescription>
        </inbodydescription>
        <location file="cmake-build-debug/_deps/googletest-src/googletest/include/gtest/gtest_pred_impl.h" line="268" column="9" bodyfile="cmake-build-debug/_deps/googletest-src/googletest/include/gtest/gtest_pred_impl.h" bodystart="268" bodyend="269"/>
      </memberdef>
      <memberdef kind="define" id="cmake-build-debug_2__deps_2googletest-src_2googletest_2include_2gtest_2gtest__pred__impl_8h_1adbfcc13f3b3d14c42a7fbd41573932bf" prot="public" static="no">
        <name>EXPECT_PRED5</name>
        <param><defname>pred</defname></param>
        <param><defname>v1</defname></param>
        <param><defname>v2</defname></param>
        <param><defname>v3</defname></param>
        <param><defname>v4</defname></param>
        <param><defname>v5</defname></param>
        <initializer>  <ref refid="build_2__deps_2googletest-src_2googletest_2include_2gtest_2gtest__pred__impl_8h_1a2c42692f7d910dc2fe57869883190e6c" kindref="member">GTEST_PRED5_</ref>(pred, v1, v2, v3, v4, v5, <ref refid="build_2__deps_2googletest-src_2googletest_2include_2gtest_2internal_2gtest-internal_8h_1a6cb7482cfa03661a91c698eb5895f642" kindref="member">GTEST_NONFATAL_FAILURE_</ref>)</initializer>
        <briefdescription>
        </briefdescription>
        <detaileddescription>
        </detaileddescription>
        <inbodydescription>
        </inbodydescription>
        <location file="cmake-build-debug/_deps/googletest-src/googletest/include/gtest/gtest_pred_impl.h" line="270" column="9" bodyfile="cmake-build-debug/_deps/googletest-src/googletest/include/gtest/gtest_pred_impl.h" bodystart="270" bodyend="271"/>
      </memberdef>
      <memberdef kind="define" id="cmake-build-debug_2__deps_2googletest-src_2googletest_2include_2gtest_2gtest__pred__impl_8h_1abd7cb4f36d6aa2cb346ab3ac812568f3" prot="public" static="no">
        <name>ASSERT_PRED_FORMAT5</name>
        <param><defname>pred_format</defname></param>
        <param><defname>v1</defname></param>
        <param><defname>v2</defname></param>
        <param><defname>v3</defname></param>
        <param><defname>v4</defname></param>
        <param><defname>v5</defname></param>
        <initializer>  <ref refid="build_2__deps_2googletest-src_2googletest_2include_2gtest_2gtest__pred__impl_8h_1a107623ee191560f703a3fdc983803c8e" kindref="member">GTEST_PRED_FORMAT5_</ref>(pred_format, v1, v2, v3, v4, v5, <ref refid="build_2__deps_2googletest-src_2googletest_2include_2gtest_2internal_2gtest-internal_8h_1a0f9a4c3ea82cc7bf4478eaffdc168358" kindref="member">GTEST_FATAL_FAILURE_</ref>)</initializer>
        <briefdescription>
        </briefdescription>
        <detaileddescription>
        </detaileddescription>
        <inbodydescription>
        </inbodydescription>
        <location file="cmake-build-debug/_deps/googletest-src/googletest/include/gtest/gtest_pred_impl.h" line="272" column="9" bodyfile="cmake-build-debug/_deps/googletest-src/googletest/include/gtest/gtest_pred_impl.h" bodystart="272" bodyend="273"/>
      </memberdef>
      <memberdef kind="define" id="cmake-build-debug_2__deps_2googletest-src_2googletest_2include_2gtest_2gtest__pred__impl_8h_1af8e510af2b4a14d90eef66ace17d1c30" prot="public" static="no">
        <name>ASSERT_PRED5</name>
        <param><defname>pred</defname></param>
        <param><defname>v1</defname></param>
        <param><defname>v2</defname></param>
        <param><defname>v3</defname></param>
        <param><defname>v4</defname></param>
        <param><defname>v5</defname></param>
        <initializer>  <ref refid="build_2__deps_2googletest-src_2googletest_2include_2gtest_2gtest__pred__impl_8h_1a2c42692f7d910dc2fe57869883190e6c" kindref="member">GTEST_PRED5_</ref>(pred, v1, v2, v3, v4, v5, <ref refid="build_2__deps_2googletest-src_2googletest_2include_2gtest_2internal_2gtest-internal_8h_1a0f9a4c3ea82cc7bf4478eaffdc168358" kindref="member">GTEST_FATAL_FAILURE_</ref>)</initializer>
        <briefdescription>
        </briefdescription>
        <detaileddescription>
        </detaileddescription>
        <inbodydescription>
        </inbodydescription>
        <location file="cmake-build-debug/_deps/googletest-src/googletest/include/gtest/gtest_pred_impl.h" line="274" column="9" bodyfile="cmake-build-debug/_deps/googletest-src/googletest/include/gtest/gtest_pred_impl.h" bodystart="274" bodyend="275"/>
      </memberdef>
    </sectiondef>
    <briefdescription>
    </briefdescription>
    <detaileddescription>
    </detaileddescription>
    <programlisting>
<codeline lineno="1"><highlight class="comment">//<sp/>Copyright<sp/>2006,<sp/>Google<sp/>Inc.</highlight><highlight class="normal"></highlight></codeline>
<codeline lineno="2"><highlight class="normal"></highlight><highlight class="comment">//<sp/>All<sp/>rights<sp/>reserved.</highlight><highlight class="normal"></highlight></codeline>
<codeline lineno="3"><highlight class="normal"></highlight><highlight class="comment">//</highlight><highlight class="normal"></highlight></codeline>
<codeline lineno="4"><highlight class="normal"></highlight><highlight class="comment">//<sp/>Redistribution<sp/>and<sp/>use<sp/>in<sp/>source<sp/>and<sp/>binary<sp/>forms,<sp/>with<sp/>or<sp/>without</highlight><highlight class="normal"></highlight></codeline>
<codeline lineno="5"><highlight class="normal"></highlight><highlight class="comment">//<sp/>modification,<sp/>are<sp/>permitted<sp/>provided<sp/>that<sp/>the<sp/>following<sp/>conditions<sp/>are</highlight><highlight class="normal"></highlight></codeline>
<codeline lineno="6"><highlight class="normal"></highlight><highlight class="comment">//<sp/>met:</highlight><highlight class="normal"></highlight></codeline>
<codeline lineno="7"><highlight class="normal"></highlight><highlight class="comment">//</highlight><highlight class="normal"></highlight></codeline>
<codeline lineno="8"><highlight class="normal"></highlight><highlight class="comment">//<sp/><sp/><sp/><sp/><sp/>*<sp/>Redistributions<sp/>of<sp/>source<sp/>code<sp/>must<sp/>retain<sp/>the<sp/>above<sp/>copyright</highlight><highlight class="normal"></highlight></codeline>
<codeline lineno="9"><highlight class="normal"></highlight><highlight class="comment">//<sp/>notice,<sp/>this<sp/>list<sp/>of<sp/>conditions<sp/>and<sp/>the<sp/>following<sp/>disclaimer.</highlight><highlight class="normal"></highlight></codeline>
<codeline lineno="10"><highlight class="normal"></highlight><highlight class="comment">//<sp/><sp/><sp/><sp/><sp/>*<sp/>Redistributions<sp/>in<sp/>binary<sp/>form<sp/>must<sp/>reproduce<sp/>the<sp/>above</highlight><highlight class="normal"></highlight></codeline>
<codeline lineno="11"><highlight class="normal"></highlight><highlight class="comment">//<sp/>copyright<sp/>notice,<sp/>this<sp/>list<sp/>of<sp/>conditions<sp/>and<sp/>the<sp/>following<sp/>disclaimer</highlight><highlight class="normal"></highlight></codeline>
<codeline lineno="12"><highlight class="normal"></highlight><highlight class="comment">//<sp/>in<sp/>the<sp/>documentation<sp/>and/or<sp/>other<sp/>materials<sp/>provided<sp/>with<sp/>the</highlight><highlight class="normal"></highlight></codeline>
<codeline lineno="13"><highlight class="normal"></highlight><highlight class="comment">//<sp/>distribution.</highlight><highlight class="normal"></highlight></codeline>
<codeline lineno="14"><highlight class="normal"></highlight><highlight class="comment">//<sp/><sp/><sp/><sp/><sp/>*<sp/>Neither<sp/>the<sp/>name<sp/>of<sp/>Google<sp/>Inc.<sp/>nor<sp/>the<sp/>names<sp/>of<sp/>its</highlight><highlight class="normal"></highlight></codeline>
<codeline lineno="15"><highlight class="normal"></highlight><highlight class="comment">//<sp/>contributors<sp/>may<sp/>be<sp/>used<sp/>to<sp/>endorse<sp/>or<sp/>promote<sp/>products<sp/>derived<sp/>from</highlight><highlight class="normal"></highlight></codeline>
<codeline lineno="16"><highlight class="normal"></highlight><highlight class="comment">//<sp/>this<sp/>software<sp/>without<sp/>specific<sp/>prior<sp/>written<sp/>permission.</highlight><highlight class="normal"></highlight></codeline>
<codeline lineno="17"><highlight class="normal"></highlight><highlight class="comment">//</highlight><highlight class="normal"></highlight></codeline>
<codeline lineno="18"><highlight class="normal"></highlight><highlight class="comment">//<sp/>THIS<sp/>SOFTWARE<sp/>IS<sp/>PROVIDED<sp/>BY<sp/>THE<sp/>COPYRIGHT<sp/>HOLDERS<sp/>AND<sp/>CONTRIBUTORS</highlight><highlight class="normal"></highlight></codeline>
<codeline lineno="19"><highlight class="normal"></highlight><highlight class="comment">//<sp/>&quot;AS<sp/>IS&quot;<sp/>AND<sp/>ANY<sp/>EXPRESS<sp/>OR<sp/>IMPLIED<sp/>WARRANTIES,<sp/>INCLUDING,<sp/>BUT<sp/>NOT</highlight><highlight class="normal"></highlight></codeline>
<codeline lineno="20"><highlight class="normal"></highlight><highlight class="comment">//<sp/>LIMITED<sp/>TO,<sp/>THE<sp/>IMPLIED<sp/>WARRANTIES<sp/>OF<sp/>MERCHANTABILITY<sp/>AND<sp/>FITNESS<sp/>FOR</highlight><highlight class="normal"></highlight></codeline>
<codeline lineno="21"><highlight class="normal"></highlight><highlight class="comment">//<sp/>A<sp/>PARTICULAR<sp/>PURPOSE<sp/>ARE<sp/>DISCLAIMED.<sp/>IN<sp/>NO<sp/>EVENT<sp/>SHALL<sp/>THE<sp/>COPYRIGHT</highlight><highlight class="normal"></highlight></codeline>
<codeline lineno="22"><highlight class="normal"></highlight><highlight class="comment">//<sp/>OWNER<sp/>OR<sp/>CONTRIBUTORS<sp/>BE<sp/>LIABLE<sp/>FOR<sp/>ANY<sp/>DIRECT,<sp/>INDIRECT,<sp/>INCIDENTAL,</highlight><highlight class="normal"></highlight></codeline>
<codeline lineno="23"><highlight class="normal"></highlight><highlight class="comment">//<sp/>SPECIAL,<sp/>EXEMPLARY,<sp/>OR<sp/>CONSEQUENTIAL<sp/>DAMAGES<sp/>(INCLUDING,<sp/>BUT<sp/>NOT</highlight><highlight class="normal"></highlight></codeline>
<codeline lineno="24"><highlight class="normal"></highlight><highlight class="comment">//<sp/>LIMITED<sp/>TO,<sp/>PROCUREMENT<sp/>OF<sp/>SUBSTITUTE<sp/>GOODS<sp/>OR<sp/>SERVICES;<sp/>LOSS<sp/>OF<sp/>USE,</highlight><highlight class="normal"></highlight></codeline>
<codeline lineno="25"><highlight class="normal"></highlight><highlight class="comment">//<sp/>DATA,<sp/>OR<sp/>PROFITS;<sp/>OR<sp/>BUSINESS<sp/>INTERRUPTION)<sp/>HOWEVER<sp/>CAUSED<sp/>AND<sp/>ON<sp/>ANY</highlight><highlight class="normal"></highlight></codeline>
<codeline lineno="26"><highlight class="normal"></highlight><highlight class="comment">//<sp/>THEORY<sp/>OF<sp/>LIABILITY,<sp/>WHETHER<sp/>IN<sp/>CONTRACT,<sp/>STRICT<sp/>LIABILITY,<sp/>OR<sp/>TORT</highlight><highlight class="normal"></highlight></codeline>
<codeline lineno="27"><highlight class="normal"></highlight><highlight class="comment">//<sp/>(INCLUDING<sp/>NEGLIGENCE<sp/>OR<sp/>OTHERWISE)<sp/>ARISING<sp/>IN<sp/>ANY<sp/>WAY<sp/>OUT<sp/>OF<sp/>THE<sp/>USE</highlight><highlight class="normal"></highlight></codeline>
<codeline lineno="28"><highlight class="normal"></highlight><highlight class="comment">//<sp/>OF<sp/>THIS<sp/>SOFTWARE,<sp/>EVEN<sp/>IF<sp/>ADVISED<sp/>OF<sp/>THE<sp/>POSSIBILITY<sp/>OF<sp/>SUCH<sp/>DAMAGE.</highlight><highlight class="normal"></highlight></codeline>
<codeline lineno="29"><highlight class="normal"></highlight><highlight class="comment">//</highlight><highlight class="normal"></highlight></codeline>
<codeline lineno="30"><highlight class="normal"></highlight><highlight class="comment">//<sp/>Implements<sp/>a<sp/>family<sp/>of<sp/>generic<sp/>predicate<sp/>assertion<sp/>macros.</highlight><highlight class="normal"></highlight></codeline>
<codeline lineno="31"><highlight class="normal"></highlight></codeline>
<codeline lineno="32"><highlight class="normal"></highlight><highlight class="comment">//<sp/>IWYU<sp/>pragma:<sp/>private,<sp/>include<sp/>&quot;gtest/gtest.h&quot;</highlight><highlight class="normal"></highlight></codeline>
<codeline lineno="33"><highlight class="normal"></highlight><highlight class="comment">//<sp/>IWYU<sp/>pragma:<sp/>friend<sp/>gtest/.*</highlight><highlight class="normal"></highlight></codeline>
<codeline lineno="34"><highlight class="normal"></highlight><highlight class="comment">//<sp/>IWYU<sp/>pragma:<sp/>friend<sp/>gmock/.*</highlight><highlight class="normal"></highlight></codeline>
<codeline lineno="35"><highlight class="normal"></highlight></codeline>
<codeline lineno="36"><highlight class="normal"></highlight><highlight class="preprocessor">#ifndef<sp/>GOOGLETEST_INCLUDE_GTEST_GTEST_PRED_IMPL_H_</highlight><highlight class="normal"></highlight></codeline>
<codeline lineno="37"><highlight class="normal"></highlight><highlight class="preprocessor">#define<sp/>GOOGLETEST_INCLUDE_GTEST_GTEST_PRED_IMPL_H_</highlight><highlight class="normal"></highlight></codeline>
<codeline lineno="38"><highlight class="normal"></highlight></codeline>
<codeline lineno="39"><highlight class="normal"></highlight><highlight class="preprocessor">#include<sp/>&quot;gtest/gtest-assertion-result.h&quot;</highlight><highlight class="normal"></highlight></codeline>
<codeline lineno="40"><highlight class="normal"></highlight><highlight class="preprocessor">#include<sp/>&quot;gtest/internal/gtest-internal.h&quot;</highlight><highlight class="normal"></highlight></codeline>
<codeline lineno="41"><highlight class="normal"></highlight><highlight class="preprocessor">#include<sp/>&quot;gtest/internal/gtest-port.h&quot;</highlight><highlight class="normal"></highlight></codeline>
<codeline lineno="42"><highlight class="normal"></highlight></codeline>
<codeline lineno="43"><highlight class="normal"></highlight><highlight class="keyword">namespace<sp/></highlight><highlight class="normal"><ref refid="namespacetesting" kindref="compound">testing</ref><sp/>{</highlight></codeline>
<codeline lineno="44"><highlight class="normal"></highlight></codeline>
<codeline lineno="45"><highlight class="normal"></highlight><highlight class="comment">//<sp/>This<sp/>header<sp/>implements<sp/>a<sp/>family<sp/>of<sp/>generic<sp/>predicate<sp/>assertion</highlight><highlight class="normal"></highlight></codeline>
<codeline lineno="46"><highlight class="normal"></highlight><highlight class="comment">//<sp/>macros:</highlight><highlight class="normal"></highlight></codeline>
<codeline lineno="47"><highlight class="normal"></highlight><highlight class="comment">//</highlight><highlight class="normal"></highlight></codeline>
<codeline lineno="48"><highlight class="normal"></highlight><highlight class="comment">//<sp/><sp/><sp/>ASSERT_PRED_FORMAT1(pred_format,<sp/>v1)</highlight><highlight class="normal"></highlight></codeline>
<codeline lineno="49"><highlight class="normal"></highlight><highlight class="comment">//<sp/><sp/><sp/>ASSERT_PRED_FORMAT2(pred_format,<sp/>v1,<sp/>v2)</highlight><highlight class="normal"></highlight></codeline>
<codeline lineno="50"><highlight class="normal"></highlight><highlight class="comment">//<sp/><sp/><sp/>...</highlight><highlight class="normal"></highlight></codeline>
<codeline lineno="51"><highlight class="normal"></highlight><highlight class="comment">//</highlight><highlight class="normal"></highlight></codeline>
<codeline lineno="52"><highlight class="normal"></highlight><highlight class="comment">//<sp/>where<sp/>pred_format<sp/>is<sp/>a<sp/>function<sp/>or<sp/>functor<sp/>that<sp/>takes<sp/>n<sp/>(in<sp/>the</highlight><highlight class="normal"></highlight></codeline>
<codeline lineno="53"><highlight class="normal"></highlight><highlight class="comment">//<sp/>case<sp/>of<sp/>ASSERT_PRED_FORMATn)<sp/>values<sp/>and<sp/>their<sp/>source<sp/>expression</highlight><highlight class="normal"></highlight></codeline>
<codeline lineno="54"><highlight class="normal"></highlight><highlight class="comment">//<sp/>text,<sp/>and<sp/>returns<sp/>a<sp/>testing::AssertionResult.<sp/><sp/>See<sp/>the<sp/>definition</highlight><highlight class="normal"></highlight></codeline>
<codeline lineno="55"><highlight class="normal"></highlight><highlight class="comment">//<sp/>of<sp/>ASSERT_EQ<sp/>in<sp/>gtest.h<sp/>for<sp/>an<sp/>example.</highlight><highlight class="normal"></highlight></codeline>
<codeline lineno="56"><highlight class="normal"></highlight><highlight class="comment">//</highlight><highlight class="normal"></highlight></codeline>
<codeline lineno="57"><highlight class="normal"></highlight><highlight class="comment">//<sp/>If<sp/>you<sp/>don&apos;t<sp/>care<sp/>about<sp/>formatting,<sp/>you<sp/>can<sp/>use<sp/>the<sp/>more</highlight><highlight class="normal"></highlight></codeline>
<codeline lineno="58"><highlight class="normal"></highlight><highlight class="comment">//<sp/>restrictive<sp/>version:</highlight><highlight class="normal"></highlight></codeline>
<codeline lineno="59"><highlight class="normal"></highlight><highlight class="comment">//</highlight><highlight class="normal"></highlight></codeline>
<codeline lineno="60"><highlight class="normal"></highlight><highlight class="comment">//<sp/><sp/><sp/>ASSERT_PRED1(pred,<sp/>v1)</highlight><highlight class="normal"></highlight></codeline>
<codeline lineno="61"><highlight class="normal"></highlight><highlight class="comment">//<sp/><sp/><sp/>ASSERT_PRED2(pred,<sp/>v1,<sp/>v2)</highlight><highlight class="normal"></highlight></codeline>
<codeline lineno="62"><highlight class="normal"></highlight><highlight class="comment">//<sp/><sp/><sp/>...</highlight><highlight class="normal"></highlight></codeline>
<codeline lineno="63"><highlight class="normal"></highlight><highlight class="comment">//</highlight><highlight class="normal"></highlight></codeline>
<codeline lineno="64"><highlight class="normal"></highlight><highlight class="comment">//<sp/>where<sp/>pred<sp/>is<sp/>an<sp/>n-ary<sp/>function<sp/>or<sp/>functor<sp/>that<sp/>returns<sp/>bool,</highlight><highlight class="normal"></highlight></codeline>
<codeline lineno="65"><highlight class="normal"></highlight><highlight class="comment">//<sp/>and<sp/>the<sp/>values<sp/>v1,<sp/>v2,<sp/>...,<sp/>must<sp/>support<sp/>the<sp/>&lt;&lt;<sp/>operator<sp/>for</highlight><highlight class="normal"></highlight></codeline>
<codeline lineno="66"><highlight class="normal"></highlight><highlight class="comment">//<sp/>streaming<sp/>to<sp/>std::ostream.</highlight><highlight class="normal"></highlight></codeline>
<codeline lineno="67"><highlight class="normal"></highlight><highlight class="comment">//</highlight><highlight class="normal"></highlight></codeline>
<codeline lineno="68"><highlight class="normal"></highlight><highlight class="comment">//<sp/>We<sp/>also<sp/>define<sp/>the<sp/>EXPECT_*<sp/>variations.</highlight><highlight class="normal"></highlight></codeline>
<codeline lineno="69"><highlight class="normal"></highlight><highlight class="comment">//</highlight><highlight class="normal"></highlight></codeline>
<codeline lineno="70"><highlight class="normal"></highlight><highlight class="comment">//<sp/>For<sp/>now<sp/>we<sp/>only<sp/>support<sp/>predicates<sp/>whose<sp/>arity<sp/>is<sp/>at<sp/>most<sp/>5.</highlight><highlight class="normal"></highlight></codeline>
<codeline lineno="71"><highlight class="normal"></highlight><highlight class="comment">//<sp/>Please<sp/>email<sp/>googletestframework@googlegroups.com<sp/>if<sp/>you<sp/>need</highlight><highlight class="normal"></highlight></codeline>
<codeline lineno="72"><highlight class="normal"></highlight><highlight class="comment">//<sp/>support<sp/>for<sp/>higher<sp/>arities.</highlight><highlight class="normal"></highlight></codeline>
<codeline lineno="73"><highlight class="normal"></highlight></codeline>
<codeline lineno="74"><highlight class="normal"></highlight><highlight class="comment">//<sp/>GTEST_ASSERT_<sp/>is<sp/>the<sp/>basic<sp/>statement<sp/>to<sp/>which<sp/>all<sp/>of<sp/>the<sp/>assertions</highlight><highlight class="normal"></highlight></codeline>
<codeline lineno="75"><highlight class="normal"></highlight><highlight class="comment">//<sp/>in<sp/>this<sp/>file<sp/>reduce.<sp/><sp/>Don&apos;t<sp/>use<sp/>this<sp/>in<sp/>your<sp/>code.</highlight><highlight class="normal"></highlight></codeline>
<codeline lineno="76"><highlight class="normal"></highlight></codeline>
<codeline lineno="77" refid="cmake-build-debug_2__deps_2googletest-src_2googletest_2include_2gtest_2gtest__pred__impl_8h_1a8c09939dd67f1bb5b68c9f6a44ea75db" refkind="member"><highlight class="normal"></highlight><highlight class="preprocessor">#define<sp/>GTEST_ASSERT_(expression,<sp/>on_failure)<sp/><sp/><sp/><sp/><sp/><sp/><sp/><sp/><sp/><sp/><sp/><sp/><sp/><sp/><sp/><sp/><sp/><sp/><sp/>\</highlight></codeline>
<codeline lineno="78"><highlight class="preprocessor"><sp/><sp/>GTEST_AMBIGUOUS_ELSE_BLOCKER_<sp/><sp/><sp/><sp/><sp/><sp/><sp/><sp/><sp/><sp/><sp/><sp/><sp/><sp/><sp/><sp/><sp/><sp/><sp/><sp/><sp/><sp/><sp/><sp/><sp/><sp/><sp/><sp/><sp/><sp/><sp/><sp/><sp/>\</highlight></codeline>
<codeline lineno="79"><highlight class="preprocessor"><sp/><sp/>if<sp/>(const<sp/>::testing::AssertionResult<sp/>gtest_ar<sp/>=<sp/>(expression))<sp/>\</highlight></codeline>
<codeline lineno="80"><highlight class="preprocessor"><sp/><sp/><sp/><sp/>;<sp/><sp/><sp/><sp/><sp/><sp/><sp/><sp/><sp/><sp/><sp/><sp/><sp/><sp/><sp/><sp/><sp/><sp/><sp/><sp/><sp/><sp/><sp/><sp/><sp/><sp/><sp/><sp/><sp/><sp/><sp/><sp/><sp/><sp/><sp/><sp/><sp/><sp/><sp/><sp/><sp/><sp/><sp/><sp/><sp/><sp/><sp/><sp/><sp/><sp/><sp/><sp/><sp/><sp/><sp/><sp/><sp/><sp/><sp/>\</highlight></codeline>
<codeline lineno="81"><highlight class="preprocessor"><sp/><sp/>else<sp/><sp/><sp/><sp/><sp/><sp/><sp/><sp/><sp/><sp/><sp/><sp/><sp/><sp/><sp/><sp/><sp/><sp/><sp/><sp/><sp/><sp/><sp/><sp/><sp/><sp/><sp/><sp/><sp/><sp/><sp/><sp/><sp/><sp/><sp/><sp/><sp/><sp/><sp/><sp/><sp/><sp/><sp/><sp/><sp/><sp/><sp/><sp/><sp/><sp/><sp/><sp/><sp/><sp/><sp/><sp/><sp/><sp/>\</highlight></codeline>
<codeline lineno="82"><highlight class="preprocessor"><sp/><sp/><sp/><sp/>on_failure(gtest_ar.failure_message())</highlight><highlight class="normal"></highlight></codeline>
<codeline lineno="83"><highlight class="normal"></highlight></codeline>
<codeline lineno="84"><highlight class="normal"></highlight><highlight class="comment">//<sp/>Helper<sp/>function<sp/>for<sp/>implementing<sp/>{EXPECT|ASSERT}_PRED1.<sp/><sp/>Don&apos;t<sp/>use</highlight><highlight class="normal"></highlight></codeline>
<codeline lineno="85"><highlight class="normal"></highlight><highlight class="comment">//<sp/>this<sp/>in<sp/>your<sp/>code.</highlight><highlight class="normal"></highlight></codeline>
<codeline lineno="86"><highlight class="normal"></highlight><highlight class="keyword">template</highlight><highlight class="normal"><sp/>&lt;</highlight><highlight class="keyword">typename</highlight><highlight class="normal"><sp/>Pred,<sp/></highlight><highlight class="keyword">typename</highlight><highlight class="normal"><sp/>T1&gt;</highlight></codeline>
<codeline lineno="87"><highlight class="normal">AssertionResult<sp/><ref refid="namespacetesting_1a7f73180474723be6e92185d6fa9e7c9f" kindref="member">AssertPred1Helper</ref>(</highlight><highlight class="keyword">const</highlight><highlight class="normal"><sp/></highlight><highlight class="keywordtype">char</highlight><highlight class="normal">*<sp/>pred_text,<sp/></highlight><highlight class="keyword">const</highlight><highlight class="normal"><sp/></highlight><highlight class="keywordtype">char</highlight><highlight class="normal">*<sp/>e1,</highlight></codeline>
<codeline lineno="88"><highlight class="normal"><sp/><sp/><sp/><sp/><sp/><sp/><sp/><sp/><sp/><sp/><sp/><sp/><sp/><sp/><sp/><sp/><sp/><sp/><sp/><sp/><sp/><sp/><sp/><sp/><sp/><sp/><sp/><sp/><sp/><sp/><sp/><sp/><sp/><sp/>Pred<sp/>pred,<sp/></highlight><highlight class="keyword">const</highlight><highlight class="normal"><sp/>T1&amp;<sp/>v1)<sp/>{</highlight></codeline>
<codeline lineno="89"><highlight class="normal"><sp/><sp/></highlight><highlight class="keywordflow">if</highlight><highlight class="normal"><sp/>(pred(v1))<sp/></highlight><highlight class="keywordflow">return</highlight><highlight class="normal"><sp/><ref refid="namespacetesting_1ac1d0baedb17286c5c6c87bd1a45da8ac" kindref="member">AssertionSuccess</ref>();</highlight></codeline>
<codeline lineno="90"><highlight class="normal"></highlight></codeline>
<codeline lineno="91"><highlight class="normal"><sp/><sp/></highlight><highlight class="keywordflow">return</highlight><highlight class="normal"><sp/><ref refid="namespacetesting_1a75cb789614cb1c28c34627a4a3c053df" kindref="member">AssertionFailure</ref>()</highlight></codeline>
<codeline lineno="92"><highlight class="normal"><sp/><sp/><sp/><sp/><sp/><sp/><sp/><sp/><sp/>&lt;&lt;<sp/>pred_text<sp/>&lt;&lt;<sp/></highlight><highlight class="stringliteral">&quot;(&quot;</highlight><highlight class="normal"><sp/>&lt;&lt;<sp/>e1<sp/>&lt;&lt;<sp/></highlight><highlight class="stringliteral">&quot;)<sp/>evaluates<sp/>to<sp/>false,<sp/>where&quot;</highlight><highlight class="normal"></highlight></codeline>
<codeline lineno="93"><highlight class="normal"><sp/><sp/><sp/><sp/><sp/><sp/><sp/><sp/><sp/>&lt;&lt;<sp/></highlight><highlight class="stringliteral">&quot;\n&quot;</highlight><highlight class="normal"></highlight></codeline>
<codeline lineno="94"><highlight class="normal"><sp/><sp/><sp/><sp/><sp/><sp/><sp/><sp/><sp/>&lt;&lt;<sp/>e1<sp/>&lt;&lt;<sp/></highlight><highlight class="stringliteral">&quot;<sp/>evaluates<sp/>to<sp/>&quot;</highlight><highlight class="normal"><sp/>&lt;&lt;<sp/><ref refid="namespacetesting_1aa5717bb1144edd1d262d310ba70c82ed" kindref="member">::testing::PrintToString</ref>(v1);</highlight></codeline>
<codeline lineno="95"><highlight class="normal">}</highlight></codeline>
<codeline lineno="96"><highlight class="normal"></highlight></codeline>
<codeline lineno="97"><highlight class="normal"></highlight><highlight class="comment">//<sp/>Internal<sp/>macro<sp/>for<sp/>implementing<sp/>{EXPECT|ASSERT}_PRED_FORMAT1.</highlight><highlight class="normal"></highlight></codeline>
<codeline lineno="98"><highlight class="normal"></highlight><highlight class="comment">//<sp/>Don&apos;t<sp/>use<sp/>this<sp/>in<sp/>your<sp/>code.</highlight><highlight class="normal"></highlight></codeline>
<codeline lineno="99" refid="cmake-build-debug_2__deps_2googletest-src_2googletest_2include_2gtest_2gtest__pred__impl_8h_1aa3e3bfe04bb0e54d7f0e57e2f991d1eb" refkind="member"><highlight class="normal"></highlight><highlight class="preprocessor">#define<sp/>GTEST_PRED_FORMAT1_(pred_format,<sp/>v1,<sp/>on_failure)<sp/>\</highlight></codeline>
<codeline lineno="100"><highlight class="preprocessor"><sp/><sp/>GTEST_ASSERT_(pred_format(#v1,<sp/>v1),<sp/>on_failure)</highlight><highlight class="normal"></highlight></codeline>
<codeline lineno="101"><highlight class="normal"></highlight></codeline>
<codeline lineno="102"><highlight class="normal"></highlight><highlight class="comment">//<sp/>Internal<sp/>macro<sp/>for<sp/>implementing<sp/>{EXPECT|ASSERT}_PRED1.<sp/><sp/>Don&apos;t<sp/>use</highlight><highlight class="normal"></highlight></codeline>
<codeline lineno="103"><highlight class="normal"></highlight><highlight class="comment">//<sp/>this<sp/>in<sp/>your<sp/>code.</highlight><highlight class="normal"></highlight></codeline>
<codeline lineno="104" refid="cmake-build-debug_2__deps_2googletest-src_2googletest_2include_2gtest_2gtest__pred__impl_8h_1ad44cf322952076d85305bbdf39769ac1" refkind="member"><highlight class="normal"></highlight><highlight class="preprocessor">#define<sp/>GTEST_PRED1_(pred,<sp/>v1,<sp/>on_failure)<sp/>\</highlight></codeline>
<codeline lineno="105"><highlight class="preprocessor"><sp/><sp/>GTEST_ASSERT_(::testing::AssertPred1Helper(#pred,<sp/>#v1,<sp/>pred,<sp/>v1),<sp/>on_failure)</highlight><highlight class="normal"></highlight></codeline>
<codeline lineno="106"><highlight class="normal"></highlight></codeline>
<codeline lineno="107"><highlight class="normal"></highlight><highlight class="comment">//<sp/>Unary<sp/>predicate<sp/>assertion<sp/>macros.</highlight><highlight class="normal"></highlight></codeline>
<codeline lineno="108" refid="cmake-build-debug_2__deps_2googletest-src_2googletest_2include_2gtest_2gtest__pred__impl_8h_1a07132aa62cf4902e50e68d0265f573b6" refkind="member"><highlight class="normal"></highlight><highlight class="preprocessor">#define<sp/>EXPECT_PRED_FORMAT1(pred_format,<sp/>v1)<sp/>\</highlight></codeline>
<codeline lineno="109"><highlight class="preprocessor"><sp/><sp/>GTEST_PRED_FORMAT1_(pred_format,<sp/>v1,<sp/>GTEST_NONFATAL_FAILURE_)</highlight><highlight class="normal"></highlight></codeline>
<codeline lineno="110" refid="cmake-build-debug_2__deps_2googletest-src_2googletest_2include_2gtest_2gtest__pred__impl_8h_1a6d09aa83f8d297481380c7c073c9f070" refkind="member"><highlight class="normal"></highlight><highlight class="preprocessor">#define<sp/>EXPECT_PRED1(pred,<sp/>v1)<sp/>GTEST_PRED1_(pred,<sp/>v1,<sp/>GTEST_NONFATAL_FAILURE_)</highlight><highlight class="normal"></highlight></codeline>
<codeline lineno="111" refid="cmake-build-debug_2__deps_2googletest-src_2googletest_2include_2gtest_2gtest__pred__impl_8h_1a3771ca0d1a72013aebc3d66e046491ed" refkind="member"><highlight class="normal"></highlight><highlight class="preprocessor">#define<sp/>ASSERT_PRED_FORMAT1(pred_format,<sp/>v1)<sp/>\</highlight></codeline>
<codeline lineno="112"><highlight class="preprocessor"><sp/><sp/>GTEST_PRED_FORMAT1_(pred_format,<sp/>v1,<sp/>GTEST_FATAL_FAILURE_)</highlight><highlight class="normal"></highlight></codeline>
<codeline lineno="113" refid="cmake-build-debug_2__deps_2googletest-src_2googletest_2include_2gtest_2gtest__pred__impl_8h_1a7d72f779b7d39b8f73a563ebc6d0604b" refkind="member"><highlight class="normal"></highlight><highlight class="preprocessor">#define<sp/>ASSERT_PRED1(pred,<sp/>v1)<sp/>GTEST_PRED1_(pred,<sp/>v1,<sp/>GTEST_FATAL_FAILURE_)</highlight><highlight class="normal"></highlight></codeline>
<codeline lineno="114"><highlight class="normal"></highlight></codeline>
<codeline lineno="115"><highlight class="normal"></highlight><highlight class="comment">//<sp/>Helper<sp/>function<sp/>for<sp/>implementing<sp/>{EXPECT|ASSERT}_PRED2.<sp/><sp/>Don&apos;t<sp/>use</highlight><highlight class="normal"></highlight></codeline>
<codeline lineno="116"><highlight class="normal"></highlight><highlight class="comment">//<sp/>this<sp/>in<sp/>your<sp/>code.</highlight><highlight class="normal"></highlight></codeline>
<codeline lineno="117"><highlight class="normal"></highlight><highlight class="keyword">template</highlight><highlight class="normal"><sp/>&lt;</highlight><highlight class="keyword">typename</highlight><highlight class="normal"><sp/>Pred,<sp/></highlight><highlight class="keyword">typename</highlight><highlight class="normal"><sp/>T1,<sp/></highlight><highlight class="keyword">typename</highlight><highlight class="normal"><sp/>T2&gt;</highlight></codeline>
<codeline lineno="118"><highlight class="normal">AssertionResult<sp/><ref refid="namespacetesting_1aa6587938029dd8733ecb885068f08247" kindref="member">AssertPred2Helper</ref>(</highlight><highlight class="keyword">const</highlight><highlight class="normal"><sp/></highlight><highlight class="keywordtype">char</highlight><highlight class="normal">*<sp/>pred_text,<sp/></highlight><highlight class="keyword">const</highlight><highlight class="normal"><sp/></highlight><highlight class="keywordtype">char</highlight><highlight class="normal">*<sp/>e1,</highlight></codeline>
<codeline lineno="119"><highlight class="normal"><sp/><sp/><sp/><sp/><sp/><sp/><sp/><sp/><sp/><sp/><sp/><sp/><sp/><sp/><sp/><sp/><sp/><sp/><sp/><sp/><sp/><sp/><sp/><sp/><sp/><sp/><sp/><sp/><sp/><sp/><sp/><sp/><sp/><sp/></highlight><highlight class="keyword">const</highlight><highlight class="normal"><sp/></highlight><highlight class="keywordtype">char</highlight><highlight class="normal">*<sp/>e2,<sp/>Pred<sp/>pred,<sp/></highlight><highlight class="keyword">const</highlight><highlight class="normal"><sp/>T1&amp;<sp/>v1,</highlight></codeline>
<codeline lineno="120"><highlight class="normal"><sp/><sp/><sp/><sp/><sp/><sp/><sp/><sp/><sp/><sp/><sp/><sp/><sp/><sp/><sp/><sp/><sp/><sp/><sp/><sp/><sp/><sp/><sp/><sp/><sp/><sp/><sp/><sp/><sp/><sp/><sp/><sp/><sp/><sp/></highlight><highlight class="keyword">const</highlight><highlight class="normal"><sp/>T2&amp;<sp/>v2)<sp/>{</highlight></codeline>
<codeline lineno="121"><highlight class="normal"><sp/><sp/></highlight><highlight class="keywordflow">if</highlight><highlight class="normal"><sp/>(pred(v1,<sp/>v2))<sp/></highlight><highlight class="keywordflow">return</highlight><highlight class="normal"><sp/><ref refid="namespacetesting_1ac1d0baedb17286c5c6c87bd1a45da8ac" kindref="member">AssertionSuccess</ref>();</highlight></codeline>
<codeline lineno="122"><highlight class="normal"></highlight></codeline>
<codeline lineno="123"><highlight class="normal"><sp/><sp/></highlight><highlight class="keywordflow">return</highlight><highlight class="normal"><sp/><ref refid="namespacetesting_1a75cb789614cb1c28c34627a4a3c053df" kindref="member">AssertionFailure</ref>()</highlight></codeline>
<codeline lineno="124"><highlight class="normal"><sp/><sp/><sp/><sp/><sp/><sp/><sp/><sp/><sp/>&lt;&lt;<sp/>pred_text<sp/>&lt;&lt;<sp/></highlight><highlight class="stringliteral">&quot;(&quot;</highlight><highlight class="normal"><sp/>&lt;&lt;<sp/>e1<sp/>&lt;&lt;<sp/></highlight><highlight class="stringliteral">&quot;,<sp/>&quot;</highlight><highlight class="normal"><sp/>&lt;&lt;<sp/>e2</highlight></codeline>
<codeline lineno="125"><highlight class="normal"><sp/><sp/><sp/><sp/><sp/><sp/><sp/><sp/><sp/>&lt;&lt;<sp/></highlight><highlight class="stringliteral">&quot;)<sp/>evaluates<sp/>to<sp/>false,<sp/>where&quot;</highlight><highlight class="normal"></highlight></codeline>
<codeline lineno="126"><highlight class="normal"><sp/><sp/><sp/><sp/><sp/><sp/><sp/><sp/><sp/>&lt;&lt;<sp/></highlight><highlight class="stringliteral">&quot;\n&quot;</highlight><highlight class="normal"></highlight></codeline>
<codeline lineno="127"><highlight class="normal"><sp/><sp/><sp/><sp/><sp/><sp/><sp/><sp/><sp/>&lt;&lt;<sp/>e1<sp/>&lt;&lt;<sp/></highlight><highlight class="stringliteral">&quot;<sp/>evaluates<sp/>to<sp/>&quot;</highlight><highlight class="normal"><sp/>&lt;&lt;<sp/><ref refid="namespacetesting_1aa5717bb1144edd1d262d310ba70c82ed" kindref="member">::testing::PrintToString</ref>(v1)<sp/>&lt;&lt;<sp/></highlight><highlight class="stringliteral">&quot;\n&quot;</highlight><highlight class="normal"></highlight></codeline>
<codeline lineno="128"><highlight class="normal"><sp/><sp/><sp/><sp/><sp/><sp/><sp/><sp/><sp/>&lt;&lt;<sp/>e2<sp/>&lt;&lt;<sp/></highlight><highlight class="stringliteral">&quot;<sp/>evaluates<sp/>to<sp/>&quot;</highlight><highlight class="normal"><sp/>&lt;&lt;<sp/><ref refid="namespacetesting_1aa5717bb1144edd1d262d310ba70c82ed" kindref="member">::testing::PrintToString</ref>(v2);</highlight></codeline>
<codeline lineno="129"><highlight class="normal">}</highlight></codeline>
<codeline lineno="130"><highlight class="normal"></highlight></codeline>
<codeline lineno="131"><highlight class="normal"></highlight><highlight class="comment">//<sp/>Internal<sp/>macro<sp/>for<sp/>implementing<sp/>{EXPECT|ASSERT}_PRED_FORMAT2.</highlight><highlight class="normal"></highlight></codeline>
<codeline lineno="132"><highlight class="normal"></highlight><highlight class="comment">//<sp/>Don&apos;t<sp/>use<sp/>this<sp/>in<sp/>your<sp/>code.</highlight><highlight class="normal"></highlight></codeline>
<codeline lineno="133" refid="cmake-build-debug_2__deps_2googletest-src_2googletest_2include_2gtest_2gtest__pred__impl_8h_1a115c18d1f752b7f091d577fb69cac372" refkind="member"><highlight class="normal"></highlight><highlight class="preprocessor">#define<sp/>GTEST_PRED_FORMAT2_(pred_format,<sp/>v1,<sp/>v2,<sp/>on_failure)<sp/>\</highlight></codeline>
<codeline lineno="134"><highlight class="preprocessor"><sp/><sp/>GTEST_ASSERT_(pred_format(#v1,<sp/>#v2,<sp/>v1,<sp/>v2),<sp/>on_failure)</highlight><highlight class="normal"></highlight></codeline>
<codeline lineno="135"><highlight class="normal"></highlight></codeline>
<codeline lineno="136"><highlight class="normal"></highlight><highlight class="comment">//<sp/>Internal<sp/>macro<sp/>for<sp/>implementing<sp/>{EXPECT|ASSERT}_PRED2.<sp/><sp/>Don&apos;t<sp/>use</highlight><highlight class="normal"></highlight></codeline>
<codeline lineno="137"><highlight class="normal"></highlight><highlight class="comment">//<sp/>this<sp/>in<sp/>your<sp/>code.</highlight><highlight class="normal"></highlight></codeline>
<codeline lineno="138" refid="cmake-build-debug_2__deps_2googletest-src_2googletest_2include_2gtest_2gtest__pred__impl_8h_1ac560264104bd030b64034505d294a7b6" refkind="member"><highlight class="normal"></highlight><highlight class="preprocessor">#define<sp/>GTEST_PRED2_(pred,<sp/>v1,<sp/>v2,<sp/>on_failure)<sp/><sp/><sp/><sp/><sp/><sp/><sp/><sp/><sp/><sp/><sp/><sp/><sp/><sp/><sp/><sp/><sp/><sp/><sp/><sp/><sp/><sp/><sp/><sp/><sp/><sp/><sp/><sp/><sp/><sp/><sp/>\</highlight></codeline>
<codeline lineno="139"><highlight class="preprocessor"><sp/><sp/>GTEST_ASSERT_(::testing::AssertPred2Helper(#pred,<sp/>#v1,<sp/>#v2,<sp/>pred,<sp/>v1,<sp/>v2),<sp/>\</highlight></codeline>
<codeline lineno="140"><highlight class="preprocessor"><sp/><sp/><sp/><sp/><sp/><sp/><sp/><sp/><sp/><sp/><sp/><sp/><sp/><sp/><sp/><sp/>on_failure)</highlight><highlight class="normal"></highlight></codeline>
<codeline lineno="141"><highlight class="normal"></highlight></codeline>
<codeline lineno="142"><highlight class="normal"></highlight><highlight class="comment">//<sp/>Binary<sp/>predicate<sp/>assertion<sp/>macros.</highlight><highlight class="normal"></highlight></codeline>
<codeline lineno="143" refid="cmake-build-debug_2__deps_2googletest-src_2googletest_2include_2gtest_2gtest__pred__impl_8h_1af0141918615a5e2d5247e9cda8324dae" refkind="member"><highlight class="normal"></highlight><highlight class="preprocessor">#define<sp/>EXPECT_PRED_FORMAT2(pred_format,<sp/>v1,<sp/>v2)<sp/>\</highlight></codeline>
<codeline lineno="144"><highlight class="preprocessor"><sp/><sp/>GTEST_PRED_FORMAT2_(pred_format,<sp/>v1,<sp/>v2,<sp/>GTEST_NONFATAL_FAILURE_)</highlight><highlight class="normal"></highlight></codeline>
<codeline lineno="145" refid="cmake-build-debug_2__deps_2googletest-src_2googletest_2include_2gtest_2gtest__pred__impl_8h_1a14e74e655e502914d3d07e083145ac91" refkind="member"><highlight class="normal"></highlight><highlight class="preprocessor">#define<sp/>EXPECT_PRED2(pred,<sp/>v1,<sp/>v2)<sp/>\</highlight></codeline>
<codeline lineno="146"><highlight class="preprocessor"><sp/><sp/>GTEST_PRED2_(pred,<sp/>v1,<sp/>v2,<sp/>GTEST_NONFATAL_FAILURE_)</highlight><highlight class="normal"></highlight></codeline>
<codeline lineno="147" refid="cmake-build-debug_2__deps_2googletest-src_2googletest_2include_2gtest_2gtest__pred__impl_8h_1ac452685a1a98ea3d96eb956a062ee210" refkind="member"><highlight class="normal"></highlight><highlight class="preprocessor">#define<sp/>ASSERT_PRED_FORMAT2(pred_format,<sp/>v1,<sp/>v2)<sp/>\</highlight></codeline>
<codeline lineno="148"><highlight class="preprocessor"><sp/><sp/>GTEST_PRED_FORMAT2_(pred_format,<sp/>v1,<sp/>v2,<sp/>GTEST_FATAL_FAILURE_)</highlight><highlight class="normal"></highlight></codeline>
<codeline lineno="149" refid="cmake-build-debug_2__deps_2googletest-src_2googletest_2include_2gtest_2gtest__pred__impl_8h_1a4e9b777cce4e5423f4c2e491be7aa818" refkind="member"><highlight class="normal"></highlight><highlight class="preprocessor">#define<sp/>ASSERT_PRED2(pred,<sp/>v1,<sp/>v2)<sp/>\</highlight></codeline>
<codeline lineno="150"><highlight class="preprocessor"><sp/><sp/>GTEST_PRED2_(pred,<sp/>v1,<sp/>v2,<sp/>GTEST_FATAL_FAILURE_)</highlight><highlight class="normal"></highlight></codeline>
<codeline lineno="151"><highlight class="normal"></highlight></codeline>
<codeline lineno="152"><highlight class="normal"></highlight><highlight class="comment">//<sp/>Helper<sp/>function<sp/>for<sp/>implementing<sp/>{EXPECT|ASSERT}_PRED3.<sp/><sp/>Don&apos;t<sp/>use</highlight><highlight class="normal"></highlight></codeline>
<codeline lineno="153"><highlight class="normal"></highlight><highlight class="comment">//<sp/>this<sp/>in<sp/>your<sp/>code.</highlight><highlight class="normal"></highlight></codeline>
<codeline lineno="154"><highlight class="normal"></highlight><highlight class="keyword">template</highlight><highlight class="normal"><sp/>&lt;</highlight><highlight class="keyword">typename</highlight><highlight class="normal"><sp/>Pred,<sp/></highlight><highlight class="keyword">typename</highlight><highlight class="normal"><sp/>T1,<sp/></highlight><highlight class="keyword">typename</highlight><highlight class="normal"><sp/>T2,<sp/></highlight><highlight class="keyword">typename</highlight><highlight class="normal"><sp/>T3&gt;</highlight></codeline>
<codeline lineno="155"><highlight class="normal">AssertionResult<sp/><ref refid="namespacetesting_1ac92dcbd00a0ffb2913e65d286e321a22" kindref="member">AssertPred3Helper</ref>(</highlight><highlight class="keyword">const</highlight><highlight class="normal"><sp/></highlight><highlight class="keywordtype">char</highlight><highlight class="normal">*<sp/>pred_text,<sp/></highlight><highlight class="keyword">const</highlight><highlight class="normal"><sp/></highlight><highlight class="keywordtype">char</highlight><highlight class="normal">*<sp/>e1,</highlight></codeline>
<codeline lineno="156"><highlight class="normal"><sp/><sp/><sp/><sp/><sp/><sp/><sp/><sp/><sp/><sp/><sp/><sp/><sp/><sp/><sp/><sp/><sp/><sp/><sp/><sp/><sp/><sp/><sp/><sp/><sp/><sp/><sp/><sp/><sp/><sp/><sp/><sp/><sp/><sp/></highlight><highlight class="keyword">const</highlight><highlight class="normal"><sp/></highlight><highlight class="keywordtype">char</highlight><highlight class="normal">*<sp/>e2,<sp/></highlight><highlight class="keyword">const</highlight><highlight class="normal"><sp/></highlight><highlight class="keywordtype">char</highlight><highlight class="normal">*<sp/>e3,<sp/>Pred<sp/>pred,</highlight></codeline>
<codeline lineno="157"><highlight class="normal"><sp/><sp/><sp/><sp/><sp/><sp/><sp/><sp/><sp/><sp/><sp/><sp/><sp/><sp/><sp/><sp/><sp/><sp/><sp/><sp/><sp/><sp/><sp/><sp/><sp/><sp/><sp/><sp/><sp/><sp/><sp/><sp/><sp/><sp/></highlight><highlight class="keyword">const</highlight><highlight class="normal"><sp/>T1&amp;<sp/>v1,<sp/></highlight><highlight class="keyword">const</highlight><highlight class="normal"><sp/>T2&amp;<sp/>v2,<sp/></highlight><highlight class="keyword">const</highlight><highlight class="normal"><sp/>T3&amp;<sp/>v3)<sp/>{</highlight></codeline>
<codeline lineno="158"><highlight class="normal"><sp/><sp/></highlight><highlight class="keywordflow">if</highlight><highlight class="normal"><sp/>(pred(v1,<sp/>v2,<sp/>v3))<sp/></highlight><highlight class="keywordflow">return</highlight><highlight class="normal"><sp/><ref refid="namespacetesting_1ac1d0baedb17286c5c6c87bd1a45da8ac" kindref="member">AssertionSuccess</ref>();</highlight></codeline>
<codeline lineno="159"><highlight class="normal"></highlight></codeline>
<codeline lineno="160"><highlight class="normal"><sp/><sp/></highlight><highlight class="keywordflow">return</highlight><highlight class="normal"><sp/><ref refid="namespacetesting_1a75cb789614cb1c28c34627a4a3c053df" kindref="member">AssertionFailure</ref>()</highlight></codeline>
<codeline lineno="161"><highlight class="normal"><sp/><sp/><sp/><sp/><sp/><sp/><sp/><sp/><sp/>&lt;&lt;<sp/>pred_text<sp/>&lt;&lt;<sp/></highlight><highlight class="stringliteral">&quot;(&quot;</highlight><highlight class="normal"><sp/>&lt;&lt;<sp/>e1<sp/>&lt;&lt;<sp/></highlight><highlight class="stringliteral">&quot;,<sp/>&quot;</highlight><highlight class="normal"><sp/>&lt;&lt;<sp/>e2<sp/>&lt;&lt;<sp/></highlight><highlight class="stringliteral">&quot;,<sp/>&quot;</highlight><highlight class="normal"><sp/>&lt;&lt;<sp/>e3</highlight></codeline>
<codeline lineno="162"><highlight class="normal"><sp/><sp/><sp/><sp/><sp/><sp/><sp/><sp/><sp/>&lt;&lt;<sp/></highlight><highlight class="stringliteral">&quot;)<sp/>evaluates<sp/>to<sp/>false,<sp/>where&quot;</highlight><highlight class="normal"></highlight></codeline>
<codeline lineno="163"><highlight class="normal"><sp/><sp/><sp/><sp/><sp/><sp/><sp/><sp/><sp/>&lt;&lt;<sp/></highlight><highlight class="stringliteral">&quot;\n&quot;</highlight><highlight class="normal"></highlight></codeline>
<codeline lineno="164"><highlight class="normal"><sp/><sp/><sp/><sp/><sp/><sp/><sp/><sp/><sp/>&lt;&lt;<sp/>e1<sp/>&lt;&lt;<sp/></highlight><highlight class="stringliteral">&quot;<sp/>evaluates<sp/>to<sp/>&quot;</highlight><highlight class="normal"><sp/>&lt;&lt;<sp/><ref refid="namespacetesting_1aa5717bb1144edd1d262d310ba70c82ed" kindref="member">::testing::PrintToString</ref>(v1)<sp/>&lt;&lt;<sp/></highlight><highlight class="stringliteral">&quot;\n&quot;</highlight><highlight class="normal"></highlight></codeline>
<codeline lineno="165"><highlight class="normal"><sp/><sp/><sp/><sp/><sp/><sp/><sp/><sp/><sp/>&lt;&lt;<sp/>e2<sp/>&lt;&lt;<sp/></highlight><highlight class="stringliteral">&quot;<sp/>evaluates<sp/>to<sp/>&quot;</highlight><highlight class="normal"><sp/>&lt;&lt;<sp/><ref refid="namespacetesting_1aa5717bb1144edd1d262d310ba70c82ed" kindref="member">::testing::PrintToString</ref>(v2)<sp/>&lt;&lt;<sp/></highlight><highlight class="stringliteral">&quot;\n&quot;</highlight><highlight class="normal"></highlight></codeline>
<codeline lineno="166"><highlight class="normal"><sp/><sp/><sp/><sp/><sp/><sp/><sp/><sp/><sp/>&lt;&lt;<sp/>e3<sp/>&lt;&lt;<sp/></highlight><highlight class="stringliteral">&quot;<sp/>evaluates<sp/>to<sp/>&quot;</highlight><highlight class="normal"><sp/>&lt;&lt;<sp/><ref refid="namespacetesting_1aa5717bb1144edd1d262d310ba70c82ed" kindref="member">::testing::PrintToString</ref>(v3);</highlight></codeline>
<codeline lineno="167"><highlight class="normal">}</highlight></codeline>
<codeline lineno="168"><highlight class="normal"></highlight></codeline>
<codeline lineno="169"><highlight class="normal"></highlight><highlight class="comment">//<sp/>Internal<sp/>macro<sp/>for<sp/>implementing<sp/>{EXPECT|ASSERT}_PRED_FORMAT3.</highlight><highlight class="normal"></highlight></codeline>
<codeline lineno="170"><highlight class="normal"></highlight><highlight class="comment">//<sp/>Don&apos;t<sp/>use<sp/>this<sp/>in<sp/>your<sp/>code.</highlight><highlight class="normal"></highlight></codeline>
<codeline lineno="171" refid="cmake-build-debug_2__deps_2googletest-src_2googletest_2include_2gtest_2gtest__pred__impl_8h_1a49cdf8707268ee932bb772d879a226cc" refkind="member"><highlight class="normal"></highlight><highlight class="preprocessor">#define<sp/>GTEST_PRED_FORMAT3_(pred_format,<sp/>v1,<sp/>v2,<sp/>v3,<sp/>on_failure)<sp/>\</highlight></codeline>
<codeline lineno="172"><highlight class="preprocessor"><sp/><sp/>GTEST_ASSERT_(pred_format(#v1,<sp/>#v2,<sp/>#v3,<sp/>v1,<sp/>v2,<sp/>v3),<sp/>on_failure)</highlight><highlight class="normal"></highlight></codeline>
<codeline lineno="173"><highlight class="normal"></highlight></codeline>
<codeline lineno="174"><highlight class="normal"></highlight><highlight class="comment">//<sp/>Internal<sp/>macro<sp/>for<sp/>implementing<sp/>{EXPECT|ASSERT}_PRED3.<sp/><sp/>Don&apos;t<sp/>use</highlight><highlight class="normal"></highlight></codeline>
<codeline lineno="175"><highlight class="normal"></highlight><highlight class="comment">//<sp/>this<sp/>in<sp/>your<sp/>code.</highlight><highlight class="normal"></highlight></codeline>
<codeline lineno="176" refid="cmake-build-debug_2__deps_2googletest-src_2googletest_2include_2gtest_2gtest__pred__impl_8h_1af30518f03233bc4486b55284b0827eb8" refkind="member"><highlight class="normal"></highlight><highlight class="preprocessor">#define<sp/>GTEST_PRED3_(pred,<sp/>v1,<sp/>v2,<sp/>v3,<sp/>on_failure)<sp/><sp/><sp/><sp/><sp/><sp/><sp/><sp/><sp/><sp/><sp/><sp/><sp/><sp/><sp/><sp/><sp/><sp/><sp/><sp/><sp/><sp/><sp/><sp/><sp/><sp/>\</highlight></codeline>
<codeline lineno="177"><highlight class="preprocessor"><sp/><sp/>GTEST_ASSERT_(<sp/><sp/><sp/><sp/><sp/><sp/><sp/><sp/><sp/><sp/><sp/><sp/><sp/><sp/><sp/><sp/><sp/><sp/><sp/><sp/><sp/><sp/><sp/><sp/><sp/><sp/><sp/><sp/><sp/><sp/><sp/><sp/><sp/><sp/><sp/><sp/><sp/><sp/><sp/><sp/><sp/><sp/><sp/><sp/><sp/><sp/><sp/><sp/><sp/><sp/><sp/><sp/><sp/><sp/><sp/><sp/><sp/><sp/><sp/><sp/>\</highlight></codeline>
<codeline lineno="178"><highlight class="preprocessor"><sp/><sp/><sp/><sp/><sp/><sp/>::testing::AssertPred3Helper(#pred,<sp/>#v1,<sp/>#v2,<sp/>#v3,<sp/>pred,<sp/>v1,<sp/>v2,<sp/>v3),<sp/>\</highlight></codeline>
<codeline lineno="179"><highlight class="preprocessor"><sp/><sp/><sp/><sp/><sp/><sp/>on_failure)</highlight><highlight class="normal"></highlight></codeline>
<codeline lineno="180"><highlight class="normal"></highlight></codeline>
<codeline lineno="181"><highlight class="normal"></highlight><highlight class="comment">//<sp/>Ternary<sp/>predicate<sp/>assertion<sp/>macros.</highlight><highlight class="normal"></highlight></codeline>
<codeline lineno="182" refid="cmake-build-debug_2__deps_2googletest-src_2googletest_2include_2gtest_2gtest__pred__impl_8h_1a7285708fa5d37d6d8ed5b5e59da08bae" refkind="member"><highlight class="normal"></highlight><highlight class="preprocessor">#define<sp/>EXPECT_PRED_FORMAT3(pred_format,<sp/>v1,<sp/>v2,<sp/>v3)<sp/>\</highlight></codeline>
<codeline lineno="183"><highlight class="preprocessor"><sp/><sp/>GTEST_PRED_FORMAT3_(pred_format,<sp/>v1,<sp/>v2,<sp/>v3,<sp/>GTEST_NONFATAL_FAILURE_)</highlight><highlight class="normal"></highlight></codeline>
<codeline lineno="184" refid="cmake-build-debug_2__deps_2googletest-src_2googletest_2include_2gtest_2gtest__pred__impl_8h_1a0a0aff2564ea84c7eb3517ac8eda04da" refkind="member"><highlight class="normal"></highlight><highlight class="preprocessor">#define<sp/>EXPECT_PRED3(pred,<sp/>v1,<sp/>v2,<sp/>v3)<sp/>\</highlight></codeline>
<codeline lineno="185"><highlight class="preprocessor"><sp/><sp/>GTEST_PRED3_(pred,<sp/>v1,<sp/>v2,<sp/>v3,<sp/>GTEST_NONFATAL_FAILURE_)</highlight><highlight class="normal"></highlight></codeline>
<codeline lineno="186" refid="cmake-build-debug_2__deps_2googletest-src_2googletest_2include_2gtest_2gtest__pred__impl_8h_1a494e3b8dc22f4765f7e041f16c930e3d" refkind="member"><highlight class="normal"></highlight><highlight class="preprocessor">#define<sp/>ASSERT_PRED_FORMAT3(pred_format,<sp/>v1,<sp/>v2,<sp/>v3)<sp/>\</highlight></codeline>
<codeline lineno="187"><highlight class="preprocessor"><sp/><sp/>GTEST_PRED_FORMAT3_(pred_format,<sp/>v1,<sp/>v2,<sp/>v3,<sp/>GTEST_FATAL_FAILURE_)</highlight><highlight class="normal"></highlight></codeline>
<codeline lineno="188" refid="cmake-build-debug_2__deps_2googletest-src_2googletest_2include_2gtest_2gtest__pred__impl_8h_1aa7688f3ab9f09a2c1dbf13bd1f29d8fd" refkind="member"><highlight class="normal"></highlight><highlight class="preprocessor">#define<sp/>ASSERT_PRED3(pred,<sp/>v1,<sp/>v2,<sp/>v3)<sp/>\</highlight></codeline>
<codeline lineno="189"><highlight class="preprocessor"><sp/><sp/>GTEST_PRED3_(pred,<sp/>v1,<sp/>v2,<sp/>v3,<sp/>GTEST_FATAL_FAILURE_)</highlight><highlight class="normal"></highlight></codeline>
<codeline lineno="190"><highlight class="normal"></highlight></codeline>
<codeline lineno="191"><highlight class="normal"></highlight><highlight class="comment">//<sp/>Helper<sp/>function<sp/>for<sp/>implementing<sp/>{EXPECT|ASSERT}_PRED4.<sp/><sp/>Don&apos;t<sp/>use</highlight><highlight class="normal"></highlight></codeline>
<codeline lineno="192"><highlight class="normal"></highlight><highlight class="comment">//<sp/>this<sp/>in<sp/>your<sp/>code.</highlight><highlight class="normal"></highlight></codeline>
<codeline lineno="193"><highlight class="normal"></highlight><highlight class="keyword">template</highlight><highlight class="normal"><sp/>&lt;</highlight><highlight class="keyword">typename</highlight><highlight class="normal"><sp/>Pred,<sp/></highlight><highlight class="keyword">typename</highlight><highlight class="normal"><sp/>T1,<sp/></highlight><highlight class="keyword">typename</highlight><highlight class="normal"><sp/>T2,<sp/></highlight><highlight class="keyword">typename</highlight><highlight class="normal"><sp/>T3,<sp/></highlight><highlight class="keyword">typename</highlight><highlight class="normal"><sp/>T4&gt;</highlight></codeline>
<codeline lineno="194"><highlight class="normal">AssertionResult<sp/><ref refid="namespacetesting_1ae90c778d69db4682e8fd8baaa0a9f9cd" kindref="member">AssertPred4Helper</ref>(</highlight><highlight class="keyword">const</highlight><highlight class="normal"><sp/></highlight><highlight class="keywordtype">char</highlight><highlight class="normal">*<sp/>pred_text,<sp/></highlight><highlight class="keyword">const</highlight><highlight class="normal"><sp/></highlight><highlight class="keywordtype">char</highlight><highlight class="normal">*<sp/>e1,</highlight></codeline>
<codeline lineno="195"><highlight class="normal"><sp/><sp/><sp/><sp/><sp/><sp/><sp/><sp/><sp/><sp/><sp/><sp/><sp/><sp/><sp/><sp/><sp/><sp/><sp/><sp/><sp/><sp/><sp/><sp/><sp/><sp/><sp/><sp/><sp/><sp/><sp/><sp/><sp/><sp/></highlight><highlight class="keyword">const</highlight><highlight class="normal"><sp/></highlight><highlight class="keywordtype">char</highlight><highlight class="normal">*<sp/>e2,<sp/></highlight><highlight class="keyword">const</highlight><highlight class="normal"><sp/></highlight><highlight class="keywordtype">char</highlight><highlight class="normal">*<sp/>e3,</highlight></codeline>
<codeline lineno="196"><highlight class="normal"><sp/><sp/><sp/><sp/><sp/><sp/><sp/><sp/><sp/><sp/><sp/><sp/><sp/><sp/><sp/><sp/><sp/><sp/><sp/><sp/><sp/><sp/><sp/><sp/><sp/><sp/><sp/><sp/><sp/><sp/><sp/><sp/><sp/><sp/></highlight><highlight class="keyword">const</highlight><highlight class="normal"><sp/></highlight><highlight class="keywordtype">char</highlight><highlight class="normal">*<sp/>e4,<sp/>Pred<sp/>pred,<sp/></highlight><highlight class="keyword">const</highlight><highlight class="normal"><sp/>T1&amp;<sp/>v1,</highlight></codeline>
<codeline lineno="197"><highlight class="normal"><sp/><sp/><sp/><sp/><sp/><sp/><sp/><sp/><sp/><sp/><sp/><sp/><sp/><sp/><sp/><sp/><sp/><sp/><sp/><sp/><sp/><sp/><sp/><sp/><sp/><sp/><sp/><sp/><sp/><sp/><sp/><sp/><sp/><sp/></highlight><highlight class="keyword">const</highlight><highlight class="normal"><sp/>T2&amp;<sp/>v2,<sp/></highlight><highlight class="keyword">const</highlight><highlight class="normal"><sp/>T3&amp;<sp/>v3,<sp/></highlight><highlight class="keyword">const</highlight><highlight class="normal"><sp/>T4&amp;<sp/>v4)<sp/>{</highlight></codeline>
<codeline lineno="198"><highlight class="normal"><sp/><sp/></highlight><highlight class="keywordflow">if</highlight><highlight class="normal"><sp/>(pred(v1,<sp/>v2,<sp/>v3,<sp/>v4))<sp/></highlight><highlight class="keywordflow">return</highlight><highlight class="normal"><sp/><ref refid="namespacetesting_1ac1d0baedb17286c5c6c87bd1a45da8ac" kindref="member">AssertionSuccess</ref>();</highlight></codeline>
<codeline lineno="199"><highlight class="normal"></highlight></codeline>
<codeline lineno="200"><highlight class="normal"><sp/><sp/></highlight><highlight class="keywordflow">return</highlight><highlight class="normal"><sp/><ref refid="namespacetesting_1a75cb789614cb1c28c34627a4a3c053df" kindref="member">AssertionFailure</ref>()</highlight></codeline>
<codeline lineno="201"><highlight class="normal"><sp/><sp/><sp/><sp/><sp/><sp/><sp/><sp/><sp/>&lt;&lt;<sp/>pred_text<sp/>&lt;&lt;<sp/></highlight><highlight class="stringliteral">&quot;(&quot;</highlight><highlight class="normal"><sp/>&lt;&lt;<sp/>e1<sp/>&lt;&lt;<sp/></highlight><highlight class="stringliteral">&quot;,<sp/>&quot;</highlight><highlight class="normal"><sp/>&lt;&lt;<sp/>e2<sp/>&lt;&lt;<sp/></highlight><highlight class="stringliteral">&quot;,<sp/>&quot;</highlight><highlight class="normal"><sp/>&lt;&lt;<sp/>e3<sp/>&lt;&lt;<sp/></highlight><highlight class="stringliteral">&quot;,<sp/>&quot;</highlight><highlight class="normal"><sp/>&lt;&lt;<sp/>e4</highlight></codeline>
<codeline lineno="202"><highlight class="normal"><sp/><sp/><sp/><sp/><sp/><sp/><sp/><sp/><sp/>&lt;&lt;<sp/></highlight><highlight class="stringliteral">&quot;)<sp/>evaluates<sp/>to<sp/>false,<sp/>where&quot;</highlight><highlight class="normal"></highlight></codeline>
<codeline lineno="203"><highlight class="normal"><sp/><sp/><sp/><sp/><sp/><sp/><sp/><sp/><sp/>&lt;&lt;<sp/></highlight><highlight class="stringliteral">&quot;\n&quot;</highlight><highlight class="normal"></highlight></codeline>
<codeline lineno="204"><highlight class="normal"><sp/><sp/><sp/><sp/><sp/><sp/><sp/><sp/><sp/>&lt;&lt;<sp/>e1<sp/>&lt;&lt;<sp/></highlight><highlight class="stringliteral">&quot;<sp/>evaluates<sp/>to<sp/>&quot;</highlight><highlight class="normal"><sp/>&lt;&lt;<sp/><ref refid="namespacetesting_1aa5717bb1144edd1d262d310ba70c82ed" kindref="member">::testing::PrintToString</ref>(v1)<sp/>&lt;&lt;<sp/></highlight><highlight class="stringliteral">&quot;\n&quot;</highlight><highlight class="normal"></highlight></codeline>
<codeline lineno="205"><highlight class="normal"><sp/><sp/><sp/><sp/><sp/><sp/><sp/><sp/><sp/>&lt;&lt;<sp/>e2<sp/>&lt;&lt;<sp/></highlight><highlight class="stringliteral">&quot;<sp/>evaluates<sp/>to<sp/>&quot;</highlight><highlight class="normal"><sp/>&lt;&lt;<sp/><ref refid="namespacetesting_1aa5717bb1144edd1d262d310ba70c82ed" kindref="member">::testing::PrintToString</ref>(v2)<sp/>&lt;&lt;<sp/></highlight><highlight class="stringliteral">&quot;\n&quot;</highlight><highlight class="normal"></highlight></codeline>
<codeline lineno="206"><highlight class="normal"><sp/><sp/><sp/><sp/><sp/><sp/><sp/><sp/><sp/>&lt;&lt;<sp/>e3<sp/>&lt;&lt;<sp/></highlight><highlight class="stringliteral">&quot;<sp/>evaluates<sp/>to<sp/>&quot;</highlight><highlight class="normal"><sp/>&lt;&lt;<sp/><ref refid="namespacetesting_1aa5717bb1144edd1d262d310ba70c82ed" kindref="member">::testing::PrintToString</ref>(v3)<sp/>&lt;&lt;<sp/></highlight><highlight class="stringliteral">&quot;\n&quot;</highlight><highlight class="normal"></highlight></codeline>
<codeline lineno="207"><highlight class="normal"><sp/><sp/><sp/><sp/><sp/><sp/><sp/><sp/><sp/>&lt;&lt;<sp/>e4<sp/>&lt;&lt;<sp/></highlight><highlight class="stringliteral">&quot;<sp/>evaluates<sp/>to<sp/>&quot;</highlight><highlight class="normal"><sp/>&lt;&lt;<sp/><ref refid="namespacetesting_1aa5717bb1144edd1d262d310ba70c82ed" kindref="member">::testing::PrintToString</ref>(v4);</highlight></codeline>
<codeline lineno="208"><highlight class="normal">}</highlight></codeline>
<codeline lineno="209"><highlight class="normal"></highlight></codeline>
<codeline lineno="210"><highlight class="normal"></highlight><highlight class="comment">//<sp/>Internal<sp/>macro<sp/>for<sp/>implementing<sp/>{EXPECT|ASSERT}_PRED_FORMAT4.</highlight><highlight class="normal"></highlight></codeline>
<codeline lineno="211"><highlight class="normal"></highlight><highlight class="comment">//<sp/>Don&apos;t<sp/>use<sp/>this<sp/>in<sp/>your<sp/>code.</highlight><highlight class="normal"></highlight></codeline>
<codeline lineno="212" refid="cmake-build-debug_2__deps_2googletest-src_2googletest_2include_2gtest_2gtest__pred__impl_8h_1abd207ed869491ba4bba29f8df37b7355" refkind="member"><highlight class="normal"></highlight><highlight class="preprocessor">#define<sp/>GTEST_PRED_FORMAT4_(pred_format,<sp/>v1,<sp/>v2,<sp/>v3,<sp/>v4,<sp/>on_failure)<sp/>\</highlight></codeline>
<codeline lineno="213"><highlight class="preprocessor"><sp/><sp/>GTEST_ASSERT_(pred_format(#v1,<sp/>#v2,<sp/>#v3,<sp/>#v4,<sp/>v1,<sp/>v2,<sp/>v3,<sp/>v4),<sp/>on_failure)</highlight><highlight class="normal"></highlight></codeline>
<codeline lineno="214"><highlight class="normal"></highlight></codeline>
<codeline lineno="215"><highlight class="normal"></highlight><highlight class="comment">//<sp/>Internal<sp/>macro<sp/>for<sp/>implementing<sp/>{EXPECT|ASSERT}_PRED4.<sp/><sp/>Don&apos;t<sp/>use</highlight><highlight class="normal"></highlight></codeline>
<codeline lineno="216"><highlight class="normal"></highlight><highlight class="comment">//<sp/>this<sp/>in<sp/>your<sp/>code.</highlight><highlight class="normal"></highlight></codeline>
<codeline lineno="217" refid="cmake-build-debug_2__deps_2googletest-src_2googletest_2include_2gtest_2gtest__pred__impl_8h_1a14e8c70455104fac032efec097ef668b" refkind="member"><highlight class="normal"></highlight><highlight class="preprocessor">#define<sp/>GTEST_PRED4_(pred,<sp/>v1,<sp/>v2,<sp/>v3,<sp/>v4,<sp/>on_failure)<sp/><sp/><sp/><sp/><sp/><sp/><sp/><sp/><sp/><sp/><sp/><sp/><sp/><sp/><sp/><sp/><sp/><sp/><sp/><sp/><sp/><sp/><sp/><sp/>\</highlight></codeline>
<codeline lineno="218"><highlight class="preprocessor"><sp/><sp/>GTEST_ASSERT_(::testing::AssertPred4Helper(#pred,<sp/>#v1,<sp/>#v2,<sp/>#v3,<sp/>#v4,<sp/>pred,<sp/>\</highlight></codeline>
<codeline lineno="219"><highlight class="preprocessor"><sp/><sp/><sp/><sp/><sp/><sp/><sp/><sp/><sp/><sp/><sp/><sp/><sp/><sp/><sp/><sp/><sp/><sp/><sp/><sp/><sp/><sp/><sp/><sp/><sp/><sp/><sp/><sp/><sp/><sp/><sp/><sp/><sp/><sp/><sp/><sp/><sp/><sp/><sp/><sp/><sp/><sp/><sp/><sp/><sp/>v1,<sp/>v2,<sp/>v3,<sp/>v4),<sp/><sp/><sp/><sp/><sp/><sp/><sp/><sp/><sp/><sp/><sp/><sp/><sp/><sp/><sp/><sp/><sp/>\</highlight></codeline>
<codeline lineno="220"><highlight class="preprocessor"><sp/><sp/><sp/><sp/><sp/><sp/><sp/><sp/><sp/><sp/><sp/><sp/><sp/><sp/><sp/><sp/>on_failure)</highlight><highlight class="normal"></highlight></codeline>
<codeline lineno="221"><highlight class="normal"></highlight></codeline>
<codeline lineno="222"><highlight class="normal"></highlight><highlight class="comment">//<sp/>4-ary<sp/>predicate<sp/>assertion<sp/>macros.</highlight><highlight class="normal"></highlight></codeline>
<codeline lineno="223" refid="cmake-build-debug_2__deps_2googletest-src_2googletest_2include_2gtest_2gtest__pred__impl_8h_1a3354347de0f2445400b509cf39dce1dc" refkind="member"><highlight class="normal"></highlight><highlight class="preprocessor">#define<sp/>EXPECT_PRED_FORMAT4(pred_format,<sp/>v1,<sp/>v2,<sp/>v3,<sp/>v4)<sp/>\</highlight></codeline>
<codeline lineno="224"><highlight class="preprocessor"><sp/><sp/>GTEST_PRED_FORMAT4_(pred_format,<sp/>v1,<sp/>v2,<sp/>v3,<sp/>v4,<sp/>GTEST_NONFATAL_FAILURE_)</highlight><highlight class="normal"></highlight></codeline>
<codeline lineno="225" refid="cmake-build-debug_2__deps_2googletest-src_2googletest_2include_2gtest_2gtest__pred__impl_8h_1a4fd2b1bad63eb752bc2ff2b6bb3f4569" refkind="member"><highlight class="normal"></highlight><highlight class="preprocessor">#define<sp/>EXPECT_PRED4(pred,<sp/>v1,<sp/>v2,<sp/>v3,<sp/>v4)<sp/>\</highlight></codeline>
<codeline lineno="226"><highlight class="preprocessor"><sp/><sp/>GTEST_PRED4_(pred,<sp/>v1,<sp/>v2,<sp/>v3,<sp/>v4,<sp/>GTEST_NONFATAL_FAILURE_)</highlight><highlight class="normal"></highlight></codeline>
<codeline lineno="227" refid="cmake-build-debug_2__deps_2googletest-src_2googletest_2include_2gtest_2gtest__pred__impl_8h_1a1842593c1dfb13c9a4b33b01540a8b40" refkind="member"><highlight class="normal"></highlight><highlight class="preprocessor">#define<sp/>ASSERT_PRED_FORMAT4(pred_format,<sp/>v1,<sp/>v2,<sp/>v3,<sp/>v4)<sp/>\</highlight></codeline>
<codeline lineno="228"><highlight class="preprocessor"><sp/><sp/>GTEST_PRED_FORMAT4_(pred_format,<sp/>v1,<sp/>v2,<sp/>v3,<sp/>v4,<sp/>GTEST_FATAL_FAILURE_)</highlight><highlight class="normal"></highlight></codeline>
<codeline lineno="229" refid="cmake-build-debug_2__deps_2googletest-src_2googletest_2include_2gtest_2gtest__pred__impl_8h_1addc030c521775610e4619a01541a2167" refkind="member"><highlight class="normal"></highlight><highlight class="preprocessor">#define<sp/>ASSERT_PRED4(pred,<sp/>v1,<sp/>v2,<sp/>v3,<sp/>v4)<sp/>\</highlight></codeline>
<codeline lineno="230"><highlight class="preprocessor"><sp/><sp/>GTEST_PRED4_(pred,<sp/>v1,<sp/>v2,<sp/>v3,<sp/>v4,<sp/>GTEST_FATAL_FAILURE_)</highlight><highlight class="normal"></highlight></codeline>
<codeline lineno="231"><highlight class="normal"></highlight></codeline>
<codeline lineno="232"><highlight class="normal"></highlight><highlight class="comment">//<sp/>Helper<sp/>function<sp/>for<sp/>implementing<sp/>{EXPECT|ASSERT}_PRED5.<sp/><sp/>Don&apos;t<sp/>use</highlight><highlight class="normal"></highlight></codeline>
<codeline lineno="233"><highlight class="normal"></highlight><highlight class="comment">//<sp/>this<sp/>in<sp/>your<sp/>code.</highlight><highlight class="normal"></highlight></codeline>
<codeline lineno="234"><highlight class="normal"></highlight><highlight class="keyword">template</highlight><highlight class="normal"><sp/>&lt;</highlight><highlight class="keyword">typename</highlight><highlight class="normal"><sp/>Pred,<sp/></highlight><highlight class="keyword">typename</highlight><highlight class="normal"><sp/>T1,<sp/></highlight><highlight class="keyword">typename</highlight><highlight class="normal"><sp/>T2,<sp/></highlight><highlight class="keyword">typename</highlight><highlight class="normal"><sp/>T3,<sp/></highlight><highlight class="keyword">typename</highlight><highlight class="normal"><sp/>T4,</highlight></codeline>
<codeline lineno="235"><highlight class="normal"><sp/><sp/><sp/><sp/><sp/><sp/><sp/><sp/><sp/><sp/></highlight><highlight class="keyword">typename</highlight><highlight class="normal"><sp/>T5&gt;</highlight></codeline>
<codeline lineno="236"><highlight class="normal">AssertionResult<sp/><ref refid="namespacetesting_1addcf52b273ce17269cbf4956cfe600a6" kindref="member">AssertPred5Helper</ref>(</highlight><highlight class="keyword">const</highlight><highlight class="normal"><sp/></highlight><highlight class="keywordtype">char</highlight><highlight class="normal">*<sp/>pred_text,<sp/></highlight><highlight class="keyword">const</highlight><highlight class="normal"><sp/></highlight><highlight class="keywordtype">char</highlight><highlight class="normal">*<sp/>e1,</highlight></codeline>
<codeline lineno="237"><highlight class="normal"><sp/><sp/><sp/><sp/><sp/><sp/><sp/><sp/><sp/><sp/><sp/><sp/><sp/><sp/><sp/><sp/><sp/><sp/><sp/><sp/><sp/><sp/><sp/><sp/><sp/><sp/><sp/><sp/><sp/><sp/><sp/><sp/><sp/><sp/></highlight><highlight class="keyword">const</highlight><highlight class="normal"><sp/></highlight><highlight class="keywordtype">char</highlight><highlight class="normal">*<sp/>e2,<sp/></highlight><highlight class="keyword">const</highlight><highlight class="normal"><sp/></highlight><highlight class="keywordtype">char</highlight><highlight class="normal">*<sp/>e3,</highlight></codeline>
<codeline lineno="238"><highlight class="normal"><sp/><sp/><sp/><sp/><sp/><sp/><sp/><sp/><sp/><sp/><sp/><sp/><sp/><sp/><sp/><sp/><sp/><sp/><sp/><sp/><sp/><sp/><sp/><sp/><sp/><sp/><sp/><sp/><sp/><sp/><sp/><sp/><sp/><sp/></highlight><highlight class="keyword">const</highlight><highlight class="normal"><sp/></highlight><highlight class="keywordtype">char</highlight><highlight class="normal">*<sp/>e4,<sp/></highlight><highlight class="keyword">const</highlight><highlight class="normal"><sp/></highlight><highlight class="keywordtype">char</highlight><highlight class="normal">*<sp/>e5,<sp/>Pred<sp/>pred,</highlight></codeline>
<codeline lineno="239"><highlight class="normal"><sp/><sp/><sp/><sp/><sp/><sp/><sp/><sp/><sp/><sp/><sp/><sp/><sp/><sp/><sp/><sp/><sp/><sp/><sp/><sp/><sp/><sp/><sp/><sp/><sp/><sp/><sp/><sp/><sp/><sp/><sp/><sp/><sp/><sp/></highlight><highlight class="keyword">const</highlight><highlight class="normal"><sp/>T1&amp;<sp/>v1,<sp/></highlight><highlight class="keyword">const</highlight><highlight class="normal"><sp/>T2&amp;<sp/>v2,<sp/></highlight><highlight class="keyword">const</highlight><highlight class="normal"><sp/>T3&amp;<sp/>v3,</highlight></codeline>
<codeline lineno="240"><highlight class="normal"><sp/><sp/><sp/><sp/><sp/><sp/><sp/><sp/><sp/><sp/><sp/><sp/><sp/><sp/><sp/><sp/><sp/><sp/><sp/><sp/><sp/><sp/><sp/><sp/><sp/><sp/><sp/><sp/><sp/><sp/><sp/><sp/><sp/><sp/></highlight><highlight class="keyword">const</highlight><highlight class="normal"><sp/>T4&amp;<sp/>v4,<sp/></highlight><highlight class="keyword">const</highlight><highlight class="normal"><sp/>T5&amp;<sp/>v5)<sp/>{</highlight></codeline>
<codeline lineno="241"><highlight class="normal"><sp/><sp/></highlight><highlight class="keywordflow">if</highlight><highlight class="normal"><sp/>(pred(v1,<sp/>v2,<sp/>v3,<sp/>v4,<sp/>v5))<sp/></highlight><highlight class="keywordflow">return</highlight><highlight class="normal"><sp/><ref refid="namespacetesting_1ac1d0baedb17286c5c6c87bd1a45da8ac" kindref="member">AssertionSuccess</ref>();</highlight></codeline>
<codeline lineno="242"><highlight class="normal"></highlight></codeline>
<codeline lineno="243"><highlight class="normal"><sp/><sp/></highlight><highlight class="keywordflow">return</highlight><highlight class="normal"><sp/><ref refid="namespacetesting_1a75cb789614cb1c28c34627a4a3c053df" kindref="member">AssertionFailure</ref>()</highlight></codeline>
<codeline lineno="244"><highlight class="normal"><sp/><sp/><sp/><sp/><sp/><sp/><sp/><sp/><sp/>&lt;&lt;<sp/>pred_text<sp/>&lt;&lt;<sp/></highlight><highlight class="stringliteral">&quot;(&quot;</highlight><highlight class="normal"><sp/>&lt;&lt;<sp/>e1<sp/>&lt;&lt;<sp/></highlight><highlight class="stringliteral">&quot;,<sp/>&quot;</highlight><highlight class="normal"><sp/>&lt;&lt;<sp/>e2<sp/>&lt;&lt;<sp/></highlight><highlight class="stringliteral">&quot;,<sp/>&quot;</highlight><highlight class="normal"><sp/>&lt;&lt;<sp/>e3<sp/>&lt;&lt;<sp/></highlight><highlight class="stringliteral">&quot;,<sp/>&quot;</highlight><highlight class="normal"><sp/>&lt;&lt;<sp/>e4</highlight></codeline>
<codeline lineno="245"><highlight class="normal"><sp/><sp/><sp/><sp/><sp/><sp/><sp/><sp/><sp/>&lt;&lt;<sp/></highlight><highlight class="stringliteral">&quot;,<sp/>&quot;</highlight><highlight class="normal"><sp/>&lt;&lt;<sp/>e5<sp/>&lt;&lt;<sp/></highlight><highlight class="stringliteral">&quot;)<sp/>evaluates<sp/>to<sp/>false,<sp/>where&quot;</highlight><highlight class="normal"></highlight></codeline>
<codeline lineno="246"><highlight class="normal"><sp/><sp/><sp/><sp/><sp/><sp/><sp/><sp/><sp/>&lt;&lt;<sp/></highlight><highlight class="stringliteral">&quot;\n&quot;</highlight><highlight class="normal"></highlight></codeline>
<codeline lineno="247"><highlight class="normal"><sp/><sp/><sp/><sp/><sp/><sp/><sp/><sp/><sp/>&lt;&lt;<sp/>e1<sp/>&lt;&lt;<sp/></highlight><highlight class="stringliteral">&quot;<sp/>evaluates<sp/>to<sp/>&quot;</highlight><highlight class="normal"><sp/>&lt;&lt;<sp/><ref refid="namespacetesting_1aa5717bb1144edd1d262d310ba70c82ed" kindref="member">::testing::PrintToString</ref>(v1)<sp/>&lt;&lt;<sp/></highlight><highlight class="stringliteral">&quot;\n&quot;</highlight><highlight class="normal"></highlight></codeline>
<codeline lineno="248"><highlight class="normal"><sp/><sp/><sp/><sp/><sp/><sp/><sp/><sp/><sp/>&lt;&lt;<sp/>e2<sp/>&lt;&lt;<sp/></highlight><highlight class="stringliteral">&quot;<sp/>evaluates<sp/>to<sp/>&quot;</highlight><highlight class="normal"><sp/>&lt;&lt;<sp/><ref refid="namespacetesting_1aa5717bb1144edd1d262d310ba70c82ed" kindref="member">::testing::PrintToString</ref>(v2)<sp/>&lt;&lt;<sp/></highlight><highlight class="stringliteral">&quot;\n&quot;</highlight><highlight class="normal"></highlight></codeline>
<codeline lineno="249"><highlight class="normal"><sp/><sp/><sp/><sp/><sp/><sp/><sp/><sp/><sp/>&lt;&lt;<sp/>e3<sp/>&lt;&lt;<sp/></highlight><highlight class="stringliteral">&quot;<sp/>evaluates<sp/>to<sp/>&quot;</highlight><highlight class="normal"><sp/>&lt;&lt;<sp/><ref refid="namespacetesting_1aa5717bb1144edd1d262d310ba70c82ed" kindref="member">::testing::PrintToString</ref>(v3)<sp/>&lt;&lt;<sp/></highlight><highlight class="stringliteral">&quot;\n&quot;</highlight><highlight class="normal"></highlight></codeline>
<codeline lineno="250"><highlight class="normal"><sp/><sp/><sp/><sp/><sp/><sp/><sp/><sp/><sp/>&lt;&lt;<sp/>e4<sp/>&lt;&lt;<sp/></highlight><highlight class="stringliteral">&quot;<sp/>evaluates<sp/>to<sp/>&quot;</highlight><highlight class="normal"><sp/>&lt;&lt;<sp/><ref refid="namespacetesting_1aa5717bb1144edd1d262d310ba70c82ed" kindref="member">::testing::PrintToString</ref>(v4)<sp/>&lt;&lt;<sp/></highlight><highlight class="stringliteral">&quot;\n&quot;</highlight><highlight class="normal"></highlight></codeline>
<codeline lineno="251"><highlight class="normal"><sp/><sp/><sp/><sp/><sp/><sp/><sp/><sp/><sp/>&lt;&lt;<sp/>e5<sp/>&lt;&lt;<sp/></highlight><highlight class="stringliteral">&quot;<sp/>evaluates<sp/>to<sp/>&quot;</highlight><highlight class="normal"><sp/>&lt;&lt;<sp/><ref refid="namespacetesting_1aa5717bb1144edd1d262d310ba70c82ed" kindref="member">::testing::PrintToString</ref>(v5);</highlight></codeline>
<codeline lineno="252"><highlight class="normal">}</highlight></codeline>
<codeline lineno="253"><highlight class="normal"></highlight></codeline>
<codeline lineno="254"><highlight class="normal"></highlight><highlight class="comment">//<sp/>Internal<sp/>macro<sp/>for<sp/>implementing<sp/>{EXPECT|ASSERT}_PRED_FORMAT5.</highlight><highlight class="normal"></highlight></codeline>
<codeline lineno="255"><highlight class="normal"></highlight><highlight class="comment">//<sp/>Don&apos;t<sp/>use<sp/>this<sp/>in<sp/>your<sp/>code.</highlight><highlight class="normal"></highlight></codeline>
<codeline lineno="256" refid="cmake-build-debug_2__deps_2googletest-src_2googletest_2include_2gtest_2gtest__pred__impl_8h_1a107623ee191560f703a3fdc983803c8e" refkind="member"><highlight class="normal"></highlight><highlight class="preprocessor">#define<sp/>GTEST_PRED_FORMAT5_(pred_format,<sp/>v1,<sp/>v2,<sp/>v3,<sp/>v4,<sp/>v5,<sp/>on_failure)<sp/><sp/>\</highlight></codeline>
<codeline lineno="257"><highlight class="preprocessor"><sp/><sp/>GTEST_ASSERT_(pred_format(#v1,<sp/>#v2,<sp/>#v3,<sp/>#v4,<sp/>#v5,<sp/>v1,<sp/>v2,<sp/>v3,<sp/>v4,<sp/>v5),<sp/>\</highlight></codeline>
<codeline lineno="258"><highlight class="preprocessor"><sp/><sp/><sp/><sp/><sp/><sp/><sp/><sp/><sp/><sp/><sp/><sp/><sp/><sp/><sp/><sp/>on_failure)</highlight><highlight class="normal"></highlight></codeline>
<codeline lineno="259"><highlight class="normal"></highlight></codeline>
<codeline lineno="260"><highlight class="normal"></highlight><highlight class="comment">//<sp/>Internal<sp/>macro<sp/>for<sp/>implementing<sp/>{EXPECT|ASSERT}_PRED5.<sp/><sp/>Don&apos;t<sp/>use</highlight><highlight class="normal"></highlight></codeline>
<codeline lineno="261"><highlight class="normal"></highlight><highlight class="comment">//<sp/>this<sp/>in<sp/>your<sp/>code.</highlight><highlight class="normal"></highlight></codeline>
<codeline lineno="262" refid="cmake-build-debug_2__deps_2googletest-src_2googletest_2include_2gtest_2gtest__pred__impl_8h_1a2c42692f7d910dc2fe57869883190e6c" refkind="member"><highlight class="normal"></highlight><highlight class="preprocessor">#define<sp/>GTEST_PRED5_(pred,<sp/>v1,<sp/>v2,<sp/>v3,<sp/>v4,<sp/>v5,<sp/>on_failure)<sp/><sp/><sp/><sp/><sp/><sp/><sp/><sp/><sp/><sp/><sp/><sp/><sp/><sp/><sp/><sp/><sp/><sp/><sp/>\</highlight></codeline>
<codeline lineno="263"><highlight class="preprocessor"><sp/><sp/>GTEST_ASSERT_(::testing::AssertPred5Helper(#pred,<sp/>#v1,<sp/>#v2,<sp/>#v3,<sp/>#v4,<sp/>#v5,<sp/>\</highlight></codeline>
<codeline lineno="264"><highlight class="preprocessor"><sp/><sp/><sp/><sp/><sp/><sp/><sp/><sp/><sp/><sp/><sp/><sp/><sp/><sp/><sp/><sp/><sp/><sp/><sp/><sp/><sp/><sp/><sp/><sp/><sp/><sp/><sp/><sp/><sp/><sp/><sp/><sp/><sp/><sp/><sp/><sp/><sp/><sp/><sp/><sp/><sp/><sp/><sp/><sp/><sp/>pred,<sp/>v1,<sp/>v2,<sp/>v3,<sp/>v4,<sp/>v5),<sp/><sp/><sp/><sp/><sp/><sp/>\</highlight></codeline>
<codeline lineno="265"><highlight class="preprocessor"><sp/><sp/><sp/><sp/><sp/><sp/><sp/><sp/><sp/><sp/><sp/><sp/><sp/><sp/><sp/><sp/>on_failure)</highlight><highlight class="normal"></highlight></codeline>
<codeline lineno="266"><highlight class="normal"></highlight></codeline>
<codeline lineno="267"><highlight class="normal"></highlight><highlight class="comment">//<sp/>5-ary<sp/>predicate<sp/>assertion<sp/>macros.</highlight><highlight class="normal"></highlight></codeline>
<codeline lineno="268" refid="cmake-build-debug_2__deps_2googletest-src_2googletest_2include_2gtest_2gtest__pred__impl_8h_1a74beddf9661e4460f9969fe211b9e80e" refkind="member"><highlight class="normal"></highlight><highlight class="preprocessor">#define<sp/>EXPECT_PRED_FORMAT5(pred_format,<sp/>v1,<sp/>v2,<sp/>v3,<sp/>v4,<sp/>v5)<sp/>\</highlight></codeline>
<codeline lineno="269"><highlight class="preprocessor"><sp/><sp/>GTEST_PRED_FORMAT5_(pred_format,<sp/>v1,<sp/>v2,<sp/>v3,<sp/>v4,<sp/>v5,<sp/>GTEST_NONFATAL_FAILURE_)</highlight><highlight class="normal"></highlight></codeline>
<codeline lineno="270" refid="cmake-build-debug_2__deps_2googletest-src_2googletest_2include_2gtest_2gtest__pred__impl_8h_1adbfcc13f3b3d14c42a7fbd41573932bf" refkind="member"><highlight class="normal"></highlight><highlight class="preprocessor">#define<sp/>EXPECT_PRED5(pred,<sp/>v1,<sp/>v2,<sp/>v3,<sp/>v4,<sp/>v5)<sp/>\</highlight></codeline>
<codeline lineno="271"><highlight class="preprocessor"><sp/><sp/>GTEST_PRED5_(pred,<sp/>v1,<sp/>v2,<sp/>v3,<sp/>v4,<sp/>v5,<sp/>GTEST_NONFATAL_FAILURE_)</highlight><highlight class="normal"></highlight></codeline>
<codeline lineno="272" refid="cmake-build-debug_2__deps_2googletest-src_2googletest_2include_2gtest_2gtest__pred__impl_8h_1abd7cb4f36d6aa2cb346ab3ac812568f3" refkind="member"><highlight class="normal"></highlight><highlight class="preprocessor">#define<sp/>ASSERT_PRED_FORMAT5(pred_format,<sp/>v1,<sp/>v2,<sp/>v3,<sp/>v4,<sp/>v5)<sp/>\</highlight></codeline>
<codeline lineno="273"><highlight class="preprocessor"><sp/><sp/>GTEST_PRED_FORMAT5_(pred_format,<sp/>v1,<sp/>v2,<sp/>v3,<sp/>v4,<sp/>v5,<sp/>GTEST_FATAL_FAILURE_)</highlight><highlight class="normal"></highlight></codeline>
<codeline lineno="274" refid="cmake-build-debug_2__deps_2googletest-src_2googletest_2include_2gtest_2gtest__pred__impl_8h_1af8e510af2b4a14d90eef66ace17d1c30" refkind="member"><highlight class="normal"></highlight><highlight class="preprocessor">#define<sp/>ASSERT_PRED5(pred,<sp/>v1,<sp/>v2,<sp/>v3,<sp/>v4,<sp/>v5)<sp/>\</highlight></codeline>
<codeline lineno="275"><highlight class="preprocessor"><sp/><sp/>GTEST_PRED5_(pred,<sp/>v1,<sp/>v2,<sp/>v3,<sp/>v4,<sp/>v5,<sp/>GTEST_FATAL_FAILURE_)</highlight><highlight class="normal"></highlight></codeline>
<codeline lineno="276"><highlight class="normal"></highlight></codeline>
<codeline lineno="277"><highlight class="normal">}<sp/><sp/></highlight><highlight class="comment">//<sp/>namespace<sp/>testing</highlight><highlight class="normal"></highlight></codeline>
<codeline lineno="278"><highlight class="normal"></highlight></codeline>
<codeline lineno="279"><highlight class="normal"></highlight><highlight class="preprocessor">#endif<sp/><sp/></highlight><highlight class="comment">//<sp/>GOOGLETEST_INCLUDE_GTEST_GTEST_PRED_IMPL_H_</highlight><highlight class="normal"></highlight></codeline>
    </programlisting>
    <location file="cmake-build-debug/_deps/googletest-src/googletest/include/gtest/gtest_pred_impl.h"/>
  </compounddef>
</doxygen>
