<?xml version='1.0' encoding='UTF-8' standalone='no'?>
<doxygen xmlns:xsi="http://www.w3.org/2001/XMLSchema-instance" xsi:noNamespaceSchemaLocation="compound.xsd" version="1.9.8" xml:lang="en-US">
  <compounddef id="namespacegoogletest-throw-on-failure-test" kind="namespace" language="Python">
    <compoundname>googletest-throw-on-failure-test</compoundname>
    <innerclass refid="classgoogletest-throw-on-failure-test_1_1ThrowOnFailureTest" prot="public">googletest-throw-on-failure-test::ThrowOnFailureTest</innerclass>
    <sectiondef kind="var">
      <memberdef kind="variable" id="namespacegoogletest-throw-on-failure-test_1a6732b6d68700d751700ec0e564cb54f7" prot="public" static="no" mutable="no">
        <type>str</type>
        <definition>str googletest-throw-on-failure-test::THROW_ON_FAILURE</definition>
        <argsstring></argsstring>
        <name>THROW_ON_FAILURE</name>
        <qualifiedname>googletest-throw-on-failure-test.THROW_ON_FAILURE</qualifiedname>
        <initializer>=  &apos;gtest_throw_on_failure&apos;</initializer>
        <briefdescription>
        </briefdescription>
        <detaileddescription>
        </detaileddescription>
        <inbodydescription>
        </inbodydescription>
        <location file="build/_deps/googletest-src/googletest/test/googletest-throw-on-failure-test.py" line="45" column="1" bodyfile="build/_deps/googletest-src/googletest/test/googletest-throw-on-failure-test.py" bodystart="45" bodyend="-1"/>
      </memberdef>
      <memberdef kind="variable" id="namespacegoogletest-throw-on-failure-test_1a9cf7f6bcb466c8346b1aacec917a09c1" prot="public" static="no" mutable="no">
        <type></type>
        <definition>googletest-throw-on-failure-test.EXE_PATH</definition>
        <argsstring></argsstring>
        <name>EXE_PATH</name>
        <qualifiedname>googletest-throw-on-failure-test.EXE_PATH</qualifiedname>
        <initializer>=  <ref refid="namespacegtest__test__utils_1ae7a8ef352b6b64ef8ec893f79874a1cd" kindref="member">gtest_test_utils.GetTestExecutablePath</ref>(
    &apos;googletest-throw-on-failure-test_&apos;
)</initializer>
        <briefdescription>
        </briefdescription>
        <detaileddescription>
        </detaileddescription>
        <inbodydescription>
        </inbodydescription>
        <location file="build/_deps/googletest-src/googletest/test/googletest-throw-on-failure-test.py" line="49" column="1" bodyfile="build/_deps/googletest-src/googletest/test/googletest-throw-on-failure-test.py" bodystart="49" bodyend="-1"/>
      </memberdef>
    </sectiondef>
    <sectiondef kind="func">
      <memberdef kind="function" id="namespacegoogletest-throw-on-failure-test_1a0e9ddef99ba0f636bcc88fe32f835404" prot="public" static="no" const="no" explicit="no" inline="no" virt="non-virtual">
        <type></type>
        <definition>googletest-throw-on-failure-test::SetEnvVar</definition>
        <argsstring>(env_var, value)</argsstring>
        <name>SetEnvVar</name>
        <qualifiedname>googletest-throw-on-failure-test.SetEnvVar</qualifiedname>
        <param>
          <type>env_var</type>
          <defname>env_var</defname>
        </param>
        <param>
          <type><ref refid="build_2__deps_2googletest-src_2googlemock_2test_2gmock-actions__test_8cc_1ac4f474c82e82cbb89ca7c36dd52be0ed" kindref="member">value</ref></type>
          <defname>value</defname>
        </param>
        <briefdescription>
        </briefdescription>
        <detaileddescription>
<para><verbatim>Sets an environment variable.

Sets an environment variable to a given value; unsets it when the
given value is None.

Args:
  env_var: environment variable.
  value: value to set.
</verbatim> </para>
        </detaileddescription>
        <inbodydescription>
        </inbodydescription>
        <location file="build/_deps/googletest-src/googletest/test/googletest-throw-on-failure-test.py" line="57" column="1" bodyfile="build/_deps/googletest-src/googletest/test/googletest-throw-on-failure-test.py" bodystart="57" bodyend="74"/>
      </memberdef>
      <memberdef kind="function" id="namespacegoogletest-throw-on-failure-test_1af0921afcc2c2bb0a9ae41567a9b3407b" prot="public" static="no" const="no" explicit="no" inline="no" virt="non-virtual">
        <type></type>
        <definition>googletest-throw-on-failure-test::Run</definition>
        <argsstring>(command)</argsstring>
        <name>Run</name>
        <qualifiedname>googletest-throw-on-failure-test.Run</qualifiedname>
        <param>
          <type>command</type>
          <defname>command</defname>
        </param>
        <briefdescription>
        </briefdescription>
        <detaileddescription>
<para><verbatim>Runs a command; returns True/False if its exit code is/isn&apos;t 0.</verbatim> </para>
        </detaileddescription>
        <inbodydescription>
        </inbodydescription>
        <location file="build/_deps/googletest-src/googletest/test/googletest-throw-on-failure-test.py" line="75" column="1" bodyfile="build/_deps/googletest-src/googletest/test/googletest-throw-on-failure-test.py" bodystart="75" bodyend="83"/>
      </memberdef>
    </sectiondef>
    <briefdescription>
    </briefdescription>
    <detaileddescription>
    </detaileddescription>
    <location file="build/_deps/googletest-src/googletest/test/googletest-throw-on-failure-test.py" line="1" column="1"/>
  </compounddef>
</doxygen>
