Start testing: Jan 24 10:04 -03
----------------------------------------------------------
1/50 Testing: ContextTest.PositionalArgumentBinding
1/50 Test: ContextTest.PositionalArgumentBinding
Command: "/home/gamarino/Documentos/proyectos/protoCore/build_check/test/proto_tests" "--gtest_filter=ContextTest.PositionalArgumentBinding" "--gtest_also_run_disabled_tests"
Directory: /home/gamarino/Documentos/proyectos/protoCore/build_check/test
"ContextTest.PositionalArgumentBinding" start time: Jan 24 10:04 -03
Output:
----------------------------------------------------------
Running main() from /home/gamarino/Documentos/proyectos/protoCore/build_check/_deps/googletest-src/googletest/src/gtest_main.cc
Note: Google Test filter = ContextTest.PositionalArgumentBinding
[==========] Running 1 test from 1 test suite.
[----------] Global test environment set-up.
[----------] 1 test from ContextTest
[ RUN      ] ContextTest.PositionalArgumentBinding
[       OK ] ContextTest.PositionalArgumentBinding (0 ms)
[----------] 1 test from ContextTest (0 ms total)

[----------] Global test environment tear-down
[==========] 1 test from 1 test suite ran. (0 ms total)
[  PASSED  ] 1 test.
<end of output>
Test time =   0.01 sec
----------------------------------------------------------
Test Passed.
"ContextTest.PositionalArgumentBinding" end time: Jan 24 10:04 -03
"ContextTest.PositionalArgumentBinding" time elapsed: 00:00:00
----------------------------------------------------------

2/50 Testing: ContextTest.LocalVariableAllocation
2/50 Test: ContextTest.LocalVariableAllocation
Command: "/home/gamarino/Documentos/proyectos/protoCore/build_check/test/proto_tests" "--gtest_filter=ContextTest.LocalVariableAllocation" "--gtest_also_run_disabled_tests"
Directory: /home/gamarino/Documentos/proyectos/protoCore/build_check/test
"ContextTest.LocalVariableAllocation" start time: Jan 24 10:04 -03
Output:
----------------------------------------------------------
Running main() from /home/gamarino/Documentos/proyectos/protoCore/build_check/_deps/googletest-src/googletest/src/gtest_main.cc
Note: Google Test filter = ContextTest.LocalVariableAllocation
[==========] Running 1 test from 1 test suite.
[----------] Global test environment set-up.
[----------] 1 test from ContextTest
[ RUN      ] ContextTest.LocalVariableAllocation
[       OK ] ContextTest.LocalVariableAllocation (0 ms)
[----------] 1 test from ContextTest (0 ms total)

[----------] Global test environment tear-down
[==========] 1 test from 1 test suite ran. (0 ms total)
[  PASSED  ] 1 test.
<end of output>
Test time =   0.00 sec
----------------------------------------------------------
Test Passed.
"ContextTest.LocalVariableAllocation" end time: Jan 24 10:04 -03
"ContextTest.LocalVariableAllocation" time elapsed: 00:00:00
----------------------------------------------------------

3/50 Testing: ContextTest.ArgumentCountError
3/50 Test: ContextTest.ArgumentCountError
Command: "/home/gamarino/Documentos/proyectos/protoCore/build_check/test/proto_tests" "--gtest_filter=ContextTest.ArgumentCountError" "--gtest_also_run_disabled_tests"
Directory: /home/gamarino/Documentos/proyectos/protoCore/build_check/test
"ContextTest.ArgumentCountError" start time: Jan 24 10:04 -03
Output:
----------------------------------------------------------
Running main() from /home/gamarino/Documentos/proyectos/protoCore/build_check/_deps/googletest-src/googletest/src/gtest_main.cc
Note: Google Test filter = ContextTest.ArgumentCountError
[==========] Running 1 test from 1 test suite.
[----------] Global test environment set-up.
[----------] 1 test from ContextTest
[ RUN      ] ContextTest.ArgumentCountError
[       OK ] ContextTest.ArgumentCountError (1 ms)
[----------] 1 test from ContextTest (1 ms total)

[----------] Global test environment tear-down
[==========] 1 test from 1 test suite ran. (1 ms total)
[  PASSED  ] 1 test.
<end of output>
Test time =   0.00 sec
----------------------------------------------------------
Test Passed.
"ContextTest.ArgumentCountError" end time: Jan 24 10:04 -03
"ContextTest.ArgumentCountError" time elapsed: 00:00:00
----------------------------------------------------------

4/50 Testing: ContextTest.LifecycleAndReturnValuePromotion
4/50 Test: ContextTest.LifecycleAndReturnValuePromotion
Command: "/home/gamarino/Documentos/proyectos/protoCore/build_check/test/proto_tests" "--gtest_filter=ContextTest.LifecycleAndReturnValuePromotion" "--gtest_also_run_disabled_tests"
Directory: /home/gamarino/Documentos/proyectos/protoCore/build_check/test
"ContextTest.LifecycleAndReturnValuePromotion" start time: Jan 24 10:04 -03
Output:
----------------------------------------------------------
Running main() from /home/gamarino/Documentos/proyectos/protoCore/build_check/_deps/googletest-src/googletest/src/gtest_main.cc
Note: Google Test filter = ContextTest.LifecycleAndReturnValuePromotion
[==========] Running 1 test from 1 test suite.
[----------] Global test environment set-up.
[----------] 1 test from ContextTest
[ RUN      ] ContextTest.LifecycleAndReturnValuePromotion
[       OK ] ContextTest.LifecycleAndReturnValuePromotion (0 ms)
[----------] 1 test from ContextTest (0 ms total)

[----------] Global test environment tear-down
[==========] 1 test from 1 test suite ran. (0 ms total)
[  PASSED  ] 1 test.
<end of output>
Test time =   0.00 sec
----------------------------------------------------------
Test Passed.
"ContextTest.LifecycleAndReturnValuePromotion" end time: Jan 24 10:04 -03
"ContextTest.LifecycleAndReturnValuePromotion" time elapsed: 00:00:00
----------------------------------------------------------

5/50 Testing: GCStressTest.LargeAllocationReclamation
5/50 Test: GCStressTest.LargeAllocationReclamation
Command: "/home/gamarino/Documentos/proyectos/protoCore/build_check/test/proto_tests" "--gtest_filter=GCStressTest.LargeAllocationReclamation" "--gtest_also_run_disabled_tests"
Directory: /home/gamarino/Documentos/proyectos/protoCore/build_check/test
"GCStressTest.LargeAllocationReclamation" start time: Jan 24 10:04 -03
Output:
----------------------------------------------------------
Running main() from /home/gamarino/Documentos/proyectos/protoCore/build_check/_deps/googletest-src/googletest/src/gtest_main.cc
Note: Google Test filter = GCStressTest.LargeAllocationReclamation
[==========] Running 1 test from 1 test suite.
[----------] Global test environment set-up.
[----------] 1 test from GCStressTest
[ RUN      ] GCStressTest.LargeAllocationReclamation
Initial Heap Size: 10240 blocks
Final Heap Size: 880640 blocks
Final Free Cells: 4541 blocks
/home/gamarino/Documentos/proyectos/protoCore/test/GCStressTests.cpp:45: Failure
Expected: (space.heapSize) < (800000), actual: 880640 vs 800000

[  FAILED  ] GCStressTest.LargeAllocationReclamation (2966 ms)
[----------] 1 test from GCStressTest (2966 ms total)

[----------] Global test environment tear-down
[==========] 1 test from 1 test suite ran. (2966 ms total)
[  PASSED  ] 0 tests.
[  FAILED  ] 1 test, listed below:
[  FAILED  ] GCStressTest.LargeAllocationReclamation

 1 FAILED TEST
<end of output>
Test time =   2.98 sec
----------------------------------------------------------
Test Failed.
"GCStressTest.LargeAllocationReclamation" end time: Jan 24 10:04 -03
"GCStressTest.LargeAllocationReclamation" time elapsed: 00:00:02
----------------------------------------------------------

6/50 Testing: NumericTest.CreationAndConversion
6/50 Test: NumericTest.CreationAndConversion
Command: "/home/gamarino/Documentos/proyectos/protoCore/build_check/test/proto_tests" "--gtest_filter=NumericTest.CreationAndConversion" "--gtest_also_run_disabled_tests"
Directory: /home/gamarino/Documentos/proyectos/protoCore/build_check/test
"NumericTest.CreationAndConversion" start time: Jan 24 10:04 -03
Output:
----------------------------------------------------------
Running main() from /home/gamarino/Documentos/proyectos/protoCore/build_check/_deps/googletest-src/googletest/src/gtest_main.cc
Note: Google Test filter = NumericTest.CreationAndConversion
[==========] Running 1 test from 1 test suite.
[----------] Global test environment set-up.
[----------] 1 test from NumericTest
[ RUN      ] NumericTest.CreationAndConversion
[       OK ] NumericTest.CreationAndConversion (1 ms)
[----------] 1 test from NumericTest (1 ms total)

[----------] Global test environment tear-down
[==========] 1 test from 1 test suite ran. (1 ms total)
[  PASSED  ] 1 test.
<end of output>
Test time =   0.01 sec
----------------------------------------------------------
Test Passed.
"NumericTest.CreationAndConversion" end time: Jan 24 10:04 -03
"NumericTest.CreationAndConversion" time elapsed: 00:00:00
----------------------------------------------------------

7/50 Testing: NumericTest.DoubleCreationAndConversion
7/50 Test: NumericTest.DoubleCreationAndConversion
Command: "/home/gamarino/Documentos/proyectos/protoCore/build_check/test/proto_tests" "--gtest_filter=NumericTest.DoubleCreationAndConversion" "--gtest_also_run_disabled_tests"
Directory: /home/gamarino/Documentos/proyectos/protoCore/build_check/test
"NumericTest.DoubleCreationAndConversion" start time: Jan 24 10:04 -03
Output:
----------------------------------------------------------
Running main() from /home/gamarino/Documentos/proyectos/protoCore/build_check/_deps/googletest-src/googletest/src/gtest_main.cc
Note: Google Test filter = NumericTest.DoubleCreationAndConversion
[==========] Running 1 test from 1 test suite.
[----------] Global test environment set-up.
[----------] 1 test from NumericTest
[ RUN      ] NumericTest.DoubleCreationAndConversion
[       OK ] NumericTest.DoubleCreationAndConversion (0 ms)
[----------] 1 test from NumericTest (0 ms total)

[----------] Global test environment tear-down
[==========] 1 test from 1 test suite ran. (0 ms total)
[  PASSED  ] 1 test.
<end of output>
Test time =   0.00 sec
----------------------------------------------------------
Test Passed.
"NumericTest.DoubleCreationAndConversion" end time: Jan 24 10:04 -03
"NumericTest.DoubleCreationAndConversion" time elapsed: 00:00:00
----------------------------------------------------------

8/50 Testing: NumericTest.FastPathArithmetic
8/50 Test: NumericTest.FastPathArithmetic
Command: "/home/gamarino/Documentos/proyectos/protoCore/build_check/test/proto_tests" "--gtest_filter=NumericTest.FastPathArithmetic" "--gtest_also_run_disabled_tests"
Directory: /home/gamarino/Documentos/proyectos/protoCore/build_check/test
"NumericTest.FastPathArithmetic" start time: Jan 24 10:04 -03
Output:
----------------------------------------------------------
Running main() from /home/gamarino/Documentos/proyectos/protoCore/build_check/_deps/googletest-src/googletest/src/gtest_main.cc
Note: Google Test filter = NumericTest.FastPathArithmetic
[==========] Running 1 test from 1 test suite.
[----------] Global test environment set-up.
[----------] 1 test from NumericTest
[ RUN      ] NumericTest.FastPathArithmetic
[       OK ] NumericTest.FastPathArithmetic (0 ms)
[----------] 1 test from NumericTest (0 ms total)

[----------] Global test environment tear-down
[==========] 1 test from 1 test suite ran. (0 ms total)
[  PASSED  ] 1 test.
<end of output>
Test time =   0.00 sec
----------------------------------------------------------
Test Passed.
"NumericTest.FastPathArithmetic" end time: Jan 24 10:04 -03
"NumericTest.FastPathArithmetic" time elapsed: 00:00:00
----------------------------------------------------------

9/50 Testing: NumericTest.LargeIntegerArithmetic
9/50 Test: NumericTest.LargeIntegerArithmetic
Command: "/home/gamarino/Documentos/proyectos/protoCore/build_check/test/proto_tests" "--gtest_filter=NumericTest.LargeIntegerArithmetic" "--gtest_also_run_disabled_tests"
Directory: /home/gamarino/Documentos/proyectos/protoCore/build_check/test
"NumericTest.LargeIntegerArithmetic" start time: Jan 24 10:04 -03
Output:
----------------------------------------------------------
Running main() from /home/gamarino/Documentos/proyectos/protoCore/build_check/_deps/googletest-src/googletest/src/gtest_main.cc
Note: Google Test filter = NumericTest.LargeIntegerArithmetic
[==========] Running 1 test from 1 test suite.
[----------] Global test environment set-up.
[----------] 1 test from NumericTest
[ RUN      ] NumericTest.LargeIntegerArithmetic
[       OK ] NumericTest.LargeIntegerArithmetic (1 ms)
[----------] 1 test from NumericTest (1 ms total)

[----------] Global test environment tear-down
[==========] 1 test from 1 test suite ran. (1 ms total)
[  PASSED  ] 1 test.
<end of output>
Test time =   0.00 sec
----------------------------------------------------------
Test Passed.
"NumericTest.LargeIntegerArithmetic" end time: Jan 24 10:04 -03
"NumericTest.LargeIntegerArithmetic" time elapsed: 00:00:00
----------------------------------------------------------

10/50 Testing: NumericTest.MixedTypeArithmetic
10/50 Test: NumericTest.MixedTypeArithmetic
Command: "/home/gamarino/Documentos/proyectos/protoCore/build_check/test/proto_tests" "--gtest_filter=NumericTest.MixedTypeArithmetic" "--gtest_also_run_disabled_tests"
Directory: /home/gamarino/Documentos/proyectos/protoCore/build_check/test
"NumericTest.MixedTypeArithmetic" start time: Jan 24 10:04 -03
Output:
----------------------------------------------------------
Running main() from /home/gamarino/Documentos/proyectos/protoCore/build_check/_deps/googletest-src/googletest/src/gtest_main.cc
Note: Google Test filter = NumericTest.MixedTypeArithmetic
[==========] Running 1 test from 1 test suite.
[----------] Global test environment set-up.
[----------] 1 test from NumericTest
[ RUN      ] NumericTest.MixedTypeArithmetic
[       OK ] NumericTest.MixedTypeArithmetic (0 ms)
[----------] 1 test from NumericTest (0 ms total)

[----------] Global test environment tear-down
[==========] 1 test from 1 test suite ran. (0 ms total)
[  PASSED  ] 1 test.
<end of output>
Test time =   0.00 sec
----------------------------------------------------------
Test Passed.
"NumericTest.MixedTypeArithmetic" end time: Jan 24 10:04 -03
"NumericTest.MixedTypeArithmetic" time elapsed: 00:00:00
----------------------------------------------------------

11/50 Testing: NumericTest.DivisionAndErrorHandling
11/50 Test: NumericTest.DivisionAndErrorHandling
Command: "/home/gamarino/Documentos/proyectos/protoCore/build_check/test/proto_tests" "--gtest_filter=NumericTest.DivisionAndErrorHandling" "--gtest_also_run_disabled_tests"
Directory: /home/gamarino/Documentos/proyectos/protoCore/build_check/test
"NumericTest.DivisionAndErrorHandling" start time: Jan 24 10:04 -03
Output:
----------------------------------------------------------
Running main() from /home/gamarino/Documentos/proyectos/protoCore/build_check/_deps/googletest-src/googletest/src/gtest_main.cc
Note: Google Test filter = NumericTest.DivisionAndErrorHandling
[==========] Running 1 test from 1 test suite.
[----------] Global test environment set-up.
[----------] 1 test from NumericTest
[ RUN      ] NumericTest.DivisionAndErrorHandling
[       OK ] NumericTest.DivisionAndErrorHandling (0 ms)
[----------] 1 test from NumericTest (0 ms total)

[----------] Global test environment tear-down
[==========] 1 test from 1 test suite ran. (0 ms total)
[  PASSED  ] 1 test.
<end of output>
Test time =   0.00 sec
----------------------------------------------------------
Test Passed.
"NumericTest.DivisionAndErrorHandling" end time: Jan 24 10:04 -03
"NumericTest.DivisionAndErrorHandling" time elapsed: 00:00:00
----------------------------------------------------------

12/50 Testing: NumericTest.BitwiseNot
12/50 Test: NumericTest.BitwiseNot
Command: "/home/gamarino/Documentos/proyectos/protoCore/build_check/test/proto_tests" "--gtest_filter=NumericTest.BitwiseNot" "--gtest_also_run_disabled_tests"
Directory: /home/gamarino/Documentos/proyectos/protoCore/build_check/test
"NumericTest.BitwiseNot" start time: Jan 24 10:04 -03
Output:
----------------------------------------------------------
Running main() from /home/gamarino/Documentos/proyectos/protoCore/build_check/_deps/googletest-src/googletest/src/gtest_main.cc
Note: Google Test filter = NumericTest.BitwiseNot
[==========] Running 1 test from 1 test suite.
[----------] Global test environment set-up.
[----------] 1 test from NumericTest
[ RUN      ] NumericTest.BitwiseNot
[       OK ] NumericTest.BitwiseNot (0 ms)
[----------] 1 test from NumericTest (0 ms total)

[----------] Global test environment tear-down
[==========] 1 test from 1 test suite ran. (0 ms total)
[  PASSED  ] 1 test.
<end of output>
Test time =   0.00 sec
----------------------------------------------------------
Test Passed.
"NumericTest.BitwiseNot" end time: Jan 24 10:04 -03
"NumericTest.BitwiseNot" time elapsed: 00:00:00
----------------------------------------------------------

13/50 Testing: NumericTest.BitwiseOperations
13/50 Test: NumericTest.BitwiseOperations
Command: "/home/gamarino/Documentos/proyectos/protoCore/build_check/test/proto_tests" "--gtest_filter=NumericTest.BitwiseOperations" "--gtest_also_run_disabled_tests"
Directory: /home/gamarino/Documentos/proyectos/protoCore/build_check/test
"NumericTest.BitwiseOperations" start time: Jan 24 10:04 -03
Output:
----------------------------------------------------------
Running main() from /home/gamarino/Documentos/proyectos/protoCore/build_check/_deps/googletest-src/googletest/src/gtest_main.cc
Note: Google Test filter = NumericTest.BitwiseOperations
[==========] Running 1 test from 1 test suite.
[----------] Global test environment set-up.
[----------] 1 test from NumericTest
[ RUN      ] NumericTest.BitwiseOperations
[       OK ] NumericTest.BitwiseOperations (0 ms)
[----------] 1 test from NumericTest (0 ms total)

[----------] Global test environment tear-down
[==========] 1 test from 1 test suite ran. (0 ms total)
[  PASSED  ] 1 test.
<end of output>
Test time =   0.00 sec
----------------------------------------------------------
Test Passed.
"NumericTest.BitwiseOperations" end time: Jan 24 10:04 -03
"NumericTest.BitwiseOperations" time elapsed: 00:00:00
----------------------------------------------------------

14/50 Testing: NumericTest.ShiftOperations
14/50 Test: NumericTest.ShiftOperations
Command: "/home/gamarino/Documentos/proyectos/protoCore/build_check/test/proto_tests" "--gtest_filter=NumericTest.ShiftOperations" "--gtest_also_run_disabled_tests"
Directory: /home/gamarino/Documentos/proyectos/protoCore/build_check/test
"NumericTest.ShiftOperations" start time: Jan 24 10:04 -03
Output:
----------------------------------------------------------
Running main() from /home/gamarino/Documentos/proyectos/protoCore/build_check/_deps/googletest-src/googletest/src/gtest_main.cc
Note: Google Test filter = NumericTest.ShiftOperations
[==========] Running 1 test from 1 test suite.
[----------] Global test environment set-up.
[----------] 1 test from NumericTest
[ RUN      ] NumericTest.ShiftOperations
[       OK ] NumericTest.ShiftOperations (0 ms)
[----------] 1 test from NumericTest (0 ms total)

[----------] Global test environment tear-down
[==========] 1 test from 1 test suite ran. (0 ms total)
[  PASSED  ] 1 test.
<end of output>
Test time =   0.00 sec
----------------------------------------------------------
Test Passed.
"NumericTest.ShiftOperations" end time: Jan 24 10:04 -03
"NumericTest.ShiftOperations" time elapsed: 00:00:00
----------------------------------------------------------

15/50 Testing: NumericTest.ToString
15/50 Test: NumericTest.ToString
Command: "/home/gamarino/Documentos/proyectos/protoCore/build_check/test/proto_tests" "--gtest_filter=NumericTest.ToString" "--gtest_also_run_disabled_tests"
Directory: /home/gamarino/Documentos/proyectos/protoCore/build_check/test
"NumericTest.ToString" start time: Jan 24 10:04 -03
Output:
----------------------------------------------------------
Running main() from /home/gamarino/Documentos/proyectos/protoCore/build_check/_deps/googletest-src/googletest/src/gtest_main.cc
Note: Google Test filter = NumericTest.ToString
[==========] Running 1 test from 1 test suite.
[----------] Global test environment set-up.
[----------] 1 test from NumericTest
[ RUN      ] NumericTest.ToString
[       OK ] NumericTest.ToString (0 ms)
[----------] 1 test from NumericTest (0 ms total)

[----------] Global test environment tear-down
[==========] 1 test from 1 test suite ran. (0 ms total)
[  PASSED  ] 1 test.
<end of output>
Test time =   0.00 sec
----------------------------------------------------------
Test Passed.
"NumericTest.ToString" end time: Jan 24 10:04 -03
"NumericTest.ToString" time elapsed: 00:00:00
----------------------------------------------------------

16/50 Testing: NumericTest.DivmodApi
16/50 Test: NumericTest.DivmodApi
Command: "/home/gamarino/Documentos/proyectos/protoCore/build_check/test/proto_tests" "--gtest_filter=NumericTest.DivmodApi" "--gtest_also_run_disabled_tests"
Directory: /home/gamarino/Documentos/proyectos/protoCore/build_check/test
"NumericTest.DivmodApi" start time: Jan 24 10:04 -03
Output:
----------------------------------------------------------
Running main() from /home/gamarino/Documentos/proyectos/protoCore/build_check/_deps/googletest-src/googletest/src/gtest_main.cc
Note: Google Test filter = NumericTest.DivmodApi
[==========] Running 1 test from 1 test suite.
[----------] Global test environment set-up.
[----------] 1 test from NumericTest
[ RUN      ] NumericTest.DivmodApi
[       OK ] NumericTest.DivmodApi (0 ms)
[----------] 1 test from NumericTest (0 ms total)

[----------] Global test environment tear-down
[==========] 1 test from 1 test suite ran. (0 ms total)
[  PASSED  ] 1 test.
<end of output>
Test time =   0.00 sec
----------------------------------------------------------
Test Passed.
"NumericTest.DivmodApi" end time: Jan 24 10:04 -03
"NumericTest.DivmodApi" time elapsed: 00:00:00
----------------------------------------------------------

17/50 Testing: ListTest.CreationAndSize
17/50 Test: ListTest.CreationAndSize
Command: "/home/gamarino/Documentos/proyectos/protoCore/build_check/test/proto_tests" "--gtest_filter=ListTest.CreationAndSize" "--gtest_also_run_disabled_tests"
Directory: /home/gamarino/Documentos/proyectos/protoCore/build_check/test
"ListTest.CreationAndSize" start time: Jan 24 10:04 -03
Output:
----------------------------------------------------------
Running main() from /home/gamarino/Documentos/proyectos/protoCore/build_check/_deps/googletest-src/googletest/src/gtest_main.cc
Note: Google Test filter = ListTest.CreationAndSize
[==========] Running 1 test from 1 test suite.
[----------] Global test environment set-up.
[----------] 1 test from ListTest
[ RUN      ] ListTest.CreationAndSize
[       OK ] ListTest.CreationAndSize (1 ms)
[----------] 1 test from ListTest (1 ms total)

[----------] Global test environment tear-down
[==========] 1 test from 1 test suite ran. (1 ms total)
[  PASSED  ] 1 test.
<end of output>
Test time =   0.00 sec
----------------------------------------------------------
Test Passed.
"ListTest.CreationAndSize" end time: Jan 24 10:04 -03
"ListTest.CreationAndSize" time elapsed: 00:00:00
----------------------------------------------------------

18/50 Testing: ListTest.AppendAndGet
18/50 Test: ListTest.AppendAndGet
Command: "/home/gamarino/Documentos/proyectos/protoCore/build_check/test/proto_tests" "--gtest_filter=ListTest.AppendAndGet" "--gtest_also_run_disabled_tests"
Directory: /home/gamarino/Documentos/proyectos/protoCore/build_check/test
"ListTest.AppendAndGet" start time: Jan 24 10:04 -03
Output:
----------------------------------------------------------
Running main() from /home/gamarino/Documentos/proyectos/protoCore/build_check/_deps/googletest-src/googletest/src/gtest_main.cc
Note: Google Test filter = ListTest.AppendAndGet
[==========] Running 1 test from 1 test suite.
[----------] Global test environment set-up.
[----------] 1 test from ListTest
[ RUN      ] ListTest.AppendAndGet
[       OK ] ListTest.AppendAndGet (0 ms)
[----------] 1 test from ListTest (1 ms total)

[----------] Global test environment tear-down
[==========] 1 test from 1 test suite ran. (1 ms total)
[  PASSED  ] 1 test.
<end of output>
Test time =   0.01 sec
----------------------------------------------------------
Test Passed.
"ListTest.AppendAndGet" end time: Jan 24 10:04 -03
"ListTest.AppendAndGet" time elapsed: 00:00:00
----------------------------------------------------------

19/50 Testing: ListTest.ImmutabilityOnAppend
19/50 Test: ListTest.ImmutabilityOnAppend
Command: "/home/gamarino/Documentos/proyectos/protoCore/build_check/test/proto_tests" "--gtest_filter=ListTest.ImmutabilityOnAppend" "--gtest_also_run_disabled_tests"
Directory: /home/gamarino/Documentos/proyectos/protoCore/build_check/test
"ListTest.ImmutabilityOnAppend" start time: Jan 24 10:04 -03
Output:
----------------------------------------------------------
Running main() from /home/gamarino/Documentos/proyectos/protoCore/build_check/_deps/googletest-src/googletest/src/gtest_main.cc
Note: Google Test filter = ListTest.ImmutabilityOnAppend
[==========] Running 1 test from 1 test suite.
[----------] Global test environment set-up.
[----------] 1 test from ListTest
[ RUN      ] ListTest.ImmutabilityOnAppend
[       OK ] ListTest.ImmutabilityOnAppend (0 ms)
[----------] 1 test from ListTest (0 ms total)

[----------] Global test environment tear-down
[==========] 1 test from 1 test suite ran. (0 ms total)
[  PASSED  ] 1 test.
<end of output>
Test time =   0.00 sec
----------------------------------------------------------
Test Passed.
"ListTest.ImmutabilityOnAppend" end time: Jan 24 10:04 -03
"ListTest.ImmutabilityOnAppend" time elapsed: 00:00:00
----------------------------------------------------------

20/50 Testing: ListTest.RemoveAt
20/50 Test: ListTest.RemoveAt
Command: "/home/gamarino/Documentos/proyectos/protoCore/build_check/test/proto_tests" "--gtest_filter=ListTest.RemoveAt" "--gtest_also_run_disabled_tests"
Directory: /home/gamarino/Documentos/proyectos/protoCore/build_check/test
"ListTest.RemoveAt" start time: Jan 24 10:04 -03
Output:
----------------------------------------------------------
Running main() from /home/gamarino/Documentos/proyectos/protoCore/build_check/_deps/googletest-src/googletest/src/gtest_main.cc
Note: Google Test filter = ListTest.RemoveAt
[==========] Running 1 test from 1 test suite.
[----------] Global test environment set-up.
[----------] 1 test from ListTest
[ RUN      ] ListTest.RemoveAt
[       OK ] ListTest.RemoveAt (0 ms)
[----------] 1 test from ListTest (0 ms total)

[----------] Global test environment tear-down
[==========] 1 test from 1 test suite ran. (0 ms total)
[  PASSED  ] 1 test.
<end of output>
Test time =   0.00 sec
----------------------------------------------------------
Test Passed.
"ListTest.RemoveAt" end time: Jan 24 10:04 -03
"ListTest.RemoveAt" time elapsed: 00:00:00
----------------------------------------------------------

21/50 Testing: ListTest.GetSlice
21/50 Test: ListTest.GetSlice
Command: "/home/gamarino/Documentos/proyectos/protoCore/build_check/test/proto_tests" "--gtest_filter=ListTest.GetSlice" "--gtest_also_run_disabled_tests"
Directory: /home/gamarino/Documentos/proyectos/protoCore/build_check/test
"ListTest.GetSlice" start time: Jan 24 10:04 -03
Output:
----------------------------------------------------------
Running main() from /home/gamarino/Documentos/proyectos/protoCore/build_check/_deps/googletest-src/googletest/src/gtest_main.cc
Note: Google Test filter = ListTest.GetSlice
[==========] Running 1 test from 1 test suite.
[----------] Global test environment set-up.
[----------] 1 test from ListTest
[ RUN      ] ListTest.GetSlice
[       OK ] ListTest.GetSlice (0 ms)
[----------] 1 test from ListTest (0 ms total)

[----------] Global test environment tear-down
[==========] 1 test from 1 test suite ran. (0 ms total)
[  PASSED  ] 1 test.
<end of output>
Test time =   0.00 sec
----------------------------------------------------------
Test Passed.
"ListTest.GetSlice" end time: Jan 24 10:04 -03
"ListTest.GetSlice" time elapsed: 00:00:00
----------------------------------------------------------

22/50 Testing: ObjectTest.Creation
22/50 Test: ObjectTest.Creation
Command: "/home/gamarino/Documentos/proyectos/protoCore/build_check/test/proto_tests" "--gtest_filter=ObjectTest.Creation" "--gtest_also_run_disabled_tests"
Directory: /home/gamarino/Documentos/proyectos/protoCore/build_check/test
"ObjectTest.Creation" start time: Jan 24 10:04 -03
Output:
----------------------------------------------------------
Running main() from /home/gamarino/Documentos/proyectos/protoCore/build_check/_deps/googletest-src/googletest/src/gtest_main.cc
Note: Google Test filter = ObjectTest.Creation
[==========] Running 1 test from 1 test suite.
[----------] Global test environment set-up.
[----------] 1 test from ObjectTest
[ RUN      ] ObjectTest.Creation
[       OK ] ObjectTest.Creation (0 ms)
[----------] 1 test from ObjectTest (0 ms total)

[----------] Global test environment tear-down
[==========] 1 test from 1 test suite ran. (0 ms total)
[  PASSED  ] 1 test.
<end of output>
Test time =   0.00 sec
----------------------------------------------------------
Test Passed.
"ObjectTest.Creation" end time: Jan 24 10:04 -03
"ObjectTest.Creation" time elapsed: 00:00:00
----------------------------------------------------------

23/50 Testing: ObjectTest.SetAndGetAttribute
23/50 Test: ObjectTest.SetAndGetAttribute
Command: "/home/gamarino/Documentos/proyectos/protoCore/build_check/test/proto_tests" "--gtest_filter=ObjectTest.SetAndGetAttribute" "--gtest_also_run_disabled_tests"
Directory: /home/gamarino/Documentos/proyectos/protoCore/build_check/test
"ObjectTest.SetAndGetAttribute" start time: Jan 24 10:04 -03
Output:
----------------------------------------------------------
Running main() from /home/gamarino/Documentos/proyectos/protoCore/build_check/_deps/googletest-src/googletest/src/gtest_main.cc
Note: Google Test filter = ObjectTest.SetAndGetAttribute
[==========] Running 1 test from 1 test suite.
[----------] Global test environment set-up.
[----------] 1 test from ObjectTest
[ RUN      ] ObjectTest.SetAndGetAttribute
[       OK ] ObjectTest.SetAndGetAttribute (0 ms)
[----------] 1 test from ObjectTest (0 ms total)

[----------] Global test environment tear-down
[==========] 1 test from 1 test suite ran. (0 ms total)
[  PASSED  ] 1 test.
<end of output>
Test time =   0.00 sec
----------------------------------------------------------
Test Passed.
"ObjectTest.SetAndGetAttribute" end time: Jan 24 10:04 -03
"ObjectTest.SetAndGetAttribute" time elapsed: 00:00:00
----------------------------------------------------------

24/50 Testing: ObjectTest.GetMissingAttribute
24/50 Test: ObjectTest.GetMissingAttribute
Command: "/home/gamarino/Documentos/proyectos/protoCore/build_check/test/proto_tests" "--gtest_filter=ObjectTest.GetMissingAttribute" "--gtest_also_run_disabled_tests"
Directory: /home/gamarino/Documentos/proyectos/protoCore/build_check/test
"ObjectTest.GetMissingAttribute" start time: Jan 24 10:04 -03
Output:
----------------------------------------------------------
Running main() from /home/gamarino/Documentos/proyectos/protoCore/build_check/_deps/googletest-src/googletest/src/gtest_main.cc
Note: Google Test filter = ObjectTest.GetMissingAttribute
[==========] Running 1 test from 1 test suite.
[----------] Global test environment set-up.
[----------] 1 test from ObjectTest
[ RUN      ] ObjectTest.GetMissingAttribute
[       OK ] ObjectTest.GetMissingAttribute (0 ms)
[----------] 1 test from ObjectTest (0 ms total)

[----------] Global test environment tear-down
[==========] 1 test from 1 test suite ran. (0 ms total)
[  PASSED  ] 1 test.
<end of output>
Test time =   0.00 sec
----------------------------------------------------------
Test Passed.
"ObjectTest.GetMissingAttribute" end time: Jan 24 10:04 -03
"ObjectTest.GetMissingAttribute" time elapsed: 00:00:00
----------------------------------------------------------

25/50 Testing: ObjectTest.SimpleInheritance
25/50 Test: ObjectTest.SimpleInheritance
Command: "/home/gamarino/Documentos/proyectos/protoCore/build_check/test/proto_tests" "--gtest_filter=ObjectTest.SimpleInheritance" "--gtest_also_run_disabled_tests"
Directory: /home/gamarino/Documentos/proyectos/protoCore/build_check/test
"ObjectTest.SimpleInheritance" start time: Jan 24 10:04 -03
Output:
----------------------------------------------------------
Running main() from /home/gamarino/Documentos/proyectos/protoCore/build_check/_deps/googletest-src/googletest/src/gtest_main.cc
Note: Google Test filter = ObjectTest.SimpleInheritance
[==========] Running 1 test from 1 test suite.
[----------] Global test environment set-up.
[----------] 1 test from ObjectTest
[ RUN      ] ObjectTest.SimpleInheritance
[       OK ] ObjectTest.SimpleInheritance (0 ms)
[----------] 1 test from ObjectTest (0 ms total)

[----------] Global test environment tear-down
[==========] 1 test from 1 test suite ran. (0 ms total)
[  PASSED  ] 1 test.
<end of output>
Test time =   0.00 sec
----------------------------------------------------------
Test Passed.
"ObjectTest.SimpleInheritance" end time: Jan 24 10:04 -03
"ObjectTest.SimpleInheritance" time elapsed: 00:00:00
----------------------------------------------------------

26/50 Testing: ObjectTest.AttributeOverriding
26/50 Test: ObjectTest.AttributeOverriding
Command: "/home/gamarino/Documentos/proyectos/protoCore/build_check/test/proto_tests" "--gtest_filter=ObjectTest.AttributeOverriding" "--gtest_also_run_disabled_tests"
Directory: /home/gamarino/Documentos/proyectos/protoCore/build_check/test
"ObjectTest.AttributeOverriding" start time: Jan 24 10:04 -03
Output:
----------------------------------------------------------
Running main() from /home/gamarino/Documentos/proyectos/protoCore/build_check/_deps/googletest-src/googletest/src/gtest_main.cc
Note: Google Test filter = ObjectTest.AttributeOverriding
[==========] Running 1 test from 1 test suite.
[----------] Global test environment set-up.
[----------] 1 test from ObjectTest
[ RUN      ] ObjectTest.AttributeOverriding
[       OK ] ObjectTest.AttributeOverriding (0 ms)
[----------] 1 test from ObjectTest (0 ms total)

[----------] Global test environment tear-down
[==========] 1 test from 1 test suite ran. (0 ms total)
[  PASSED  ] 1 test.
<end of output>
Test time =   0.00 sec
----------------------------------------------------------
Test Passed.
"ObjectTest.AttributeOverriding" end time: Jan 24 10:04 -03
"ObjectTest.AttributeOverriding" time elapsed: 00:00:00
----------------------------------------------------------

27/50 Testing: ObjectTest.HasAttribute
27/50 Test: ObjectTest.HasAttribute
Command: "/home/gamarino/Documentos/proyectos/protoCore/build_check/test/proto_tests" "--gtest_filter=ObjectTest.HasAttribute" "--gtest_also_run_disabled_tests"
Directory: /home/gamarino/Documentos/proyectos/protoCore/build_check/test
"ObjectTest.HasAttribute" start time: Jan 24 10:04 -03
Output:
----------------------------------------------------------
Running main() from /home/gamarino/Documentos/proyectos/protoCore/build_check/_deps/googletest-src/googletest/src/gtest_main.cc
Note: Google Test filter = ObjectTest.HasAttribute
[==========] Running 1 test from 1 test suite.
[----------] Global test environment set-up.
[----------] 1 test from ObjectTest
[ RUN      ] ObjectTest.HasAttribute
[       OK ] ObjectTest.HasAttribute (0 ms)
[----------] 1 test from ObjectTest (0 ms total)

[----------] Global test environment tear-down
[==========] 1 test from 1 test suite ran. (0 ms total)
[  PASSED  ] 1 test.
<end of output>
Test time =   0.00 sec
----------------------------------------------------------
Test Passed.
"ObjectTest.HasAttribute" end time: Jan 24 10:04 -03
"ObjectTest.HasAttribute" time elapsed: 00:00:00
----------------------------------------------------------

28/50 Testing: PrimitivesTest.IntegerHandling
28/50 Test: PrimitivesTest.IntegerHandling
Command: "/home/gamarino/Documentos/proyectos/protoCore/build_check/test/proto_tests" "--gtest_filter=PrimitivesTest.IntegerHandling" "--gtest_also_run_disabled_tests"
Directory: /home/gamarino/Documentos/proyectos/protoCore/build_check/test
"PrimitivesTest.IntegerHandling" start time: Jan 24 10:04 -03
Output:
----------------------------------------------------------
Running main() from /home/gamarino/Documentos/proyectos/protoCore/build_check/_deps/googletest-src/googletest/src/gtest_main.cc
Note: Google Test filter = PrimitivesTest.IntegerHandling
[==========] Running 1 test from 1 test suite.
[----------] Global test environment set-up.
[----------] 1 test from PrimitivesTest
[ RUN      ] PrimitivesTest.IntegerHandling
[       OK ] PrimitivesTest.IntegerHandling (0 ms)
[----------] 1 test from PrimitivesTest (0 ms total)

[----------] Global test environment tear-down
[==========] 1 test from 1 test suite ran. (0 ms total)
[  PASSED  ] 1 test.
<end of output>
Test time =   0.00 sec
----------------------------------------------------------
Test Passed.
"PrimitivesTest.IntegerHandling" end time: Jan 24 10:04 -03
"PrimitivesTest.IntegerHandling" time elapsed: 00:00:00
----------------------------------------------------------

29/50 Testing: PrimitivesTest.BooleanHandling
29/50 Test: PrimitivesTest.BooleanHandling
Command: "/home/gamarino/Documentos/proyectos/protoCore/build_check/test/proto_tests" "--gtest_filter=PrimitivesTest.BooleanHandling" "--gtest_also_run_disabled_tests"
Directory: /home/gamarino/Documentos/proyectos/protoCore/build_check/test
"PrimitivesTest.BooleanHandling" start time: Jan 24 10:04 -03
Output:
----------------------------------------------------------
Running main() from /home/gamarino/Documentos/proyectos/protoCore/build_check/_deps/googletest-src/googletest/src/gtest_main.cc
Note: Google Test filter = PrimitivesTest.BooleanHandling
[==========] Running 1 test from 1 test suite.
[----------] Global test environment set-up.
[----------] 1 test from PrimitivesTest
[ RUN      ] PrimitivesTest.BooleanHandling
[       OK ] PrimitivesTest.BooleanHandling (0 ms)
[----------] 1 test from PrimitivesTest (0 ms total)

[----------] Global test environment tear-down
[==========] 1 test from 1 test suite ran. (0 ms total)
[  PASSED  ] 1 test.
<end of output>
Test time =   0.00 sec
----------------------------------------------------------
Test Passed.
"PrimitivesTest.BooleanHandling" end time: Jan 24 10:04 -03
"PrimitivesTest.BooleanHandling" time elapsed: 00:00:00
----------------------------------------------------------

30/50 Testing: PrimitivesTest.NoneHandling
30/50 Test: PrimitivesTest.NoneHandling
Command: "/home/gamarino/Documentos/proyectos/protoCore/build_check/test/proto_tests" "--gtest_filter=PrimitivesTest.NoneHandling" "--gtest_also_run_disabled_tests"
Directory: /home/gamarino/Documentos/proyectos/protoCore/build_check/test
"PrimitivesTest.NoneHandling" start time: Jan 24 10:04 -03
Output:
----------------------------------------------------------
Running main() from /home/gamarino/Documentos/proyectos/protoCore/build_check/_deps/googletest-src/googletest/src/gtest_main.cc
Note: Google Test filter = PrimitivesTest.NoneHandling
[==========] Running 1 test from 1 test suite.
[----------] Global test environment set-up.
[----------] 1 test from PrimitivesTest
[ RUN      ] PrimitivesTest.NoneHandling
[       OK ] PrimitivesTest.NoneHandling (0 ms)
[----------] 1 test from PrimitivesTest (0 ms total)

[----------] Global test environment tear-down
[==========] 1 test from 1 test suite ran. (0 ms total)
[  PASSED  ] 1 test.
<end of output>
Test time =   0.00 sec
----------------------------------------------------------
Test Passed.
"PrimitivesTest.NoneHandling" end time: Jan 24 10:04 -03
"PrimitivesTest.NoneHandling" time elapsed: 00:00:00
----------------------------------------------------------

31/50 Testing: PrimitivesTest.StringHandling
31/50 Test: PrimitivesTest.StringHandling
Command: "/home/gamarino/Documentos/proyectos/protoCore/build_check/test/proto_tests" "--gtest_filter=PrimitivesTest.StringHandling" "--gtest_also_run_disabled_tests"
Directory: /home/gamarino/Documentos/proyectos/protoCore/build_check/test
"PrimitivesTest.StringHandling" start time: Jan 24 10:04 -03
Output:
----------------------------------------------------------
Running main() from /home/gamarino/Documentos/proyectos/protoCore/build_check/_deps/googletest-src/googletest/src/gtest_main.cc
Note: Google Test filter = PrimitivesTest.StringHandling
[==========] Running 1 test from 1 test suite.
[----------] Global test environment set-up.
[----------] 1 test from PrimitivesTest
[ RUN      ] PrimitivesTest.StringHandling
[       OK ] PrimitivesTest.StringHandling (0 ms)
[----------] 1 test from PrimitivesTest (0 ms total)

[----------] Global test environment tear-down
[==========] 1 test from 1 test suite ran. (0 ms total)
[  PASSED  ] 1 test.
<end of output>
Test time =   0.00 sec
----------------------------------------------------------
Test Passed.
"PrimitivesTest.StringHandling" end time: Jan 24 10:04 -03
"PrimitivesTest.StringHandling" time elapsed: 00:00:00
----------------------------------------------------------

32/50 Testing: SetTest.CreateEmptySet
32/50 Test: SetTest.CreateEmptySet
Command: "/home/gamarino/Documentos/proyectos/protoCore/build_check/test/proto_tests" "--gtest_filter=SetTest.CreateEmptySet" "--gtest_also_run_disabled_tests"
Directory: /home/gamarino/Documentos/proyectos/protoCore/build_check/test
"SetTest.CreateEmptySet" start time: Jan 24 10:04 -03
Output:
----------------------------------------------------------
Running main() from /home/gamarino/Documentos/proyectos/protoCore/build_check/_deps/googletest-src/googletest/src/gtest_main.cc
Note: Google Test filter = SetTest.CreateEmptySet
[==========] Running 1 test from 1 test suite.
[----------] Global test environment set-up.
[----------] 1 test from SetTest
[ RUN      ] SetTest.CreateEmptySet
[       OK ] SetTest.CreateEmptySet (1 ms)
[----------] 1 test from SetTest (1 ms total)

[----------] Global test environment tear-down
[==========] 1 test from 1 test suite ran. (1 ms total)
[  PASSED  ] 1 test.
<end of output>
Test time =   0.02 sec
----------------------------------------------------------
Test Passed.
"SetTest.CreateEmptySet" end time: Jan 24 10:04 -03
"SetTest.CreateEmptySet" time elapsed: 00:00:00
----------------------------------------------------------

33/50 Testing: SetTest.AddAndHas
33/50 Test: SetTest.AddAndHas
Command: "/home/gamarino/Documentos/proyectos/protoCore/build_check/test/proto_tests" "--gtest_filter=SetTest.AddAndHas" "--gtest_also_run_disabled_tests"
Directory: /home/gamarino/Documentos/proyectos/protoCore/build_check/test
"SetTest.AddAndHas" start time: Jan 24 10:04 -03
Output:
----------------------------------------------------------
Running main() from /home/gamarino/Documentos/proyectos/protoCore/build_check/_deps/googletest-src/googletest/src/gtest_main.cc
Note: Google Test filter = SetTest.AddAndHas
[==========] Running 1 test from 1 test suite.
[----------] Global test environment set-up.
[----------] 1 test from SetTest
[ RUN      ] SetTest.AddAndHas
[       OK ] SetTest.AddAndHas (0 ms)
[----------] 1 test from SetTest (0 ms total)

[----------] Global test environment tear-down
[==========] 1 test from 1 test suite ran. (0 ms total)
[  PASSED  ] 1 test.
<end of output>
Test time =   0.01 sec
----------------------------------------------------------
Test Passed.
"SetTest.AddAndHas" end time: Jan 24 10:04 -03
"SetTest.AddAndHas" time elapsed: 00:00:00
----------------------------------------------------------

34/50 Testing: SetTest.AddExisting
34/50 Test: SetTest.AddExisting
Command: "/home/gamarino/Documentos/proyectos/protoCore/build_check/test/proto_tests" "--gtest_filter=SetTest.AddExisting" "--gtest_also_run_disabled_tests"
Directory: /home/gamarino/Documentos/proyectos/protoCore/build_check/test
"SetTest.AddExisting" start time: Jan 24 10:04 -03
Output:
----------------------------------------------------------
Running main() from /home/gamarino/Documentos/proyectos/protoCore/build_check/_deps/googletest-src/googletest/src/gtest_main.cc
Note: Google Test filter = SetTest.AddExisting
[==========] Running 1 test from 1 test suite.
[----------] Global test environment set-up.
[----------] 1 test from SetTest
[ RUN      ] SetTest.AddExisting
[       OK ] SetTest.AddExisting (0 ms)
[----------] 1 test from SetTest (0 ms total)

[----------] Global test environment tear-down
[==========] 1 test from 1 test suite ran. (0 ms total)
[  PASSED  ] 1 test.
<end of output>
Test time =   0.00 sec
----------------------------------------------------------
Test Passed.
"SetTest.AddExisting" end time: Jan 24 10:04 -03
"SetTest.AddExisting" time elapsed: 00:00:00
----------------------------------------------------------

35/50 Testing: SetTest.Remove
35/50 Test: SetTest.Remove
Command: "/home/gamarino/Documentos/proyectos/protoCore/build_check/test/proto_tests" "--gtest_filter=SetTest.Remove" "--gtest_also_run_disabled_tests"
Directory: /home/gamarino/Documentos/proyectos/protoCore/build_check/test
"SetTest.Remove" start time: Jan 24 10:04 -03
Output:
----------------------------------------------------------
Running main() from /home/gamarino/Documentos/proyectos/protoCore/build_check/_deps/googletest-src/googletest/src/gtest_main.cc
Note: Google Test filter = SetTest.Remove
[==========] Running 1 test from 1 test suite.
[----------] Global test environment set-up.
[----------] 1 test from SetTest
[ RUN      ] SetTest.Remove
[       OK ] SetTest.Remove (0 ms)
[----------] 1 test from SetTest (0 ms total)

[----------] Global test environment tear-down
[==========] 1 test from 1 test suite ran. (0 ms total)
[  PASSED  ] 1 test.
<end of output>
Test time =   0.00 sec
----------------------------------------------------------
Test Passed.
"SetTest.Remove" end time: Jan 24 10:04 -03
"SetTest.Remove" time elapsed: 00:00:00
----------------------------------------------------------

36/50 Testing: SetTest.RemoveNonExistent
36/50 Test: SetTest.RemoveNonExistent
Command: "/home/gamarino/Documentos/proyectos/protoCore/build_check/test/proto_tests" "--gtest_filter=SetTest.RemoveNonExistent" "--gtest_also_run_disabled_tests"
Directory: /home/gamarino/Documentos/proyectos/protoCore/build_check/test
"SetTest.RemoveNonExistent" start time: Jan 24 10:04 -03
Output:
----------------------------------------------------------
Running main() from /home/gamarino/Documentos/proyectos/protoCore/build_check/_deps/googletest-src/googletest/src/gtest_main.cc
Note: Google Test filter = SetTest.RemoveNonExistent
[==========] Running 1 test from 1 test suite.
[----------] Global test environment set-up.
[----------] 1 test from SetTest
[ RUN      ] SetTest.RemoveNonExistent
[       OK ] SetTest.RemoveNonExistent (0 ms)
[----------] 1 test from SetTest (0 ms total)

[----------] Global test environment tear-down
[==========] 1 test from 1 test suite ran. (0 ms total)
[  PASSED  ] 1 test.
<end of output>
Test time =   0.00 sec
----------------------------------------------------------
Test Passed.
"SetTest.RemoveNonExistent" end time: Jan 24 10:04 -03
"SetTest.RemoveNonExistent" time elapsed: 00:00:00
----------------------------------------------------------

37/50 Testing: MultisetTest.CreateEmptyMultiset
37/50 Test: MultisetTest.CreateEmptyMultiset
Command: "/home/gamarino/Documentos/proyectos/protoCore/build_check/test/proto_tests" "--gtest_filter=MultisetTest.CreateEmptyMultiset" "--gtest_also_run_disabled_tests"
Directory: /home/gamarino/Documentos/proyectos/protoCore/build_check/test
"MultisetTest.CreateEmptyMultiset" start time: Jan 24 10:04 -03
Output:
----------------------------------------------------------
Running main() from /home/gamarino/Documentos/proyectos/protoCore/build_check/_deps/googletest-src/googletest/src/gtest_main.cc
Note: Google Test filter = MultisetTest.CreateEmptyMultiset
[==========] Running 1 test from 1 test suite.
[----------] Global test environment set-up.
[----------] 1 test from MultisetTest
[ RUN      ] MultisetTest.CreateEmptyMultiset
[       OK ] MultisetTest.CreateEmptyMultiset (0 ms)
[----------] 1 test from MultisetTest (0 ms total)

[----------] Global test environment tear-down
[==========] 1 test from 1 test suite ran. (0 ms total)
[  PASSED  ] 1 test.
<end of output>
Test time =   0.00 sec
----------------------------------------------------------
Test Passed.
"MultisetTest.CreateEmptyMultiset" end time: Jan 24 10:04 -03
"MultisetTest.CreateEmptyMultiset" time elapsed: 00:00:00
----------------------------------------------------------

38/50 Testing: MultisetTest.AddAndCount
38/50 Test: MultisetTest.AddAndCount
Command: "/home/gamarino/Documentos/proyectos/protoCore/build_check/test/proto_tests" "--gtest_filter=MultisetTest.AddAndCount" "--gtest_also_run_disabled_tests"
Directory: /home/gamarino/Documentos/proyectos/protoCore/build_check/test
"MultisetTest.AddAndCount" start time: Jan 24 10:04 -03
Output:
----------------------------------------------------------
Running main() from /home/gamarino/Documentos/proyectos/protoCore/build_check/_deps/googletest-src/googletest/src/gtest_main.cc
Note: Google Test filter = MultisetTest.AddAndCount
[==========] Running 1 test from 1 test suite.
[----------] Global test environment set-up.
[----------] 1 test from MultisetTest
[ RUN      ] MultisetTest.AddAndCount
[       OK ] MultisetTest.AddAndCount (0 ms)
[----------] 1 test from MultisetTest (0 ms total)

[----------] Global test environment tear-down
[==========] 1 test from 1 test suite ran. (0 ms total)
[  PASSED  ] 1 test.
<end of output>
Test time =   0.00 sec
----------------------------------------------------------
Test Passed.
"MultisetTest.AddAndCount" end time: Jan 24 10:04 -03
"MultisetTest.AddAndCount" time elapsed: 00:00:00
----------------------------------------------------------

39/50 Testing: MultisetTest.Remove
39/50 Test: MultisetTest.Remove
Command: "/home/gamarino/Documentos/proyectos/protoCore/build_check/test/proto_tests" "--gtest_filter=MultisetTest.Remove" "--gtest_also_run_disabled_tests"
Directory: /home/gamarino/Documentos/proyectos/protoCore/build_check/test
"MultisetTest.Remove" start time: Jan 24 10:04 -03
Output:
----------------------------------------------------------
Running main() from /home/gamarino/Documentos/proyectos/protoCore/build_check/_deps/googletest-src/googletest/src/gtest_main.cc
Note: Google Test filter = MultisetTest.Remove
[==========] Running 1 test from 1 test suite.
[----------] Global test environment set-up.
[----------] 1 test from MultisetTest
[ RUN      ] MultisetTest.Remove
[       OK ] MultisetTest.Remove (0 ms)
[----------] 1 test from MultisetTest (0 ms total)

[----------] Global test environment tear-down
[==========] 1 test from 1 test suite ran. (0 ms total)
[  PASSED  ] 1 test.
<end of output>
Test time =   0.00 sec
----------------------------------------------------------
Test Passed.
"MultisetTest.Remove" end time: Jan 24 10:04 -03
"MultisetTest.Remove" time elapsed: 00:00:00
----------------------------------------------------------

40/50 Testing: MultisetTest.RemoveNonExistent
40/50 Test: MultisetTest.RemoveNonExistent
Command: "/home/gamarino/Documentos/proyectos/protoCore/build_check/test/proto_tests" "--gtest_filter=MultisetTest.RemoveNonExistent" "--gtest_also_run_disabled_tests"
Directory: /home/gamarino/Documentos/proyectos/protoCore/build_check/test
"MultisetTest.RemoveNonExistent" start time: Jan 24 10:04 -03
Output:
----------------------------------------------------------
Running main() from /home/gamarino/Documentos/proyectos/protoCore/build_check/_deps/googletest-src/googletest/src/gtest_main.cc
Note: Google Test filter = MultisetTest.RemoveNonExistent
[==========] Running 1 test from 1 test suite.
[----------] Global test environment set-up.
[----------] 1 test from MultisetTest
[ RUN      ] MultisetTest.RemoveNonExistent
[       OK ] MultisetTest.RemoveNonExistent (0 ms)
[----------] 1 test from MultisetTest (0 ms total)

[----------] Global test environment tear-down
[==========] 1 test from 1 test suite ran. (0 ms total)
[  PASSED  ] 1 test.
<end of output>
Test time =   0.00 sec
----------------------------------------------------------
Test Passed.
"MultisetTest.RemoveNonExistent" end time: Jan 24 10:04 -03
"MultisetTest.RemoveNonExistent" time elapsed: 00:00:00
----------------------------------------------------------

41/50 Testing: SparseListTest.CreationAndSize
41/50 Test: SparseListTest.CreationAndSize
Command: "/home/gamarino/Documentos/proyectos/protoCore/build_check/test/proto_tests" "--gtest_filter=SparseListTest.CreationAndSize" "--gtest_also_run_disabled_tests"
Directory: /home/gamarino/Documentos/proyectos/protoCore/build_check/test
"SparseListTest.CreationAndSize" start time: Jan 24 10:04 -03
Output:
----------------------------------------------------------
Running main() from /home/gamarino/Documentos/proyectos/protoCore/build_check/_deps/googletest-src/googletest/src/gtest_main.cc
Note: Google Test filter = SparseListTest.CreationAndSize
[==========] Running 1 test from 1 test suite.
[----------] Global test environment set-up.
[----------] 1 test from SparseListTest
[ RUN      ] SparseListTest.CreationAndSize
[       OK ] SparseListTest.CreationAndSize (0 ms)
[----------] 1 test from SparseListTest (0 ms total)

[----------] Global test environment tear-down
[==========] 1 test from 1 test suite ran. (0 ms total)
[  PASSED  ] 1 test.
<end of output>
Test time =   0.00 sec
----------------------------------------------------------
Test Passed.
"SparseListTest.CreationAndSize" end time: Jan 24 10:04 -03
"SparseListTest.CreationAndSize" time elapsed: 00:00:00
----------------------------------------------------------

42/50 Testing: SparseListTest.SetAndGet
42/50 Test: SparseListTest.SetAndGet
Command: "/home/gamarino/Documentos/proyectos/protoCore/build_check/test/proto_tests" "--gtest_filter=SparseListTest.SetAndGet" "--gtest_also_run_disabled_tests"
Directory: /home/gamarino/Documentos/proyectos/protoCore/build_check/test
"SparseListTest.SetAndGet" start time: Jan 24 10:04 -03
Output:
----------------------------------------------------------
Running main() from /home/gamarino/Documentos/proyectos/protoCore/build_check/_deps/googletest-src/googletest/src/gtest_main.cc
Note: Google Test filter = SparseListTest.SetAndGet
[==========] Running 1 test from 1 test suite.
[----------] Global test environment set-up.
[----------] 1 test from SparseListTest
[ RUN      ] SparseListTest.SetAndGet
[       OK ] SparseListTest.SetAndGet (0 ms)
[----------] 1 test from SparseListTest (0 ms total)

[----------] Global test environment tear-down
[==========] 1 test from 1 test suite ran. (0 ms total)
[  PASSED  ] 1 test.
<end of output>
Test time =   0.00 sec
----------------------------------------------------------
Test Passed.
"SparseListTest.SetAndGet" end time: Jan 24 10:04 -03
"SparseListTest.SetAndGet" time elapsed: 00:00:00
----------------------------------------------------------

43/50 Testing: SparseListTest.UseAsStringKeys
43/50 Test: SparseListTest.UseAsStringKeys
Command: "/home/gamarino/Documentos/proyectos/protoCore/build_check/test/proto_tests" "--gtest_filter=SparseListTest.UseAsStringKeys" "--gtest_also_run_disabled_tests"
Directory: /home/gamarino/Documentos/proyectos/protoCore/build_check/test
"SparseListTest.UseAsStringKeys" start time: Jan 24 10:04 -03
Output:
----------------------------------------------------------
Running main() from /home/gamarino/Documentos/proyectos/protoCore/build_check/_deps/googletest-src/googletest/src/gtest_main.cc
Note: Google Test filter = SparseListTest.UseAsStringKeys
[==========] Running 1 test from 1 test suite.
[----------] Global test environment set-up.
[----------] 1 test from SparseListTest
[ RUN      ] SparseListTest.UseAsStringKeys
[       OK ] SparseListTest.UseAsStringKeys (0 ms)
[----------] 1 test from SparseListTest (0 ms total)

[----------] Global test environment tear-down
[==========] 1 test from 1 test suite ran. (0 ms total)
[  PASSED  ] 1 test.
<end of output>
Test time =   0.00 sec
----------------------------------------------------------
Test Passed.
"SparseListTest.UseAsStringKeys" end time: Jan 24 10:04 -03
"SparseListTest.UseAsStringKeys" time elapsed: 00:00:00
----------------------------------------------------------

44/50 Testing: SparseListTest.ImmutabilityOnSet
44/50 Test: SparseListTest.ImmutabilityOnSet
Command: "/home/gamarino/Documentos/proyectos/protoCore/build_check/test/proto_tests" "--gtest_filter=SparseListTest.ImmutabilityOnSet" "--gtest_also_run_disabled_tests"
Directory: /home/gamarino/Documentos/proyectos/protoCore/build_check/test
"SparseListTest.ImmutabilityOnSet" start time: Jan 24 10:04 -03
Output:
----------------------------------------------------------
Running main() from /home/gamarino/Documentos/proyectos/protoCore/build_check/_deps/googletest-src/googletest/src/gtest_main.cc
Note: Google Test filter = SparseListTest.ImmutabilityOnSet
[==========] Running 1 test from 1 test suite.
[----------] Global test environment set-up.
[----------] 1 test from SparseListTest
[ RUN      ] SparseListTest.ImmutabilityOnSet
[       OK ] SparseListTest.ImmutabilityOnSet (0 ms)
[----------] 1 test from SparseListTest (0 ms total)

[----------] Global test environment tear-down
[==========] 1 test from 1 test suite ran. (0 ms total)
[  PASSED  ] 1 test.
<end of output>
Test time =   0.00 sec
----------------------------------------------------------
Test Passed.
"SparseListTest.ImmutabilityOnSet" end time: Jan 24 10:04 -03
"SparseListTest.ImmutabilityOnSet" time elapsed: 00:00:00
----------------------------------------------------------

45/50 Testing: SparseListTest.RemoveAt
45/50 Test: SparseListTest.RemoveAt
Command: "/home/gamarino/Documentos/proyectos/protoCore/build_check/test/proto_tests" "--gtest_filter=SparseListTest.RemoveAt" "--gtest_also_run_disabled_tests"
Directory: /home/gamarino/Documentos/proyectos/protoCore/build_check/test
"SparseListTest.RemoveAt" start time: Jan 24 10:04 -03
Output:
----------------------------------------------------------
Running main() from /home/gamarino/Documentos/proyectos/protoCore/build_check/_deps/googletest-src/googletest/src/gtest_main.cc
Note: Google Test filter = SparseListTest.RemoveAt
[==========] Running 1 test from 1 test suite.
[----------] Global test environment set-up.
[----------] 1 test from SparseListTest
[ RUN      ] SparseListTest.RemoveAt
[       OK ] SparseListTest.RemoveAt (0 ms)
[----------] 1 test from SparseListTest (0 ms total)

[----------] Global test environment tear-down
[==========] 1 test from 1 test suite ran. (0 ms total)
[  PASSED  ] 1 test.
<end of output>
Test time =   0.00 sec
----------------------------------------------------------
Test Passed.
"SparseListTest.RemoveAt" end time: Jan 24 10:04 -03
"SparseListTest.RemoveAt" time elapsed: 00:00:00
----------------------------------------------------------

46/50 Testing: TupleTest.CreationAndSize
46/50 Test: TupleTest.CreationAndSize
Command: "/home/gamarino/Documentos/proyectos/protoCore/build_check/test/proto_tests" "--gtest_filter=TupleTest.CreationAndSize" "--gtest_also_run_disabled_tests"
Directory: /home/gamarino/Documentos/proyectos/protoCore/build_check/test
"TupleTest.CreationAndSize" start time: Jan 24 10:04 -03
Output:
----------------------------------------------------------
Running main() from /home/gamarino/Documentos/proyectos/protoCore/build_check/_deps/googletest-src/googletest/src/gtest_main.cc
Note: Google Test filter = TupleTest.CreationAndSize
[==========] Running 1 test from 1 test suite.
[----------] Global test environment set-up.
[----------] 1 test from TupleTest
[ RUN      ] TupleTest.CreationAndSize
[       OK ] TupleTest.CreationAndSize (0 ms)
[----------] 1 test from TupleTest (0 ms total)

[----------] Global test environment tear-down
[==========] 1 test from 1 test suite ran. (0 ms total)
[  PASSED  ] 1 test.
<end of output>
Test time =   0.00 sec
----------------------------------------------------------
Test Passed.
"TupleTest.CreationAndSize" end time: Jan 24 10:04 -03
"TupleTest.CreationAndSize" time elapsed: 00:00:00
----------------------------------------------------------

47/50 Testing: TupleTest.CreationFromList
47/50 Test: TupleTest.CreationFromList
Command: "/home/gamarino/Documentos/proyectos/protoCore/build_check/test/proto_tests" "--gtest_filter=TupleTest.CreationFromList" "--gtest_also_run_disabled_tests"
Directory: /home/gamarino/Documentos/proyectos/protoCore/build_check/test
"TupleTest.CreationFromList" start time: Jan 24 10:04 -03
Output:
----------------------------------------------------------
Running main() from /home/gamarino/Documentos/proyectos/protoCore/build_check/_deps/googletest-src/googletest/src/gtest_main.cc
Note: Google Test filter = TupleTest.CreationFromList
[==========] Running 1 test from 1 test suite.
[----------] Global test environment set-up.
[----------] 1 test from TupleTest
[ RUN      ] TupleTest.CreationFromList
[       OK ] TupleTest.CreationFromList (0 ms)
[----------] 1 test from TupleTest (0 ms total)

[----------] Global test environment tear-down
[==========] 1 test from 1 test suite ran. (0 ms total)
[  PASSED  ] 1 test.
<end of output>
Test time =   0.00 sec
----------------------------------------------------------
Test Passed.
"TupleTest.CreationFromList" end time: Jan 24 10:04 -03
"TupleTest.CreationFromList" time elapsed: 00:00:00
----------------------------------------------------------

48/50 Testing: TupleTest.GetAt
48/50 Test: TupleTest.GetAt
Command: "/home/gamarino/Documentos/proyectos/protoCore/build_check/test/proto_tests" "--gtest_filter=TupleTest.GetAt" "--gtest_also_run_disabled_tests"
Directory: /home/gamarino/Documentos/proyectos/protoCore/build_check/test
"TupleTest.GetAt" start time: Jan 24 10:04 -03
Output:
----------------------------------------------------------
Running main() from /home/gamarino/Documentos/proyectos/protoCore/build_check/_deps/googletest-src/googletest/src/gtest_main.cc
Note: Google Test filter = TupleTest.GetAt
[==========] Running 1 test from 1 test suite.
[----------] Global test environment set-up.
[----------] 1 test from TupleTest
[ RUN      ] TupleTest.GetAt
[       OK ] TupleTest.GetAt (0 ms)
[----------] 1 test from TupleTest (0 ms total)

[----------] Global test environment tear-down
[==========] 1 test from 1 test suite ran. (0 ms total)
[  PASSED  ] 1 test.
<end of output>
Test time =   0.00 sec
----------------------------------------------------------
Test Passed.
"TupleTest.GetAt" end time: Jan 24 10:04 -03
"TupleTest.GetAt" time elapsed: 00:00:00
----------------------------------------------------------

49/50 Testing: TupleTest.Interning
49/50 Test: TupleTest.Interning
Command: "/home/gamarino/Documentos/proyectos/protoCore/build_check/test/proto_tests" "--gtest_filter=TupleTest.Interning" "--gtest_also_run_disabled_tests"
Directory: /home/gamarino/Documentos/proyectos/protoCore/build_check/test
"TupleTest.Interning" start time: Jan 24 10:04 -03
Output:
----------------------------------------------------------
Running main() from /home/gamarino/Documentos/proyectos/protoCore/build_check/_deps/googletest-src/googletest/src/gtest_main.cc
Note: Google Test filter = TupleTest.Interning
[==========] Running 1 test from 1 test suite.
[----------] Global test environment set-up.
[----------] 1 test from TupleTest
[ RUN      ] TupleTest.Interning
[       OK ] TupleTest.Interning (0 ms)
[----------] 1 test from TupleTest (0 ms total)

[----------] Global test environment tear-down
[==========] 1 test from 1 test suite ran. (0 ms total)
[  PASSED  ] 1 test.
<end of output>
Test time =   0.00 sec
----------------------------------------------------------
Test Passed.
"TupleTest.Interning" end time: Jan 24 10:04 -03
"TupleTest.Interning" time elapsed: 00:00:00
----------------------------------------------------------

50/50 Testing: TupleTest.GetSlice
50/50 Test: TupleTest.GetSlice
Command: "/home/gamarino/Documentos/proyectos/protoCore/build_check/test/proto_tests" "--gtest_filter=TupleTest.GetSlice" "--gtest_also_run_disabled_tests"
Directory: /home/gamarino/Documentos/proyectos/protoCore/build_check/test
"TupleTest.GetSlice" start time: Jan 24 10:04 -03
Output:
----------------------------------------------------------
Running main() from /home/gamarino/Documentos/proyectos/protoCore/build_check/_deps/googletest-src/googletest/src/gtest_main.cc
Note: Google Test filter = TupleTest.GetSlice
[==========] Running 1 test from 1 test suite.
[----------] Global test environment set-up.
[----------] 1 test from TupleTest
[ RUN      ] TupleTest.GetSlice
[       OK ] TupleTest.GetSlice (0 ms)
[----------] 1 test from TupleTest (0 ms total)

[----------] Global test environment tear-down
[==========] 1 test from 1 test suite ran. (0 ms total)
[  PASSED  ] 1 test.
<end of output>
Test time =   0.00 sec
----------------------------------------------------------
Test Passed.
"TupleTest.GetSlice" end time: Jan 24 10:04 -03
"TupleTest.GetSlice" time elapsed: 00:00:00
----------------------------------------------------------

End testing: Jan 24 10:04 -03
